<?xml version="1.0" encoding="UTF-8"?>
<coverage generated="1770236966764" clover="3.2.0">
  <project timestamp="1770236966764" name="All files">
    <metrics statements="1188" coveredstatements="432" conditionals="853" coveredconditionals="237" methods="298" coveredmethods="106" elements="2339" coveredelements="775" complexity="0" loc="1188" ncloc="1188" packages="5" files="17" classes="17"/>
    <package name="src">
      <metrics statements="369" coveredstatements="0" conditionals="238" coveredconditionals="0" methods="89" coveredmethods="0"/>
      <file name="App-refactored.jsx" path="C:\Users\thist\InsightEngine_Desktop\src\App-refactored.jsx">
        <metrics statements="117" coveredstatements="0" conditionals="41" coveredconditionals="0" methods="34" coveredmethods="0"/>
        <line num="15" count="0" type="stmt"/>
        <line num="16" count="0" type="stmt"/>
        <line num="17" count="0" type="stmt"/>
        <line num="18" count="0" type="stmt"/>
        <line num="19" count="0" type="stmt"/>
        <line num="20" count="0" type="stmt"/>
        <line num="21" count="0" type="stmt"/>
        <line num="22" count="0" type="stmt"/>
        <line num="25" count="0" type="stmt"/>
        <line num="26" count="0" type="stmt"/>
        <line num="27" count="0" type="stmt"/>
        <line num="30" count="0" type="stmt"/>
        <line num="31" count="0" type="stmt"/>
        <line num="32" count="0" type="stmt"/>
        <line num="35" count="0" type="stmt"/>
        <line num="36" count="0" type="stmt"/>
        <line num="37" count="0" type="stmt"/>
        <line num="38" count="0" type="stmt"/>
        <line num="40" count="0" type="stmt"/>
        <line num="46" count="0" type="stmt"/>
        <line num="50" count="0" type="stmt"/>
        <line num="51" count="0" type="stmt"/>
        <line num="53" count="0" type="stmt"/>
        <line num="54" count="0" type="cond" truecount="0" falsecount="2"/>
        <line num="55" count="0" type="stmt"/>
        <line num="56" count="0" type="cond" truecount="0" falsecount="4"/>
        <line num="58" count="0" type="stmt"/>
        <line num="63" count="0" type="stmt"/>
        <line num="64" count="0" type="stmt"/>
        <line num="65" count="0" type="stmt"/>
        <line num="66" count="0" type="stmt"/>
        <line num="67" count="0" type="stmt"/>
        <line num="68" count="0" type="stmt"/>
        <line num="73" count="0" type="stmt"/>
        <line num="74" count="0" type="stmt"/>
        <line num="75" count="0" type="stmt"/>
        <line num="77" count="0" type="stmt"/>
        <line num="78" count="0" type="stmt"/>
        <line num="79" count="0" type="stmt"/>
        <line num="82" count="0" type="stmt"/>
        <line num="88" count="0" type="stmt"/>
        <line num="90" count="0" type="stmt"/>
        <line num="95" count="0" type="stmt"/>
        <line num="99" count="0" type="stmt"/>
        <line num="100" count="0" type="stmt"/>
        <line num="101" count="0" type="stmt"/>
        <line num="102" count="0" type="stmt"/>
        <line num="104" count="0" type="stmt"/>
        <line num="105" count="0" type="stmt"/>
        <line num="110" count="0" type="stmt"/>
        <line num="111" count="0" type="stmt"/>
        <line num="112" count="0" type="stmt"/>
        <line num="116" count="0" type="stmt"/>
        <line num="117" count="0" type="cond" truecount="0" falsecount="4"/>
        <line num="119" count="0" type="stmt"/>
        <line num="120" count="0" type="stmt"/>
        <line num="121" count="0" type="stmt"/>
        <line num="122" count="0" type="stmt"/>
        <line num="124" count="0" type="stmt"/>
        <line num="126" count="0" type="stmt"/>
        <line num="127" count="0" type="stmt"/>
        <line num="131" count="0" type="stmt"/>
        <line num="134" count="0" type="stmt"/>
        <line num="137" count="0" type="stmt"/>
        <line num="138" count="0" type="cond" truecount="0" falsecount="2"/>
        <line num="139" count="0" type="stmt"/>
        <line num="142" count="0" type="stmt"/>
        <line num="143" count="0" type="stmt"/>
        <line num="146" count="0" type="stmt"/>
        <line num="149" count="0" type="stmt"/>
        <line num="154" count="0" type="stmt"/>
        <line num="158" count="0" type="stmt"/>
        <line num="159" count="0" type="cond" truecount="0" falsecount="4"/>
        <line num="161" count="0" type="stmt"/>
        <line num="162" count="0" type="stmt"/>
        <line num="164" count="0" type="stmt"/>
        <line num="165" count="0" type="cond" truecount="0" falsecount="5"/>
        <line num="173" count="0" type="stmt"/>
        <line num="174" count="0" type="stmt"/>
        <line num="175" count="0" type="stmt"/>
        <line num="176" count="0" type="stmt"/>
        <line num="177" count="0" type="cond" truecount="0" falsecount="2"/>
        <line num="178" count="0" type="stmt"/>
        <line num="179" count="0" type="stmt"/>
        <line num="182" count="0" type="cond" truecount="0" falsecount="2"/>
        <line num="184" count="0" type="cond" truecount="0" falsecount="2"/>
        <line num="187" count="0" type="stmt"/>
        <line num="190" count="0" type="stmt"/>
        <line num="191" count="0" type="stmt"/>
        <line num="192" count="0" type="stmt"/>
        <line num="195" count="0" type="cond" truecount="0" falsecount="2"/>
        <line num="196" count="0" type="cond" truecount="0" falsecount="2"/>
        <line num="198" count="0" type="stmt"/>
        <line num="199" count="0" type="cond" truecount="0" falsecount="2"/>
        <line num="200" count="0" type="stmt"/>
        <line num="203" count="0" type="stmt"/>
        <line num="204" count="0" type="stmt"/>
        <line num="205" count="0" type="stmt"/>
        <line num="207" count="0" type="stmt"/>
        <line num="208" count="0" type="stmt"/>
        <line num="209" count="0" type="stmt"/>
        <line num="213" count="0" type="stmt"/>
        <line num="214" count="0" type="stmt"/>
        <line num="217" count="0" type="stmt"/>
        <line num="224" count="0" type="stmt"/>
        <line num="231" count="0" type="stmt"/>
        <line num="237" count="0" type="stmt"/>
        <line num="240" count="0" type="stmt"/>
        <line num="241" count="0" type="stmt"/>
        <line num="246" count="0" type="stmt"/>
        <line num="250" count="0" type="stmt"/>
        <line num="253" count="0" type="stmt"/>
        <line num="254" count="0" type="stmt"/>
        <line num="257" count="0" type="stmt"/>
        <line num="258" count="0" type="stmt"/>
        <line num="261" count="0" type="stmt"/>
        <line num="300" count="0" type="stmt"/>
      </file>
      <file name="App.jsx" path="C:\Users\thist\InsightEngine_Desktop\src\App.jsx">
        <metrics statements="251" coveredstatements="0" conditionals="197" coveredconditionals="0" methods="55" coveredmethods="0"/>
        <line num="9" count="0" type="stmt"/>
        <line num="12" count="0" type="stmt"/>
        <line num="13" count="0" type="stmt"/>
        <line num="14" count="0" type="stmt"/>
        <line num="15" count="0" type="stmt"/>
        <line num="16" count="0" type="stmt"/>
        <line num="17" count="0" type="stmt"/>
        <line num="18" count="0" type="stmt"/>
        <line num="19" count="0" type="stmt"/>
        <line num="20" count="0" type="stmt"/>
        <line num="21" count="0" type="stmt"/>
        <line num="22" count="0" type="stmt"/>
        <line num="23" count="0" type="stmt"/>
        <line num="26" count="0" type="stmt"/>
        <line num="27" count="0" type="stmt"/>
        <line num="28" count="0" type="stmt"/>
        <line num="31" count="0" type="stmt"/>
        <line num="36" count="0" type="stmt"/>
        <line num="37" count="0" type="stmt"/>
        <line num="39" count="0" type="stmt"/>
        <line num="41" count="0" type="stmt"/>
        <line num="42" count="0" type="stmt"/>
        <line num="43" count="0" type="stmt"/>
        <line num="44" count="0" type="stmt"/>
        <line num="45" count="0" type="stmt"/>
        <line num="46" count="0" type="stmt"/>
        <line num="47" count="0" type="stmt"/>
        <line num="48" count="0" type="stmt"/>
        <line num="51" count="0" type="stmt"/>
        <line num="52" count="0" type="stmt"/>
        <line num="54" count="0" type="stmt"/>
        <line num="55" count="0" type="stmt"/>
        <line num="57" count="0" type="stmt"/>
        <line num="60" count="0" type="stmt"/>
        <line num="61" count="0" type="stmt"/>
        <line num="62" count="0" type="stmt"/>
        <line num="65" count="0" type="stmt"/>
        <line num="66" count="0" type="stmt"/>
        <line num="67" count="0" type="stmt"/>
        <line num="68" count="0" type="cond" truecount="0" falsecount="2"/>
        <line num="69" count="0" type="cond" truecount="0" falsecount="4"/>
        <line num="70" count="0" type="stmt"/>
        <line num="75" count="0" type="stmt"/>
        <line num="76" count="0" type="stmt"/>
        <line num="77" count="0" type="stmt"/>
        <line num="78" count="0" type="stmt"/>
        <line num="79" count="0" type="stmt"/>
        <line num="80" count="0" type="stmt"/>
        <line num="84" count="0" type="stmt"/>
        <line num="85" count="0" type="stmt"/>
        <line num="86" count="0" type="cond" truecount="0" falsecount="4"/>
        <line num="87" count="0" type="stmt"/>
        <line num="88" count="0" type="stmt"/>
        <line num="89" count="0" type="stmt"/>
        <line num="90" count="0" type="stmt"/>
        <line num="91" count="0" type="stmt"/>
        <line num="94" count="0" type="stmt"/>
        <line num="95" count="0" type="stmt"/>
        <line num="96" count="0" type="stmt"/>
        <line num="98" count="0" type="stmt"/>
        <line num="99" count="0" type="stmt"/>
        <line num="100" count="0" type="stmt"/>
        <line num="101" count="0" type="stmt"/>
        <line num="104" count="0" type="cond" truecount="0" falsecount="2"/>
        <line num="105" count="0" type="stmt"/>
        <line num="109" count="0" type="stmt"/>
        <line num="112" count="0" type="stmt"/>
        <line num="114" count="0" type="stmt"/>
        <line num="116" count="0" type="stmt"/>
        <line num="119" count="0" type="stmt"/>
        <line num="120" count="0" type="stmt"/>
        <line num="122" count="0" type="cond" truecount="0" falsecount="4"/>
        <line num="123" count="0" type="stmt"/>
        <line num="124" count="0" type="cond" truecount="0" falsecount="2"/>
        <line num="125" count="0" type="stmt"/>
        <line num="126" count="0" type="stmt"/>
        <line num="131" count="0" type="stmt"/>
        <line num="137" count="0" type="stmt"/>
        <line num="148" count="0" type="cond" truecount="0" falsecount="2"/>
        <line num="150" count="0" type="stmt"/>
        <line num="151" count="0" type="stmt"/>
        <line num="154" count="0" type="stmt"/>
        <line num="155" count="0" type="stmt"/>
        <line num="157" count="0" type="stmt"/>
        <line num="158" count="0" type="stmt"/>
        <line num="162" count="0" type="stmt"/>
        <line num="163" count="0" type="stmt"/>
        <line num="164" count="0" type="stmt"/>
        <line num="167" count="0" type="stmt"/>
        <line num="168" count="0" type="cond" truecount="0" falsecount="4"/>
        <line num="169" count="0" type="stmt"/>
        <line num="171" count="0" type="stmt"/>
        <line num="174" count="0" type="stmt"/>
        <line num="175" count="0" type="stmt"/>
        <line num="178" count="0" type="stmt"/>
        <line num="179" count="0" type="stmt"/>
        <line num="180" count="0" type="stmt"/>
        <line num="181" count="0" type="stmt"/>
        <line num="183" count="0" type="cond" truecount="0" falsecount="2"/>
        <line num="184" count="0" type="stmt"/>
        <line num="188" count="0" type="stmt"/>
        <line num="189" count="0" type="stmt"/>
        <line num="190" count="0" type="stmt"/>
        <line num="191" count="0" type="stmt"/>
        <line num="192" count="0" type="cond" truecount="0" falsecount="2"/>
        <line num="193" count="0" type="stmt"/>
        <line num="194" count="0" type="stmt"/>
        <line num="199" count="0" type="cond" truecount="0" falsecount="2"/>
        <line num="200" count="0" type="cond" truecount="0" falsecount="2"/>
        <line num="201" count="0" type="cond" truecount="0" falsecount="2"/>
        <line num="206" count="0" type="cond" truecount="0" falsecount="2"/>
        <line num="207" count="0" type="stmt"/>
        <line num="211" count="0" type="cond" truecount="0" falsecount="2"/>
        <line num="212" count="0" type="cond" truecount="0" falsecount="2"/>
        <line num="214" count="0" type="cond" truecount="0" falsecount="2"/>
        <line num="218" count="0" type="stmt"/>
        <line num="219" count="0" type="stmt"/>
        <line num="220" count="0" type="stmt"/>
        <line num="221" count="0" type="stmt"/>
        <line num="222" count="0" type="stmt"/>
        <line num="223" count="0" type="stmt"/>
        <line num="226" count="0" type="stmt"/>
        <line num="227" count="0" type="cond" truecount="0" falsecount="2"/>
        <line num="228" count="0" type="stmt"/>
        <line num="229" count="0" type="stmt"/>
        <line num="230" count="0" type="cond" truecount="0" falsecount="2"/>
        <line num="231" count="0" type="stmt"/>
        <line num="233" count="0" type="stmt"/>
        <line num="234" count="0" type="cond" truecount="0" falsecount="2"/>
        <line num="237" count="0" type="stmt"/>
        <line num="238" count="0" type="stmt"/>
        <line num="239" count="0" type="stmt"/>
        <line num="243" count="0" type="stmt"/>
        <line num="244" count="0" type="stmt"/>
        <line num="245" count="0" type="stmt"/>
        <line num="249" count="0" type="stmt"/>
        <line num="250" count="0" type="cond" truecount="0" falsecount="2"/>
        <line num="251" count="0" type="stmt"/>
        <line num="252" count="0" type="stmt"/>
        <line num="253" count="0" type="stmt"/>
        <line num="254" count="0" type="stmt"/>
        <line num="260" count="0" type="stmt"/>
        <line num="264" count="0" type="stmt"/>
        <line num="268" count="0" type="stmt"/>
        <line num="275" count="0" type="stmt"/>
        <line num="285" count="0" type="stmt"/>
        <line num="286" count="0" type="stmt"/>
        <line num="289" count="0" type="stmt"/>
        <line num="300" count="0" type="stmt"/>
        <line num="303" count="0" type="stmt"/>
        <line num="304" count="0" type="stmt"/>
        <line num="306" count="0" type="stmt"/>
        <line num="309" count="0" type="stmt"/>
        <line num="310" count="0" type="cond" truecount="0" falsecount="4"/>
        <line num="313" count="0" type="stmt"/>
        <line num="314" count="0" type="stmt"/>
        <line num="316" count="0" type="stmt"/>
        <line num="320" count="0" type="stmt"/>
        <line num="321" count="0" type="stmt"/>
        <line num="322" count="0" type="stmt"/>
        <line num="323" count="0" type="stmt"/>
        <line num="324" count="0" type="stmt"/>
        <line num="325" count="0" type="stmt"/>
        <line num="326" count="0" type="stmt"/>
        <line num="327" count="0" type="stmt"/>
        <line num="328" count="0" type="stmt"/>
        <line num="331" count="0" type="stmt"/>
        <line num="332" count="0" type="stmt"/>
        <line num="333" count="0" type="cond" truecount="0" falsecount="2"/>
        <line num="336" count="0" type="stmt"/>
        <line num="337" count="0" type="cond" truecount="0" falsecount="2"/>
        <line num="339" count="0" type="stmt"/>
        <line num="340" count="0" type="stmt"/>
        <line num="341" count="0" type="stmt"/>
        <line num="343" count="0" type="stmt"/>
        <line num="344" count="0" type="stmt"/>
        <line num="345" count="0" type="stmt"/>
        <line num="346" count="0" type="stmt"/>
        <line num="347" count="0" type="stmt"/>
        <line num="350" count="0" type="stmt"/>
        <line num="351" count="0" type="stmt"/>
        <line num="352" count="0" type="stmt"/>
        <line num="353" count="0" type="stmt"/>
        <line num="354" count="0" type="stmt"/>
        <line num="355" count="0" type="stmt"/>
        <line num="358" count="0" type="stmt"/>
        <line num="361" count="0" type="stmt"/>
        <line num="362" count="0" type="cond" truecount="0" falsecount="2"/>
        <line num="363" count="0" type="stmt"/>
        <line num="364" count="0" type="stmt"/>
        <line num="365" count="0" type="stmt"/>
        <line num="366" count="0" type="stmt"/>
        <line num="367" count="0" type="stmt"/>
        <line num="368" count="0" type="stmt"/>
        <line num="370" count="0" type="cond" truecount="0" falsecount="4"/>
        <line num="372" count="0" type="stmt"/>
        <line num="374" count="0" type="cond" truecount="0" falsecount="2"/>
        <line num="376" count="0" type="stmt"/>
        <line num="381" count="0" type="stmt"/>
        <line num="382" count="0" type="cond" truecount="0" falsecount="4"/>
        <line num="383" count="0" type="stmt"/>
        <line num="386" count="0" type="stmt"/>
        <line num="388" count="0" type="cond" truecount="0" falsecount="2"/>
        <line num="391" count="0" type="cond" truecount="0" falsecount="2"/>
        <line num="393" count="0" type="cond" truecount="0" falsecount="4"/>
        <line num="395" count="0" type="stmt"/>
        <line num="398" count="0" type="stmt"/>
        <line num="400" count="0" type="stmt"/>
        <line num="431" count="0" type="stmt"/>
        <line num="443" count="0" type="stmt"/>
        <line num="444" count="0" type="stmt"/>
        <line num="451" count="0" type="stmt"/>
        <line num="452" count="0" type="cond" truecount="0" falsecount="2"/>
        <line num="453" count="0" type="stmt"/>
        <line num="454" count="0" type="stmt"/>
        <line num="457" count="0" type="stmt"/>
        <line num="459" count="0" type="cond" truecount="0" falsecount="2"/>
        <line num="461" count="0" type="stmt"/>
        <line num="466" count="0" type="cond" truecount="0" falsecount="2"/>
        <line num="467" count="0" type="stmt"/>
        <line num="470" count="0" type="stmt"/>
        <line num="473" count="0" type="stmt"/>
        <line num="474" count="0" type="cond" truecount="0" falsecount="4"/>
        <line num="475" count="0" type="stmt"/>
        <line num="476" count="0" type="stmt"/>
        <line num="477" count="0" type="stmt"/>
        <line num="478" count="0" type="stmt"/>
        <line num="480" count="0" type="stmt"/>
        <line num="482" count="0" type="stmt"/>
        <line num="484" count="0" type="stmt"/>
        <line num="485" count="0" type="stmt"/>
        <line num="486" count="0" type="stmt"/>
        <line num="489" count="0" type="stmt"/>
        <line num="490" count="0" type="cond" truecount="0" falsecount="2"/>
        <line num="491" count="0" type="stmt"/>
        <line num="493" count="0" type="cond" truecount="0" falsecount="2"/>
        <line num="494" count="0" type="stmt"/>
        <line num="497" count="0" type="stmt"/>
        <line num="500" count="0" type="stmt"/>
        <line num="501" count="0" type="stmt"/>
        <line num="503" count="0" type="stmt"/>
        <line num="505" count="0" type="stmt"/>
        <line num="508" count="0" type="cond" truecount="0" falsecount="2"/>
        <line num="510" count="0" type="stmt"/>
        <line num="541" count="0" type="cond" truecount="0" falsecount="2"/>
        <line num="574" count="0" type="stmt"/>
        <line num="576" count="0" type="stmt"/>
        <line num="591" count="0" type="stmt"/>
        <line num="592" count="0" type="cond" truecount="0" falsecount="2"/>
        <line num="625" count="0" type="stmt"/>
        <line num="767" count="0" type="stmt"/>
      </file>
      <file name="main.jsx" path="C:\Users\thist\InsightEngine_Desktop\src\main.jsx">
        <metrics statements="1" coveredstatements="0" conditionals="0" coveredconditionals="0" methods="0" coveredmethods="0"/>
        <line num="6" count="0" type="stmt"/>
      </file>
    </package>
    <package name="src.components">
      <metrics statements="153" coveredstatements="0" conditionals="220" coveredconditionals="0" methods="43" coveredmethods="0"/>
      <file name="AppHeader.jsx" path="C:\Users\thist\InsightEngine_Desktop\src\components\AppHeader.jsx">
        <metrics statements="2" coveredstatements="0" conditionals="24" coveredconditionals="0" methods="1" coveredmethods="0"/>
        <line num="5" count="0" type="stmt"/>
        <line num="14" count="0" type="stmt"/>
      </file>
      <file name="ChartComponents.jsx" path="C:\Users\thist\InsightEngine_Desktop\src\components\ChartComponents.jsx">
        <metrics statements="5" coveredstatements="0" conditionals="13" coveredconditionals="0" methods="2" coveredmethods="0"/>
        <line num="3" count="0" type="stmt"/>
        <line num="4" count="0" type="cond" truecount="0" falsecount="5"/>
        <line num="5" count="0" type="stmt"/>
        <line num="16" count="0" type="stmt"/>
        <line num="29" count="0" type="stmt"/>
      </file>
      <file name="ChatSidebar.jsx" path="C:\Users\thist\InsightEngine_Desktop\src\components\ChatSidebar.jsx">
        <metrics statements="23" coveredstatements="0" conditionals="25" coveredconditionals="0" methods="10" coveredmethods="0"/>
        <line num="5" count="0" type="stmt"/>
        <line num="19" count="0" type="stmt"/>
        <line num="21" count="0" type="stmt"/>
        <line num="22" count="0" type="stmt"/>
        <line num="25" count="0" type="stmt"/>
        <line num="26" count="0" type="cond" truecount="0" falsecount="4"/>
        <line num="27" count="0" type="stmt"/>
        <line num="28" count="0" type="stmt"/>
        <line num="32" count="0" type="stmt"/>
        <line num="33" count="0" type="stmt"/>
        <line num="34" count="0" type="stmt"/>
        <line num="37" count="0" type="stmt"/>
        <line num="65" count="0" type="stmt"/>
        <line num="77" count="0" type="stmt"/>
        <line num="80" count="0" type="stmt"/>
        <line num="93" count="0" type="stmt"/>
        <line num="113" count="0" type="stmt"/>
        <line num="114" count="0" type="stmt"/>
        <line num="116" count="0" type="cond" truecount="0" falsecount="2"/>
        <line num="117" count="0" type="stmt"/>
        <line num="126" count="0" type="stmt"/>
        <line num="150" count="0" type="stmt"/>
        <line num="151" count="0" type="stmt"/>
      </file>
      <file name="DataChart.jsx" path="C:\Users\thist\InsightEngine_Desktop\src\components\DataChart.jsx">
        <metrics statements="13" coveredstatements="0" conditionals="14" coveredconditionals="0" methods="4" coveredmethods="0"/>
        <line num="6" count="0" type="stmt"/>
        <line num="7" count="0" type="cond" truecount="0" falsecount="4"/>
        <line num="14" count="0" type="stmt"/>
        <line num="15" count="0" type="cond" truecount="0" falsecount="2"/>
        <line num="17" count="0" type="stmt"/>
        <line num="18" count="0" type="stmt"/>
        <line num="22" count="0" type="stmt"/>
        <line num="23" count="0" type="stmt"/>
        <line num="24" count="0" type="stmt"/>
        <line num="32" count="0" type="cond" truecount="0" falsecount="2"/>
        <line num="34" count="0" type="stmt"/>
        <line num="59" count="0" type="stmt"/>
        <line num="78" count="0" type="cond" truecount="0" falsecount="2"/>
      </file>
      <file name="ExecutiveReport.jsx" path="C:\Users\thist\InsightEngine_Desktop\src\components\ExecutiveReport.jsx">
        <metrics statements="7" coveredstatements="0" conditionals="8" coveredconditionals="0" methods="4" coveredmethods="0"/>
        <line num="5" count="0" type="stmt"/>
        <line num="6" count="0" type="stmt"/>
        <line num="8" count="0" type="cond" truecount="0" falsecount="4"/>
        <line num="10" count="0" type="stmt"/>
        <line num="78" count="0" type="stmt"/>
        <line num="99" count="0" type="stmt"/>
        <line num="143" count="0" type="stmt"/>
      </file>
      <file name="FileUploader.jsx" path="C:\Users\thist\InsightEngine_Desktop\src\components\FileUploader.jsx">
        <metrics statements="39" coveredstatements="0" conditionals="38" coveredconditionals="0" methods="5" coveredmethods="0"/>
        <line num="6" count="0" type="stmt"/>
        <line num="7" count="0" type="stmt"/>
        <line num="8" count="0" type="stmt"/>
        <line num="10" count="0" type="stmt"/>
        <line num="11" count="0" type="cond" truecount="0" falsecount="4"/>
        <line num="13" count="0" type="stmt"/>
        <line num="14" count="0" type="stmt"/>
        <line num="17" count="0" type="stmt"/>
        <line num="18" count="0" type="cond" truecount="0" falsecount="2"/>
        <line num="19" count="0" type="stmt"/>
        <line num="20" count="0" type="stmt"/>
        <line num="24" count="0" type="stmt"/>
        <line num="25" count="0" type="stmt"/>
        <line num="26" count="0" type="stmt"/>
        <line num="28" count="0" type="cond" truecount="0" falsecount="2"/>
        <line num="29" count="0" type="stmt"/>
        <line num="30" count="0" type="stmt"/>
        <line num="34" count="0" type="cond" truecount="0" falsecount="2"/>
        <line num="35" count="0" type="stmt"/>
        <line num="39" count="0" type="stmt"/>
        <line num="40" count="0" type="stmt"/>
        <line num="43" count="0" type="stmt"/>
        <line num="47" count="0" type="stmt"/>
        <line num="48" count="0" type="stmt"/>
        <line num="49" count="0" type="stmt"/>
        <line num="50" count="0" type="cond" truecount="0" falsecount="4"/>
        <line num="51" count="0" type="stmt"/>
        <line num="52" count="0" type="cond" truecount="0" falsecount="2"/>
        <line num="53" count="0" type="stmt"/>
        <line num="57" count="0" type="stmt"/>
        <line num="58" count="0" type="stmt"/>
        <line num="59" count="0" type="stmt"/>
        <line num="60" count="0" type="stmt"/>
        <line num="62" count="0" type="cond" truecount="0" falsecount="4"/>
        <line num="63" count="0" type="stmt"/>
        <line num="67" count="0" type="stmt"/>
        <line num="68" count="0" type="cond" truecount="0" falsecount="4"/>
        <line num="69" count="0" type="stmt"/>
        <line num="73" count="0" type="stmt"/>
      </file>
      <file name="VisualizationPanel.jsx" path="C:\Users\thist\InsightEngine_Desktop\src\components\VisualizationPanel.jsx">
        <metrics statements="64" coveredstatements="0" conditionals="98" coveredconditionals="0" methods="17" coveredmethods="0"/>
        <line num="7" count="0" type="stmt"/>
        <line num="15" count="0" type="cond" truecount="0" falsecount="2"/>
        <line num="18" count="0" type="stmt"/>
        <line num="19" count="0" type="cond" truecount="0" falsecount="4"/>
        <line num="20" count="0" type="stmt"/>
        <line num="23" count="0" type="stmt"/>
        <line num="24" count="0" type="cond" truecount="0" falsecount="2"/>
        <line num="27" count="0" type="cond" truecount="0" falsecount="2"/>
        <line num="28" count="0" type="cond" truecount="0" falsecount="4"/>
        <line num="30" count="0" type="stmt"/>
        <line num="33" count="0" type="cond" truecount="0" falsecount="2"/>
        <line num="35" count="0" type="stmt"/>
        <line num="36" count="0" type="cond" truecount="0" falsecount="4"/>
        <line num="39" count="0" type="stmt"/>
        <line num="40" count="0" type="stmt"/>
        <line num="42" count="0" type="stmt"/>
        <line num="46" count="0" type="stmt"/>
        <line num="47" count="0" type="stmt"/>
        <line num="48" count="0" type="stmt"/>
        <line num="49" count="0" type="stmt"/>
        <line num="50" count="0" type="stmt"/>
        <line num="51" count="0" type="stmt"/>
        <line num="52" count="0" type="stmt"/>
        <line num="53" count="0" type="stmt"/>
        <line num="54" count="0" type="stmt"/>
        <line num="56" count="0" type="cond" truecount="0" falsecount="2"/>
        <line num="59" count="0" type="stmt"/>
        <line num="60" count="0" type="stmt"/>
        <line num="61" count="0" type="cond" truecount="0" falsecount="2"/>
        <line num="64" count="0" type="stmt"/>
        <line num="65" count="0" type="cond" truecount="0" falsecount="2"/>
        <line num="67" count="0" type="stmt"/>
        <line num="68" count="0" type="stmt"/>
        <line num="69" count="0" type="stmt"/>
        <line num="71" count="0" type="stmt"/>
        <line num="72" count="0" type="stmt"/>
        <line num="73" count="0" type="stmt"/>
        <line num="74" count="0" type="stmt"/>
        <line num="75" count="0" type="stmt"/>
        <line num="78" count="0" type="stmt"/>
        <line num="79" count="0" type="stmt"/>
        <line num="80" count="0" type="stmt"/>
        <line num="81" count="0" type="stmt"/>
        <line num="82" count="0" type="stmt"/>
        <line num="83" count="0" type="stmt"/>
        <line num="86" count="0" type="stmt"/>
        <line num="88" count="0" type="cond" truecount="0" falsecount="2"/>
        <line num="92" count="0" type="cond" truecount="0" falsecount="2"/>
        <line num="93" count="0" type="stmt"/>
        <line num="107" count="0" type="cond" truecount="0" falsecount="2"/>
        <line num="108" count="0" type="stmt"/>
        <line num="122" count="0" type="cond" truecount="0" falsecount="2"/>
        <line num="123" count="0" type="stmt"/>
        <line num="137" count="0" type="stmt"/>
        <line num="254" count="0" type="stmt"/>
        <line num="255" count="0" type="stmt"/>
        <line num="257" count="0" type="stmt"/>
        <line num="258" count="0" type="stmt"/>
        <line num="259" count="0" type="stmt"/>
        <line num="262" count="0" type="stmt"/>
        <line num="276" count="0" type="stmt"/>
        <line num="277" count="0" type="stmt"/>
        <line num="294" count="0" type="stmt"/>
        <line num="295" count="0" type="stmt"/>
      </file>
    </package>
    <package name="src.config">
      <metrics statements="18" coveredstatements="5" conditionals="4" coveredconditionals="1" methods="6" coveredmethods="0"/>
      <file name="constants.js" path="C:\Users\thist\InsightEngine_Desktop\src\config\constants.js">
        <metrics statements="18" coveredstatements="5" conditionals="4" coveredconditionals="1" methods="6" coveredmethods="0"/>
        <line num="2" count="3" type="stmt"/>
        <line num="86" count="3" type="stmt"/>
        <line num="88" count="3" type="stmt"/>
        <line num="89" count="0" type="stmt"/>
        <line num="90" count="0" type="stmt"/>
        <line num="93" count="3" type="stmt"/>
        <line num="94" count="0" type="cond" truecount="0" falsecount="2"/>
        <line num="95" count="0" type="stmt"/>
        <line num="96" count="0" type="stmt"/>
        <line num="97" count="0" type="stmt"/>
        <line num="98" count="0" type="stmt"/>
        <line num="101" count="3" type="stmt"/>
        <line num="103" count="0" type="stmt"/>
        <line num="104" count="0" type="stmt"/>
        <line num="105" count="0" type="stmt"/>
        <line num="106" count="0" type="stmt"/>
        <line num="108" count="0" type="stmt"/>
        <line num="109" count="0" type="stmt"/>
      </file>
    </package>
    <package name="src.services">
      <metrics statements="540" coveredstatements="324" conditionals="342" coveredconditionals="190" methods="139" coveredmethods="85"/>
      <file name="ai.js" path="C:\Users\thist\InsightEngine_Desktop\src\services\ai.js">
        <metrics statements="11" coveredstatements="0" conditionals="3" coveredconditionals="0" methods="1" coveredmethods="0"/>
        <line num="6" count="0" type="stmt"/>
        <line num="7" count="0" type="stmt"/>
        <line num="15" count="0" type="cond" truecount="0" falsecount="1"/>
        <line num="16" count="0" type="stmt"/>
        <line num="17" count="0" type="stmt"/>
        <line num="29" count="0" type="cond" truecount="0" falsecount="2"/>
        <line num="30" count="0" type="stmt"/>
        <line num="33" count="0" type="stmt"/>
        <line num="34" count="0" type="stmt"/>
        <line num="36" count="0" type="stmt"/>
        <line num="37" count="0" type="stmt"/>
      </file>
      <file name="aiService.js" path="C:\Users\thist\InsightEngine_Desktop\src\services\aiService.js">
        <metrics statements="64" coveredstatements="58" conditionals="16" coveredconditionals="11" methods="15" coveredmethods="11"/>
        <line num="8" count="1" type="stmt"/>
        <line num="9" count="1" type="stmt"/>
        <line num="10" count="1" type="stmt"/>
        <line num="21" count="8" type="stmt"/>
        <line num="22" count="8" type="stmt"/>
        <line num="24" count="8" type="stmt"/>
        <line num="25" count="8" type="stmt"/>
        <line num="38" count="7" type="stmt"/>
        <line num="40" count="2" type="stmt"/>
        <line num="41" count="2" type="stmt"/>
        <line num="51" count="3" type="stmt"/>
        <line num="58" count="3" type="stmt"/>
        <line num="59" count="3" type="stmt"/>
        <line num="71" count="2" type="stmt"/>
        <line num="72" count="2" type="stmt"/>
        <line num="74" count="1" type="cond" truecount="1" falsecount="1"/>
        <line num="76" count="2" type="stmt"/>
        <line num="77" count="2" type="stmt"/>
        <line num="88" count="3" type="stmt"/>
        <line num="96" count="3" type="stmt"/>
        <line num="97" count="3" type="stmt"/>
        <line num="108" count="2" type="stmt"/>
        <line num="110" count="1" type="stmt"/>
        <line num="111" count="1" type="stmt"/>
        <line num="121" count="8" type="stmt"/>
        <line num="155" count="11" type="cond" truecount="4" falsecount="0"/>
        <line num="156" count="1" type="stmt"/>
        <line num="159" count="10" type="stmt"/>
        <line num="164" count="10" type="stmt"/>
        <line num="165" count="10" type="cond" truecount="2" falsecount="0"/>
        <line num="166" count="3" type="stmt"/>
        <line num="167" count="3" type="stmt"/>
        <line num="168" count="3" type="stmt"/>
        <line num="170" count="3" type="cond" truecount="1" falsecount="1"/>
        <line num="171" count="3" type="stmt"/>
        <line num="176" count="10" type="cond" truecount="1" falsecount="1"/>
        <line num="177" count="10" type="stmt"/>
        <line num="180" count="10" type="stmt"/>
        <line num="190" count="18" type="stmt"/>
        <line num="198" count="14" type="cond" truecount="1" falsecount="1"/>
        <line num="199" count="0" type="stmt"/>
        <line num="202" count="14" type="stmt"/>
        <line num="210" count="2" type="stmt"/>
        <line num="211" count="2" type="stmt"/>
        <line num="215" count="1" type="stmt"/>
        <line num="217" count="1" type="stmt"/>
        <line num="226" count="4" type="stmt"/>
        <line num="227" count="4" type="stmt"/>
        <line num="228" count="6" type="cond" truecount="1" falsecount="1"/>
        <line num="230" count="1" type="stmt"/>
        <line num="231" count="1" type="stmt"/>
        <line num="241" count="2" type="stmt"/>
        <line num="242" count="2" type="stmt"/>
        <line num="243" count="2" type="stmt"/>
        <line num="245" count="0" type="stmt"/>
        <line num="251" count="1" type="stmt"/>
        <line num="254" count="1" type="stmt"/>
        <line num="255" count="0" type="stmt"/>
        <line num="257" count="1" type="stmt"/>
        <line num="258" count="0" type="stmt"/>
        <line num="260" count="1" type="stmt"/>
        <line num="261" count="0" type="stmt"/>
        <line num="263" count="1" type="stmt"/>
        <line num="264" count="0" type="stmt"/>
      </file>
      <file name="databaseIntrospection.js" path="C:\Users\thist\InsightEngine_Desktop\src\services\databaseIntrospection.js">
        <metrics statements="158" coveredstatements="142" conditionals="132" coveredconditionals="99" methods="57" coveredmethods="52"/>
        <line num="9" count="17" type="stmt"/>
        <line num="10" count="17" type="stmt"/>
        <line num="11" count="17" type="stmt"/>
        <line num="20" count="15" type="stmt"/>
        <line num="22" count="15" type="stmt"/>
        <line num="23" count="15" type="stmt"/>
        <line num="24" count="14" type="stmt"/>
        <line num="27" count="14" type="stmt"/>
        <line num="28" count="14" type="stmt"/>
        <line num="29" count="14" type="stmt"/>
        <line num="32" count="14" type="stmt"/>
        <line num="34" count="14" type="stmt"/>
        <line num="35" count="44" type="stmt"/>
        <line num="36" count="44" type="stmt"/>
        <line num="39" count="14" type="stmt"/>
        <line num="41" count="14" type="stmt"/>
        <line num="50" count="1" type="stmt"/>
        <line num="61" count="44" type="stmt"/>
        <line num="62" count="51" type="cond" truecount="3" falsecount="0"/>
        <line num="64" count="44" type="cond" truecount="1" falsecount="1"/>
        <line num="65" count="0" type="stmt"/>
        <line num="77" count="44" type="stmt"/>
        <line num="86" count="44" type="stmt"/>
        <line num="89" count="44" type="stmt"/>
        <line num="91" count="44" type="stmt"/>
        <line num="106" count="51" type="cond" truecount="2" falsecount="0"/>
        <line num="107" count="51" type="cond" truecount="2" falsecount="0"/>
        <line num="108" count="51" type="stmt"/>
        <line num="117" count="176" type="cond" truecount="14" falsecount="3"/>
        <line num="122" count="20" type="stmt"/>
        <line num="126" count="52" type="stmt"/>
        <line num="129" count="0" type="stmt"/>
        <line num="132" count="88" type="stmt"/>
        <line num="135" count="4" type="stmt"/>
        <line num="139" count="12" type="stmt"/>
        <line num="141" count="0" type="stmt"/>
        <line num="149" count="51" type="cond" truecount="3" falsecount="0"/>
        <line num="151" count="44" type="cond" truecount="1" falsecount="1"/>
        <line num="154" count="51" type="cond" truecount="2" falsecount="0"/>
        <line num="155" count="44" type="stmt"/>
        <line num="157" count="44" type="cond" truecount="2" falsecount="0"/>
        <line num="160" count="26" type="stmt"/>
        <line num="167" count="26" type="stmt"/>
        <line num="168" count="108" type="stmt"/>
        <line num="171" count="26" type="cond" truecount="2" falsecount="0"/>
        <line num="174" count="23" type="stmt"/>
        <line num="175" count="26" type="stmt"/>
        <line num="177" count="23" type="cond" truecount="2" falsecount="0"/>
        <line num="180" count="22" type="stmt"/>
        <line num="181" count="22" type="cond" truecount="2" falsecount="2"/>
        <line num="182" count="0" type="stmt"/>
        <line num="185" count="22" type="stmt"/>
        <line num="192" count="51" type="cond" truecount="2" falsecount="0"/>
        <line num="194" count="44" type="cond" truecount="2" falsecount="0"/>
        <line num="195" count="26" type="stmt"/>
        <line num="198" count="21" type="stmt"/>
        <line num="199" count="21" type="stmt"/>
        <line num="200" count="21" type="stmt"/>
        <line num="203" count="21" type="stmt"/>
        <line num="205" count="18" type="stmt"/>
        <line num="220" count="44" type="stmt"/>
        <line num="228" count="44" type="cond" truecount="1" falsecount="1"/>
        <line num="229" count="220" type="stmt"/>
        <line num="231" count="44" type="cond" truecount="1" falsecount="1"/>
        <line num="234" count="44" type="stmt"/>
        <line num="235" count="143" type="stmt"/>
        <line num="237" count="44" type="cond" truecount="2" falsecount="0"/>
        <line num="239" count="37" type="stmt"/>
        <line num="246" count="44" type="stmt"/>
        <line num="247" count="44" type="cond" truecount="1" falsecount="1"/>
        <line num="250" count="44" type="stmt"/>
        <line num="251" count="365" type="cond" truecount="2" falsecount="0"/>
        <line num="252" count="5" type="stmt"/>
        <line num="262" count="39" type="stmt"/>
        <line num="263" count="143" type="cond" truecount="2" falsecount="0"/>
        <line num="264" count="5" type="stmt"/>
        <line num="274" count="34" type="stmt"/>
        <line num="275" count="251" type="cond" truecount="2" falsecount="0"/>
        <line num="276" count="3" type="stmt"/>
        <line num="286" count="31" type="stmt"/>
        <line num="287" count="217" type="cond" truecount="1" falsecount="1"/>
        <line num="288" count="0" type="stmt"/>
        <line num="298" count="31" type="stmt"/>
        <line num="299" count="175" type="cond" truecount="2" falsecount="0"/>
        <line num="300" count="3" type="stmt"/>
        <line num="310" count="28" type="stmt"/>
        <line num="311" count="123" type="cond" truecount="2" falsecount="0"/>
        <line num="312" count="9" type="stmt"/>
        <line num="322" count="19" type="stmt"/>
        <line num="335" count="44" type="stmt"/>
        <line num="338" count="44" type="stmt"/>
        <line num="350" count="44" type="stmt"/>
        <line num="359" count="326" type="stmt"/>
        <line num="360" count="44" type="stmt"/>
        <line num="362" count="44" type="stmt"/>
        <line num="375" count="44" type="cond" truecount="4" falsecount="0"/>
        <line num="376" count="22" type="stmt"/>
        <line num="379" count="44" type="cond" truecount="4" falsecount="0"/>
        <line num="380" count="17" type="stmt"/>
        <line num="383" count="44" type="stmt"/>
        <line num="390" count="44" type="stmt"/>
        <line num="393" count="44" type="stmt"/>
        <line num="394" count="132" type="stmt"/>
        <line num="397" count="44" type="cond" truecount="1" falsecount="1"/>
        <line num="398" count="44" type="stmt"/>
        <line num="402" count="44" type="cond" truecount="1" falsecount="1"/>
        <line num="403" count="0" type="stmt"/>
        <line num="404" count="44" type="cond" truecount="1" falsecount="1"/>
        <line num="405" count="44" type="stmt"/>
        <line num="408" count="44" type="stmt"/>
        <line num="415" count="14" type="stmt"/>
        <line num="427" count="14" type="cond" truecount="1" falsecount="1"/>
        <line num="428" count="14" type="stmt"/>
        <line num="436" count="0" type="stmt"/>
        <line num="437" count="0" type="stmt"/>
        <line num="448" count="14" type="stmt"/>
        <line num="449" count="14" type="stmt"/>
        <line num="451" count="14" type="stmt"/>
        <line num="452" count="44" type="stmt"/>
        <line num="453" count="51" type="stmt"/>
        <line num="454" count="51" type="cond" truecount="3" falsecount="0"/>
        <line num="457" count="44" type="stmt"/>
        <line num="458" count="44" type="cond" truecount="1" falsecount="1"/>
        <line num="459" count="0" type="stmt"/>
        <line num="468" count="51" type="stmt"/>
        <line num="469" count="44" type="cond" truecount="1" falsecount="1"/>
        <line num="470" count="0" type="stmt"/>
        <line num="478" count="44" type="stmt"/>
        <line num="481" count="44" type="stmt"/>
        <line num="483" count="14" type="stmt"/>
        <line num="494" count="44" type="stmt"/>
        <line num="495" count="44" type="stmt"/>
        <line num="496" count="44" type="stmt"/>
        <line num="498" count="14" type="stmt"/>
        <line num="499" count="14" type="cond" truecount="1" falsecount="1"/>
        <line num="500" count="14" type="cond" truecount="4" falsecount="0"/>
        <line num="502" count="14" type="stmt"/>
        <line num="518" count="14" type="stmt"/>
        <line num="521" count="14" type="cond" truecount="1" falsecount="1"/>
        <line num="522" count="0" type="cond" truecount="0" falsecount="2"/>
        <line num="523" count="0" type="stmt"/>
        <line num="524" count="0" type="stmt"/>
        <line num="533" count="14" type="stmt"/>
        <line num="534" count="51" type="stmt"/>
        <line num="535" count="51" type="cond" truecount="3" falsecount="0"/>
        <line num="536" count="44" type="stmt"/>
        <line num="537" count="44" type="stmt"/>
        <line num="540" count="14" type="stmt"/>
        <line num="541" count="0" type="stmt"/>
        <line num="548" count="14" type="stmt"/>
        <line num="555" count="14" type="stmt"/>
        <line num="557" count="14" type="stmt"/>
        <line num="558" count="14" type="cond" truecount="1" falsecount="1"/>
        <line num="559" count="0" type="stmt"/>
        <line num="562" count="14" type="stmt"/>
        <line num="563" count="14" type="cond" truecount="1" falsecount="1"/>
        <line num="564" count="0" type="stmt"/>
        <line num="567" count="14" type="stmt"/>
      </file>
      <file name="databaseService.js" path="C:\Users\thist\InsightEngine_Desktop\src\services\databaseService.js">
        <metrics statements="99" coveredstatements="0" conditionals="32" coveredconditionals="0" methods="23" coveredmethods="0"/>
        <line num="8" count="0" type="stmt"/>
        <line num="9" count="0" type="stmt"/>
        <line num="10" count="0" type="stmt"/>
        <line num="11" count="0" type="stmt"/>
        <line num="19" count="0" type="stmt"/>
        <line num="20" count="0" type="stmt"/>
        <line num="21" count="0" type="stmt"/>
        <line num="22" count="0" type="stmt"/>
        <line num="23" count="0" type="stmt"/>
        <line num="25" count="0" type="stmt"/>
        <line num="26" count="0" type="stmt"/>
        <line num="27" count="0" type="stmt"/>
        <line num="29" count="0" type="stmt"/>
        <line num="31" count="0" type="stmt"/>
        <line num="32" count="0" type="stmt"/>
        <line num="42" count="0" type="cond" truecount="0" falsecount="2"/>
        <line num="43" count="0" type="stmt"/>
        <line num="46" count="0" type="stmt"/>
        <line num="48" count="0" type="stmt"/>
        <line num="51" count="0" type="stmt"/>
        <line num="52" count="0" type="stmt"/>
        <line num="55" count="0" type="stmt"/>
        <line num="56" count="0" type="stmt"/>
        <line num="57" count="0" type="stmt"/>
        <line num="59" count="0" type="stmt"/>
        <line num="60" count="0" type="stmt"/>
        <line num="61" count="0" type="stmt"/>
        <line num="63" count="0" type="stmt"/>
        <line num="70" count="0" type="stmt"/>
        <line num="80" count="0" type="cond" truecount="0" falsecount="2"/>
        <line num="81" count="0" type="stmt"/>
        <line num="84" count="0" type="stmt"/>
        <line num="85" count="0" type="stmt"/>
        <line num="86" count="0" type="stmt"/>
        <line num="87" count="0" type="stmt"/>
        <line num="88" count="0" type="stmt"/>
        <line num="89" count="0" type="stmt"/>
        <line num="91" count="0" type="cond" truecount="0" falsecount="2"/>
        <line num="94" count="0" type="stmt"/>
        <line num="98" count="0" type="stmt"/>
        <line num="100" count="0" type="cond" truecount="0" falsecount="2"/>
        <line num="101" count="0" type="stmt"/>
        <line num="104" count="0" type="stmt"/>
        <line num="106" count="0" type="stmt"/>
        <line num="115" count="0" type="cond" truecount="0" falsecount="2"/>
        <line num="116" count="0" type="stmt"/>
        <line num="119" count="0" type="stmt"/>
        <line num="120" count="0" type="stmt"/>
        <line num="121" count="0" type="stmt"/>
        <line num="123" count="0" type="stmt"/>
        <line num="124" count="0" type="stmt"/>
        <line num="126" count="0" type="stmt"/>
        <line num="133" count="0" type="stmt"/>
        <line num="143" count="0" type="cond" truecount="0" falsecount="2"/>
        <line num="144" count="0" type="stmt"/>
        <line num="147" count="0" type="stmt"/>
        <line num="149" count="0" type="stmt"/>
        <line num="152" count="0" type="stmt"/>
        <line num="153" count="0" type="stmt"/>
        <line num="154" count="0" type="cond" truecount="0" falsecount="2"/>
        <line num="155" count="0" type="stmt"/>
        <line num="159" count="0" type="cond" truecount="0" falsecount="2"/>
        <line num="160" count="0" type="stmt"/>
        <line num="164" count="0" type="cond" truecount="0" falsecount="2"/>
        <line num="165" count="0" type="stmt"/>
        <line num="169" count="0" type="cond" truecount="0" falsecount="2"/>
        <line num="170" count="0" type="stmt"/>
        <line num="174" count="0" type="stmt"/>
        <line num="176" count="0" type="stmt"/>
        <line num="178" count="0" type="stmt"/>
        <line num="187" count="0" type="stmt"/>
        <line num="200" count="0" type="cond" truecount="0" falsecount="2"/>
        <line num="207" count="0" type="stmt"/>
        <line num="208" count="0" type="cond" truecount="0" falsecount="2"/>
        <line num="209" count="0" type="stmt"/>
        <line num="210" count="0" type="stmt"/>
        <line num="212" count="0" type="cond" truecount="0" falsecount="2"/>
        <line num="213" count="0" type="stmt"/>
        <line num="214" count="0" type="stmt"/>
        <line num="216" count="0" type="stmt"/>
        <line num="217" count="0" type="stmt"/>
        <line num="219" count="0" type="stmt"/>
        <line num="227" count="0" type="cond" truecount="0" falsecount="2"/>
        <line num="228" count="0" type="stmt"/>
        <line num="231" count="0" type="stmt"/>
        <line num="232" count="0" type="stmt"/>
        <line num="233" count="0" type="stmt"/>
        <line num="234" count="0" type="stmt"/>
        <line num="236" count="0" type="stmt"/>
        <line num="242" count="0" type="stmt"/>
        <line num="245" count="0" type="stmt"/>
        <line num="246" count="0" type="stmt"/>
        <line num="247" count="0" type="stmt"/>
        <line num="248" count="0" type="stmt"/>
        <line num="249" count="0" type="stmt"/>
        <line num="250" count="0" type="stmt"/>
        <line num="251" count="0" type="stmt"/>
        <line num="252" count="0" type="stmt"/>
        <line num="253" count="0" type="stmt"/>
      </file>
      <file name="intelligentSQLGenerator.js" path="C:\Users\thist\InsightEngine_Desktop\src\services\intelligentSQLGenerator.js">
        <metrics statements="208" coveredstatements="124" conditionals="159" coveredconditionals="80" methods="43" coveredmethods="22"/>
        <line num="10" count="17" type="stmt"/>
        <line num="11" count="17" type="stmt"/>
        <line num="12" count="17" type="stmt"/>
        <line num="13" count="17" type="stmt"/>
        <line num="20" count="15" type="stmt"/>
        <line num="21" count="14" type="stmt"/>
        <line num="31" count="10" type="cond" truecount="2" falsecount="0"/>
        <line num="32" count="1" type="stmt"/>
        <line num="35" count="9" type="stmt"/>
        <line num="37" count="9" type="stmt"/>
        <line num="40" count="9" type="stmt"/>
        <line num="43" count="9" type="stmt"/>
        <line num="46" count="9" type="stmt"/>
        <line num="49" count="9" type="stmt"/>
        <line num="51" count="9" type="cond" truecount="1" falsecount="1"/>
        <line num="53" count="0" type="stmt"/>
        <line num="54" count="0" type="stmt"/>
        <line num="66" count="9" type="stmt"/>
        <line num="79" count="0" type="stmt"/>
        <line num="95" count="9" type="stmt"/>
        <line num="98" count="9" type="stmt"/>
        <line num="108" count="9" type="stmt"/>
        <line num="116" count="9" type="stmt"/>
        <line num="124" count="9" type="stmt"/>
        <line num="125" count="9" type="stmt"/>
        <line num="126" count="103" type="cond" truecount="2" falsecount="0"/>
        <line num="127" count="5" type="stmt"/>
        <line num="128" count="5" type="stmt"/>
        <line num="133" count="9" type="stmt"/>
        <line num="134" count="9" type="stmt"/>
        <line num="135" count="162" type="cond" truecount="1" falsecount="1"/>
        <line num="136" count="0" type="stmt"/>
        <line num="137" count="0" type="stmt"/>
        <line num="142" count="9" type="stmt"/>
        <line num="143" count="9" type="stmt"/>
        <line num="144" count="149" type="cond" truecount="2" falsecount="0"/>
        <line num="145" count="1" type="stmt"/>
        <line num="150" count="9" type="stmt"/>
        <line num="151" count="9" type="cond" truecount="4" falsecount="0"/>
        <line num="153" count="9" type="stmt"/>
        <line num="166" count="10" type="stmt"/>
        <line num="167" count="10" type="stmt"/>
        <line num="175" count="10" type="cond" truecount="4" falsecount="0"/>
        <line num="177" count="5" type="stmt"/>
        <line num="178" count="14" type="cond" truecount="1" falsecount="1"/>
        <line num="181" count="5" type="cond" truecount="1" falsecount="1"/>
        <line num="182" count="0" type="stmt"/>
        <line num="185" count="5" type="stmt"/>
        <line num="186" count="14" type="cond" truecount="2" falsecount="0"/>
        <line num="189" count="5" type="cond" truecount="2" falsecount="0"/>
        <line num="190" count="4" type="stmt"/>
        <line num="196" count="10" type="cond" truecount="1" falsecount="1"/>
        <line num="197" count="0" type="cond" truecount="0" falsecount="4"/>
        <line num="199" count="0" type="stmt"/>
        <line num="200" count="0" type="cond" truecount="0" falsecount="2"/>
        <line num="202" count="0" type="stmt"/>
        <line num="204" count="0" type="stmt"/>
        <line num="205" count="0" type="cond" truecount="0" falsecount="2"/>
        <line num="207" count="0" type="stmt"/>
        <line num="209" count="0" type="stmt"/>
        <line num="210" count="0" type="stmt"/>
        <line num="212" count="0" type="stmt"/>
        <line num="214" count="0" type="stmt"/>
        <line num="215" count="0" type="stmt"/>
        <line num="217" count="0" type="stmt"/>
        <line num="222" count="10" type="cond" truecount="3" falsecount="1"/>
        <line num="223" count="0" type="stmt"/>
        <line num="224" count="0" type="cond" truecount="0" falsecount="3"/>
        <line num="230" count="10" type="stmt"/>
        <line num="237" count="9" type="stmt"/>
        <line num="245" count="9" type="cond" truecount="2" falsecount="0"/>
        <line num="246" count="3" type="cond" truecount="1" falsecount="1"/>
        <line num="247" count="0" type="stmt"/>
        <line num="249" count="0" type="stmt"/>
        <line num="250" count="0" type="cond" truecount="0" falsecount="2"/>
        <line num="252" count="0" type="cond" truecount="0" falsecount="2"/>
        <line num="253" count="0" type="stmt"/>
        <line num="254" count="0" type="stmt"/>
        <line num="256" count="0" type="stmt"/>
        <line num="257" count="0" type="stmt"/>
        <line num="263" count="9" type="stmt"/>
        <line num="264" count="0" type="cond" truecount="0" falsecount="4"/>
        <line num="265" count="0" type="stmt"/>
        <line num="267" count="0" type="stmt"/>
        <line num="272" count="9" type="stmt"/>
        <line num="273" count="0" type="cond" truecount="0" falsecount="4"/>
        <line num="274" count="0" type="stmt"/>
        <line num="276" count="0" type="stmt"/>
        <line num="280" count="9" type="stmt"/>
        <line num="287" count="9" type="stmt"/>
        <line num="288" count="9" type="stmt"/>
        <line num="291" count="9" type="stmt"/>
        <line num="292" count="9" type="stmt"/>
        <line num="295" count="9" type="stmt"/>
        <line num="298" count="9" type="stmt"/>
        <line num="299" count="9" type="cond" truecount="1" falsecount="1"/>
        <line num="300" count="0" type="stmt"/>
        <line num="304" count="9" type="stmt"/>
        <line num="305" count="9" type="cond" truecount="1" falsecount="1"/>
        <line num="306" count="0" type="stmt"/>
        <line num="310" count="9" type="stmt"/>
        <line num="311" count="9" type="cond" truecount="2" falsecount="0"/>
        <line num="312" count="3" type="stmt"/>
        <line num="316" count="9" type="cond" truecount="2" falsecount="0"/>
        <line num="317" count="9" type="stmt"/>
        <line num="319" count="9" type="stmt"/>
        <line num="326" count="9" type="stmt"/>
        <line num="328" count="9" type="cond" truecount="4" falsecount="2"/>
        <line num="330" count="1" type="stmt"/>
        <line num="331" count="1" type="stmt"/>
        <line num="333" count="3" type="cond" truecount="2" falsecount="0"/>
        <line num="334" count="2" type="stmt"/>
        <line num="336" count="1" type="stmt"/>
        <line num="338" count="3" type="stmt"/>
        <line num="340" count="1" type="cond" truecount="1" falsecount="1"/>
        <line num="341" count="1" type="stmt"/>
        <line num="343" count="0" type="stmt"/>
        <line num="345" count="1" type="stmt"/>
        <line num="347" count="0" type="cond" truecount="0" falsecount="2"/>
        <line num="348" count="0" type="stmt"/>
        <line num="350" count="0" type="stmt"/>
        <line num="352" count="0" type="cond" truecount="0" falsecount="2"/>
        <line num="353" count="0" type="stmt"/>
        <line num="355" count="0" type="stmt"/>
        <line num="358" count="4" type="stmt"/>
        <line num="362" count="9" type="cond" truecount="2" falsecount="2"/>
        <line num="363" count="0" type="stmt"/>
        <line num="364" count="0" type="cond" truecount="0" falsecount="2"/>
        <line num="365" count="0" type="stmt"/>
        <line num="371" count="9" type="cond" truecount="2" falsecount="2"/>
        <line num="372" count="0" type="stmt"/>
        <line num="373" count="0" type="stmt"/>
        <line num="376" count="9" type="stmt"/>
        <line num="383" count="9" type="stmt"/>
        <line num="386" count="9" type="cond" truecount="3" falsecount="1"/>
        <line num="390" count="9" type="cond" truecount="2" falsecount="2"/>
        <line num="394" count="9" type="cond" truecount="2" falsecount="2"/>
        <line num="395" count="0" type="stmt"/>
        <line num="396" count="0" type="stmt"/>
        <line num="399" count="9" type="cond" truecount="1" falsecount="1"/>
        <line num="401" count="0" type="stmt"/>
        <line num="402" count="0" type="cond" truecount="0" falsecount="2"/>
        <line num="405" count="0" type="cond" truecount="0" falsecount="2"/>
        <line num="406" count="0" type="stmt"/>
        <line num="410" count="9" type="cond" truecount="1" falsecount="1"/>
        <line num="411" count="0" type="stmt"/>
        <line num="414" count="9" type="stmt"/>
        <line num="421" count="9" type="stmt"/>
        <line num="423" count="9" type="cond" truecount="2" falsecount="2"/>
        <line num="424" count="0" type="stmt"/>
        <line num="425" count="0" type="stmt"/>
        <line num="428" count="9" type="cond" truecount="1" falsecount="1"/>
        <line num="429" count="0" type="stmt"/>
        <line num="430" count="0" type="cond" truecount="0" falsecount="2"/>
        <line num="431" count="0" type="stmt"/>
        <line num="436" count="9" type="cond" truecount="1" falsecount="1"/>
        <line num="437" count="0" type="stmt"/>
        <line num="440" count="9" type="stmt"/>
        <line num="447" count="9" type="stmt"/>
        <line num="449" count="9" type="cond" truecount="3" falsecount="1"/>
        <line num="450" count="0" type="stmt"/>
        <line num="451" count="9" type="cond" truecount="2" falsecount="2"/>
        <line num="452" count="0" type="stmt"/>
        <line num="453" count="9" type="cond" truecount="2" falsecount="0"/>
        <line num="454" count="3" type="stmt"/>
        <line num="455" count="6" type="cond" truecount="1" falsecount="1"/>
        <line num="456" count="0" type="stmt"/>
        <line num="459" count="9" type="cond" truecount="2" falsecount="0"/>
        <line num="460" count="3" type="stmt"/>
        <line num="463" count="6" type="stmt"/>
        <line num="470" count="9" type="stmt"/>
        <line num="472" count="9" type="stmt"/>
        <line num="474" count="9" type="stmt"/>
        <line num="480" count="0" type="stmt"/>
        <line num="492" count="0" type="stmt"/>
        <line num="495" count="0" type="cond" truecount="0" falsecount="2"/>
        <line num="496" count="0" type="stmt"/>
        <line num="500" count="0" type="stmt"/>
        <line num="507" count="0" type="stmt"/>
        <line num="508" count="0" type="stmt"/>
        <line num="515" count="0" type="cond" truecount="0" falsecount="2"/>
        <line num="516" count="0" type="stmt"/>
        <line num="519" count="0" type="stmt"/>
        <line num="520" count="0" type="cond" truecount="0" falsecount="2"/>
        <line num="521" count="0" type="stmt"/>
        <line num="523" count="0" type="stmt"/>
        <line num="524" count="0" type="stmt"/>
        <line num="525" count="0" type="stmt"/>
        <line num="526" count="0" type="stmt"/>
        <line num="536" count="1" type="cond" truecount="1" falsecount="1"/>
        <line num="537" count="0" type="stmt"/>
        <line num="540" count="1" type="stmt"/>
        <line num="541" count="1" type="stmt"/>
        <line num="544" count="3" type="stmt"/>
        <line num="545" count="1" type="cond" truecount="1" falsecount="1"/>
        <line num="546" count="1" type="stmt"/>
        <line num="547" count="1" type="stmt"/>
        <line num="551" count="1" type="stmt"/>
        <line num="552" count="3" type="cond" truecount="2" falsecount="0"/>
        <line num="554" count="1" type="cond" truecount="1" falsecount="1"/>
        <line num="555" count="1" type="stmt"/>
        <line num="559" count="3" type="stmt"/>
        <line num="560" count="1" type="cond" truecount="2" falsecount="2"/>
        <line num="561" count="0" type="stmt"/>
        <line num="565" count="3" type="stmt"/>
        <line num="566" count="1" type="cond" truecount="2" falsecount="2"/>
        <line num="567" count="0" type="stmt"/>
        <line num="570" count="1" type="stmt"/>
      </file>
    </package>
    <package name="src.utils">
      <metrics statements="108" coveredstatements="103" conditionals="49" coveredconditionals="46" methods="21" coveredmethods="21"/>
      <file name="fileValidator.js" path="C:\Users\thist\InsightEngine_Desktop\src\utils\fileValidator.js">
        <metrics statements="108" coveredstatements="103" conditionals="49" coveredconditionals="46" methods="21" coveredmethods="21"/>
        <line num="13" count="5" type="stmt"/>
        <line num="16" count="5" type="cond" truecount="2" falsecount="0"/>
        <line num="17" count="1" type="stmt"/>
        <line num="18" count="1" type="stmt"/>
        <line num="22" count="5" type="stmt"/>
        <line num="23" count="5" type="cond" truecount="2" falsecount="0"/>
        <line num="24" count="1" type="stmt"/>
        <line num="25" count="1" type="stmt"/>
        <line num="29" count="5" type="stmt"/>
        <line num="30" count="5" type="cond" truecount="2" falsecount="0"/>
        <line num="31" count="1" type="stmt"/>
        <line num="32" count="1" type="stmt"/>
        <line num="35" count="5" type="stmt"/>
        <line num="44" count="7" type="stmt"/>
        <line num="46" count="7" type="stmt"/>
        <line num="47" count="16" type="stmt"/>
        <line num="50" count="7" type="cond" truecount="2" falsecount="0"/>
        <line num="51" count="2" type="stmt"/>
        <line num="52" count="2" type="stmt"/>
        <line num="53" count="2" type="stmt"/>
        <line num="57" count="17" type="stmt"/>
        <line num="59" count="5" type="cond" truecount="3" falsecount="2"/>
        <line num="60" count="0" type="stmt"/>
        <line num="61" count="0" type="stmt"/>
        <line num="62" count="0" type="stmt"/>
        <line num="66" count="5" type="stmt"/>
        <line num="67" count="17" type="cond" truecount="2" falsecount="0"/>
        <line num="68" count="1" type="stmt"/>
        <line num="72" count="59" type="stmt"/>
        <line num="73" count="17" type="cond" truecount="2" falsecount="0"/>
        <line num="74" count="2" type="stmt"/>
        <line num="79" count="5" type="cond" truecount="2" falsecount="0"/>
        <line num="80" count="1" type="stmt"/>
        <line num="84" count="5" type="cond" truecount="2" falsecount="0"/>
        <line num="85" count="4" type="stmt"/>
        <line num="87" count="4" type="stmt"/>
        <line num="88" count="23" type="stmt"/>
        <line num="90" count="7" type="cond" truecount="2" falsecount="0"/>
        <line num="91" count="2" type="stmt"/>
        <line num="97" count="0" type="stmt"/>
        <line num="98" count="0" type="stmt"/>
        <line num="101" count="5" type="stmt"/>
        <line num="111" count="10" type="stmt"/>
        <line num="125" count="2" type="cond" truecount="1" falsecount="1"/>
        <line num="126" count="2" type="stmt"/>
        <line num="127" count="2" type="stmt"/>
        <line num="128" count="2" type="stmt"/>
        <line num="129" count="2" type="stmt"/>
        <line num="138" count="4" type="stmt"/>
        <line num="139" count="4" type="stmt"/>
        <line num="141" count="4" type="stmt"/>
        <line num="142" count="4" type="stmt"/>
        <line num="144" count="4" type="stmt"/>
        <line num="145" count="12" type="cond" truecount="2" falsecount="0"/>
        <line num="146" count="12" type="cond" truecount="2" falsecount="0"/>
        <line num="147" count="3" type="stmt"/>
        <line num="148" count="3" type="stmt"/>
        <line num="152" count="4" type="stmt"/>
        <line num="163" count="1" type="stmt"/>
        <line num="164" count="1" type="stmt"/>
        <line num="165" count="1" type="stmt"/>
        <line num="179" count="4" type="stmt"/>
        <line num="180" count="6" type="stmt"/>
        <line num="182" count="2" type="stmt"/>
        <line num="191" count="2" type="stmt"/>
        <line num="201" count="6" type="stmt"/>
        <line num="203" count="6" type="stmt"/>
        <line num="204" count="15" type="stmt"/>
        <line num="212" count="15" type="stmt"/>
        <line num="213" count="15" type="stmt"/>
        <line num="214" count="15" type="stmt"/>
        <line num="215" count="15" type="stmt"/>
        <line num="216" count="15" type="stmt"/>
        <line num="218" count="15" type="stmt"/>
        <line num="219" count="77" type="stmt"/>
        <line num="220" count="31" type="stmt"/>
        <line num="222" count="31" type="cond" truecount="4" falsecount="0"/>
        <line num="223" count="1" type="stmt"/>
        <line num="224" count="1" type="stmt"/>
        <line num="227" count="30" type="stmt"/>
        <line num="230" count="30" type="cond" truecount="4" falsecount="0"/>
        <line num="231" count="13" type="stmt"/>
        <line num="235" count="30" type="stmt"/>
        <line num="236" count="30" type="cond" truecount="2" falsecount="0"/>
        <line num="237" count="2" type="stmt"/>
        <line num="242" count="15" type="stmt"/>
        <line num="243" count="15" type="cond" truecount="2" falsecount="0"/>
        <line num="244" count="7" type="stmt"/>
        <line num="245" count="8" type="cond" truecount="2" falsecount="0"/>
        <line num="246" count="1" type="stmt"/>
        <line num="249" count="15" type="stmt"/>
        <line num="250" count="15" type="stmt"/>
        <line num="251" count="15" type="stmt"/>
        <line num="253" count="15" type="stmt"/>
        <line num="256" count="6" type="stmt"/>
        <line num="266" count="5" type="stmt"/>
        <line num="273" count="5" type="stmt"/>
        <line num="274" count="5" type="stmt"/>
        <line num="276" count="5" type="stmt"/>
        <line num="277" count="27" type="stmt"/>
        <line num="280" count="11" type="stmt"/>
        <line num="281" count="27" type="cond" truecount="4" falsecount="0"/>
        <line num="282" count="2" type="stmt"/>
        <line num="287" count="11" type="stmt"/>
        <line num="288" count="11" type="cond" truecount="2" falsecount="0"/>
        <line num="289" count="1" type="stmt"/>
        <line num="291" count="10" type="stmt"/>
        <line num="295" count="5" type="stmt"/>
      </file>
    </package>
  </project>
</coverage>
