{"C:\\Users\\thist\\InsightEngine_Desktop\\src\\App-refactored.jsx": {"path":"C:\\Users\\thist\\InsightEngine_Desktop\\src\\App-refactored.jsx","statementMap":{"0":{"start":{"line":15,"column":34},"end":{"line":15,"column":46}},"1":{"start":{"line":16,"column":28},"end":{"line":16,"column":40}},"2":{"start":{"line":17,"column":32},"end":{"line":17,"column":47}},"3":{"start":{"line":18,"column":34},"end":{"line":18,"column":46}},"4":{"start":{"line":19,"column":40},"end":{"line":19,"column":52}},"5":{"start":{"line":20,"column":40},"end":{"line":20,"column":52}},"6":{"start":{"line":21,"column":36},"end":{"line":21,"column":50}},"7":{"start":{"line":22,"column":40},"end":{"line":22,"column":54}},"8":{"start":{"line":25,"column":38},"end":{"line":25,"column":53}},"9":{"start":{"line":26,"column":38},"end":{"line":26,"column":52}},"10":{"start":{"line":27,"column":54},"end":{"line":27,"column":69}},"11":{"start":{"line":30,"column":42},"end":{"line":30,"column":57}},"12":{"start":{"line":31,"column":42},"end":{"line":31,"column":90}},"13":{"start":{"line":32,"column":38},"end":{"line":32,"column":53}},"14":{"start":{"line":35,"column":2},"end":{"line":47,"column":9}},"15":{"start":{"line":36,"column":19},"end":{"line":45,"column":5}},"16":{"start":{"line":37,"column":6},"end":{"line":44,"column":7}},"17":{"start":{"line":38,"column":8},"end":{"line":38,"column":37}},"18":{"start":{"line":40,"column":8},"end":{"line":43,"column":12}},"19":{"start":{"line":40,"column":28},"end":{"line":43,"column":10}},"20":{"start":{"line":46,"column":4},"end":{"line":46,"column":13}},"21":{"start":{"line":50,"column":24},"end":{"line":50,"column":66}},"22":{"start":{"line":50,"column":42},"end":{"line":50,"column":61}},"23":{"start":{"line":51,"column":23},"end":{"line":51,"column":66}},"24":{"start":{"line":51,"column":41},"end":{"line":51,"column":61}},"25":{"start":{"line":53,"column":17},"end":{"line":61,"column":18}},"26":{"start":{"line":54,"column":4},"end":{"line":60,"column":5}},"27":{"start":{"line":55,"column":23},"end":{"line":55,"column":32}},"28":{"start":{"line":56,"column":6},"end":{"line":59,"column":7}},"29":{"start":{"line":58,"column":8},"end":{"line":58,"column":34}},"30":{"start":{"line":63,"column":2},"end":{"line":70,"column":29}},"31":{"start":{"line":64,"column":4},"end":{"line":64,"column":49}},"32":{"start":{"line":65,"column":4},"end":{"line":65,"column":53}},"33":{"start":{"line":66,"column":4},"end":{"line":69,"column":6}},"34":{"start":{"line":67,"column":6},"end":{"line":67,"column":54}},"35":{"start":{"line":68,"column":6},"end":{"line":68,"column":58}},"36":{"start":{"line":73,"column":27},"end":{"line":96,"column":3}},"37":{"start":{"line":74,"column":4},"end":{"line":74,"column":21}},"38":{"start":{"line":75,"column":4},"end":{"line":94,"column":5}},"39":{"start":{"line":77,"column":21},"end":{"line":77,"column":63}},"40":{"start":{"line":78,"column":6},"end":{"line":78,"column":34}},"41":{"start":{"line":79,"column":6},"end":{"line":79,"column":32}},"42":{"start":{"line":82,"column":6},"end":{"line":85,"column":10}},"43":{"start":{"line":82,"column":26},"end":{"line":85,"column":8}},"44":{"start":{"line":88,"column":6},"end":{"line":88,"column":53}},"45":{"start":{"line":90,"column":6},"end":{"line":93,"column":10}},"46":{"start":{"line":90,"column":26},"end":{"line":93,"column":8}},"47":{"start":{"line":95,"column":4},"end":{"line":95,"column":22}},"48":{"start":{"line":99,"column":35},"end":{"line":107,"column":3}},"49":{"start":{"line":100,"column":4},"end":{"line":106,"column":5}},"50":{"start":{"line":101,"column":31},"end":{"line":101,"column":79}},"51":{"start":{"line":102,"column":6},"end":{"line":102,"column":39}},"52":{"start":{"line":104,"column":6},"end":{"line":104,"column":60}},"53":{"start":{"line":105,"column":6},"end":{"line":105,"column":25}},"54":{"start":{"line":110,"column":32},"end":{"line":113,"column":3}},"55":{"start":{"line":111,"column":4},"end":{"line":111,"column":25}},"56":{"start":{"line":112,"column":4},"end":{"line":112,"column":23}},"57":{"start":{"line":116,"column":21},"end":{"line":155,"column":3}},"58":{"start":{"line":117,"column":4},"end":{"line":117,"column":54}},"59":{"start":{"line":117,"column":47},"end":{"line":117,"column":54}},"60":{"start":{"line":119,"column":21},"end":{"line":119,"column":26}},"61":{"start":{"line":120,"column":4},"end":{"line":120,"column":17}},"62":{"start":{"line":121,"column":4},"end":{"line":121,"column":71}},"63":{"start":{"line":121,"column":24},"end":{"line":121,"column":69}},"64":{"start":{"line":122,"column":4},"end":{"line":122,"column":21}},"65":{"start":{"line":124,"column":4},"end":{"line":153,"column":5}},"66":{"start":{"line":126,"column":29},"end":{"line":128,"column":18}},"67":{"start":{"line":127,"column":8},"end":{"line":127,"column":55}},"68":{"start":{"line":131,"column":23},"end":{"line":131,"column":91}},"69":{"start":{"line":134,"column":6},"end":{"line":134,"column":72}},"70":{"start":{"line":134,"column":26},"end":{"line":134,"column":70}},"71":{"start":{"line":137,"column":25},"end":{"line":137,"column":64}},"72":{"start":{"line":138,"column":6},"end":{"line":140,"column":7}},"73":{"start":{"line":139,"column":8},"end":{"line":139,"column":69}},"74":{"start":{"line":142,"column":22},"end":{"line":142,"column":60}},"75":{"start":{"line":143,"column":6},"end":{"line":143,"column":28}},"76":{"start":{"line":146,"column":6},"end":{"line":146,"column":89}},"77":{"start":{"line":146,"column":29},"end":{"line":146,"column":87}},"78":{"start":{"line":149,"column":6},"end":{"line":152,"column":10}},"79":{"start":{"line":149,"column":26},"end":{"line":152,"column":8}},"80":{"start":{"line":154,"column":4},"end":{"line":154,"column":22}},"81":{"start":{"line":158,"column":25},"end":{"line":247,"column":3}},"82":{"start":{"line":159,"column":4},"end":{"line":159,"column":62}},"83":{"start":{"line":159,"column":55},"end":{"line":159,"column":62}},"84":{"start":{"line":161,"column":4},"end":{"line":161,"column":32}},"85":{"start":{"line":162,"column":4},"end":{"line":245,"column":5}},"86":{"start":{"line":164,"column":26},"end":{"line":170,"column":7}},"87":{"start":{"line":165,"column":8},"end":{"line":169,"column":44}},"88":{"start":{"line":173,"column":21},"end":{"line":173,"column":25}},"89":{"start":{"line":174,"column":25},"end":{"line":174,"column":73}},"90":{"start":{"line":175,"column":6},"end":{"line":181,"column":7}},"91":{"start":{"line":176,"column":22},"end":{"line":176,"column":72}},"92":{"start":{"line":176,"column":44},"end":{"line":176,"column":71}},"93":{"start":{"line":177,"column":8},"end":{"line":180,"column":9}},"94":{"start":{"line":178,"column":10},"end":{"line":178,"column":27}},"95":{"start":{"line":179,"column":10},"end":{"line":179,"column":16}},"96":{"start":{"line":182,"column":6},"end":{"line":182,"column":47}},"97":{"start":{"line":182,"column":21},"end":{"line":182,"column":47}},"98":{"start":{"line":184,"column":6},"end":{"line":184,"column":88}},"99":{"start":{"line":184,"column":21},"end":{"line":184,"column":88}},"100":{"start":{"line":187,"column":20},"end":{"line":187,"column":51}},"101":{"start":{"line":190,"column":21},"end":{"line":190,"column":139}},"102":{"start":{"line":191,"column":21},"end":{"line":191,"column":57}},"103":{"start":{"line":192,"column":21},"end":{"line":192,"column":30}},"104":{"start":{"line":195,"column":22},"end":{"line":195,"column":130}},"105":{"start":{"line":195,"column":41},"end":{"line":195,"column":113}},"106":{"start":{"line":195,"column":85},"end":{"line":195,"column":112}},"107":{"start":{"line":196,"column":21},"end":{"line":196,"column":138}},"108":{"start":{"line":196,"column":40},"end":{"line":196,"column":123}},"109":{"start":{"line":196,"column":95},"end":{"line":196,"column":122}},"110":{"start":{"line":198,"column":21},"end":{"line":198,"column":190}},"111":{"start":{"line":199,"column":6},"end":{"line":201,"column":7}},"112":{"start":{"line":200,"column":8},"end":{"line":200,"column":222}},"113":{"start":{"line":203,"column":22},"end":{"line":203,"column":24}},"114":{"start":{"line":204,"column":6},"end":{"line":210,"column":7}},"115":{"start":{"line":205,"column":8},"end":{"line":205,"column":59}},"116":{"start":{"line":207,"column":26},"end":{"line":207,"column":132}},"117":{"start":{"line":208,"column":8},"end":{"line":208,"column":60}},"118":{"start":{"line":209,"column":8},"end":{"line":209,"column":75}},"119":{"start":{"line":209,"column":45},"end":{"line":209,"column":72}},"120":{"start":{"line":213,"column":25},"end":{"line":213,"column":167}},"121":{"start":{"line":214,"column":25},"end":{"line":214,"column":65}},"122":{"start":{"line":217,"column":22},"end":{"line":221,"column":18}},"123":{"start":{"line":224,"column":6},"end":{"line":236,"column":9}},"124":{"start":{"line":231,"column":41},"end":{"line":234,"column":9}},"125":{"start":{"line":237,"column":6},"end":{"line":237,"column":26}},"126":{"start":{"line":240,"column":6},"end":{"line":240,"column":41}},"127":{"start":{"line":241,"column":6},"end":{"line":244,"column":10}},"128":{"start":{"line":241,"column":23},"end":{"line":244,"column":8}},"129":{"start":{"line":246,"column":4},"end":{"line":246,"column":33}},"130":{"start":{"line":250,"column":29},"end":{"line":250,"column":65}},"131":{"start":{"line":250,"column":35},"end":{"line":250,"column":65}},"132":{"start":{"line":253,"column":30},"end":{"line":255,"column":3}},"133":{"start":{"line":254,"column":4},"end":{"line":254,"column":36}},"134":{"start":{"line":257,"column":32},"end":{"line":259,"column":3}},"135":{"start":{"line":258,"column":4},"end":{"line":258,"column":38}},"136":{"start":{"line":261,"column":2},"end":{"line":305,"column":4}},"137":{"start":{"line":300,"column":23},"end":{"line":300,"column":43}}},"fnMap":{"0":{"name":"App","decl":{"start":{"line":13,"column":9},"end":{"line":13,"column":12}},"loc":{"start":{"line":13,"column":15},"end":{"line":306,"column":1}},"line":13},"1":{"name":"(anonymous_1)","decl":{"start":{"line":35,"column":12},"end":{"line":35,"column":13}},"loc":{"start":{"line":35,"column":18},"end":{"line":47,"column":3}},"line":35},"2":{"name":"(anonymous_2)","decl":{"start":{"line":36,"column":19},"end":{"line":36,"column":20}},"loc":{"start":{"line":36,"column":31},"end":{"line":45,"column":5}},"line":36},"3":{"name":"(anonymous_3)","decl":{"start":{"line":40,"column":20},"end":{"line":40,"column":21}},"loc":{"start":{"line":40,"column":28},"end":{"line":43,"column":10}},"line":40},"4":{"name":"(anonymous_4)","decl":{"start":{"line":50,"column":36},"end":{"line":50,"column":37}},"loc":{"start":{"line":50,"column":42},"end":{"line":50,"column":61}},"line":50},"5":{"name":"(anonymous_5)","decl":{"start":{"line":51,"column":35},"end":{"line":51,"column":36}},"loc":{"start":{"line":51,"column":41},"end":{"line":51,"column":61}},"line":51},"6":{"name":"(anonymous_6)","decl":{"start":{"line":53,"column":29},"end":{"line":53,"column":30}},"loc":{"start":{"line":53,"column":36},"end":{"line":61,"column":3}},"line":53},"7":{"name":"(anonymous_7)","decl":{"start":{"line":63,"column":12},"end":{"line":63,"column":13}},"loc":{"start":{"line":63,"column":18},"end":{"line":70,"column":3}},"line":63},"8":{"name":"(anonymous_8)","decl":{"start":{"line":66,"column":11},"end":{"line":66,"column":12}},"loc":{"start":{"line":66,"column":17},"end":{"line":69,"column":5}},"line":66},"9":{"name":"(anonymous_9)","decl":{"start":{"line":73,"column":27},"end":{"line":73,"column":28}},"loc":{"start":{"line":73,"column":62},"end":{"line":96,"column":3}},"line":73},"10":{"name":"(anonymous_10)","decl":{"start":{"line":82,"column":18},"end":{"line":82,"column":19}},"loc":{"start":{"line":82,"column":26},"end":{"line":85,"column":8}},"line":82},"11":{"name":"(anonymous_11)","decl":{"start":{"line":90,"column":18},"end":{"line":90,"column":19}},"loc":{"start":{"line":90,"column":26},"end":{"line":93,"column":8}},"line":90},"12":{"name":"(anonymous_12)","decl":{"start":{"line":99,"column":35},"end":{"line":99,"column":36}},"loc":{"start":{"line":99,"column":58},"end":{"line":107,"column":3}},"line":99},"13":{"name":"(anonymous_13)","decl":{"start":{"line":110,"column":32},"end":{"line":110,"column":33}},"loc":{"start":{"line":110,"column":54},"end":{"line":113,"column":3}},"line":110},"14":{"name":"(anonymous_14)","decl":{"start":{"line":116,"column":21},"end":{"line":116,"column":22}},"loc":{"start":{"line":116,"column":33},"end":{"line":155,"column":3}},"line":116},"15":{"name":"(anonymous_15)","decl":{"start":{"line":121,"column":16},"end":{"line":121,"column":17}},"loc":{"start":{"line":121,"column":24},"end":{"line":121,"column":69}},"line":121},"16":{"name":"(anonymous_16)","decl":{"start":{"line":126,"column":82},"end":{"line":126,"column":83}},"loc":{"start":{"line":127,"column":8},"end":{"line":127,"column":55}},"line":127},"17":{"name":"(anonymous_17)","decl":{"start":{"line":134,"column":18},"end":{"line":134,"column":19}},"loc":{"start":{"line":134,"column":26},"end":{"line":134,"column":70}},"line":134},"18":{"name":"(anonymous_18)","decl":{"start":{"line":146,"column":21},"end":{"line":146,"column":22}},"loc":{"start":{"line":146,"column":29},"end":{"line":146,"column":87}},"line":146},"19":{"name":"(anonymous_19)","decl":{"start":{"line":149,"column":18},"end":{"line":149,"column":19}},"loc":{"start":{"line":149,"column":26},"end":{"line":152,"column":8}},"line":149},"20":{"name":"(anonymous_20)","decl":{"start":{"line":158,"column":25},"end":{"line":158,"column":26}},"loc":{"start":{"line":158,"column":37},"end":{"line":247,"column":3}},"line":158},"21":{"name":"(anonymous_21)","decl":{"start":{"line":164,"column":42},"end":{"line":164,"column":43}},"loc":{"start":{"line":165,"column":8},"end":{"line":169,"column":44}},"line":165},"22":{"name":"(anonymous_22)","decl":{"start":{"line":176,"column":39},"end":{"line":176,"column":40}},"loc":{"start":{"line":176,"column":44},"end":{"line":176,"column":71}},"line":176},"23":{"name":"(anonymous_23)","decl":{"start":{"line":195,"column":36},"end":{"line":195,"column":37}},"loc":{"start":{"line":195,"column":41},"end":{"line":195,"column":113}},"line":195},"24":{"name":"(anonymous_24)","decl":{"start":{"line":195,"column":80},"end":{"line":195,"column":81}},"loc":{"start":{"line":195,"column":85},"end":{"line":195,"column":112}},"line":195},"25":{"name":"(anonymous_25)","decl":{"start":{"line":196,"column":35},"end":{"line":196,"column":36}},"loc":{"start":{"line":196,"column":40},"end":{"line":196,"column":123}},"line":196},"26":{"name":"(anonymous_26)","decl":{"start":{"line":196,"column":90},"end":{"line":196,"column":91}},"loc":{"start":{"line":196,"column":95},"end":{"line":196,"column":122}},"line":196},"27":{"name":"(anonymous_27)","decl":{"start":{"line":209,"column":34},"end":{"line":209,"column":35}},"loc":{"start":{"line":209,"column":45},"end":{"line":209,"column":72}},"line":209},"28":{"name":"(anonymous_28)","decl":{"start":{"line":231,"column":35},"end":{"line":231,"column":36}},"loc":{"start":{"line":231,"column":41},"end":{"line":234,"column":9}},"line":231},"29":{"name":"(anonymous_29)","decl":{"start":{"line":241,"column":18},"end":{"line":241,"column":19}},"loc":{"start":{"line":241,"column":23},"end":{"line":244,"column":8}},"line":241},"30":{"name":"(anonymous_30)","decl":{"start":{"line":250,"column":29},"end":{"line":250,"column":30}},"loc":{"start":{"line":250,"column":35},"end":{"line":250,"column":65}},"line":250},"31":{"name":"(anonymous_31)","decl":{"start":{"line":253,"column":30},"end":{"line":253,"column":31}},"loc":{"start":{"line":253,"column":36},"end":{"line":255,"column":3}},"line":253},"32":{"name":"(anonymous_32)","decl":{"start":{"line":257,"column":32},"end":{"line":257,"column":33}},"loc":{"start":{"line":257,"column":38},"end":{"line":259,"column":3}},"line":257},"33":{"name":"(anonymous_33)","decl":{"start":{"line":300,"column":17},"end":{"line":300,"column":18}},"loc":{"start":{"line":300,"column":23},"end":{"line":300,"column":43}},"line":300}},"branchMap":{"0":{"loc":{"start":{"line":54,"column":4},"end":{"line":60,"column":5}},"type":"if","locations":[{"start":{"line":54,"column":4},"end":{"line":60,"column":5}},{"start":{},"end":{}}],"line":54},"1":{"loc":{"start":{"line":56,"column":6},"end":{"line":59,"column":7}},"type":"if","locations":[{"start":{"line":56,"column":6},"end":{"line":59,"column":7}},{"start":{},"end":{}}],"line":56},"2":{"loc":{"start":{"line":56,"column":10},"end":{"line":57,"column":60}},"type":"binary-expr","locations":[{"start":{"line":56,"column":10},"end":{"line":56,"column":60}},{"start":{"line":57,"column":10},"end":{"line":57,"column":60}}],"line":56},"3":{"loc":{"start":{"line":117,"column":4},"end":{"line":117,"column":54}},"type":"if","locations":[{"start":{"line":117,"column":4},"end":{"line":117,"column":54}},{"start":{},"end":{}}],"line":117},"4":{"loc":{"start":{"line":117,"column":8},"end":{"line":117,"column":45}},"type":"binary-expr","locations":[{"start":{"line":117,"column":8},"end":{"line":117,"column":21}},{"start":{"line":117,"column":25},"end":{"line":117,"column":45}}],"line":117},"5":{"loc":{"start":{"line":138,"column":6},"end":{"line":140,"column":7}},"type":"if","locations":[{"start":{"line":138,"column":6},"end":{"line":140,"column":7}},{"start":{},"end":{}}],"line":138},"6":{"loc":{"start":{"line":159,"column":4},"end":{"line":159,"column":62}},"type":"if","locations":[{"start":{"line":159,"column":4},"end":{"line":159,"column":62}},{"start":{},"end":{}}],"line":159},"7":{"loc":{"start":{"line":159,"column":8},"end":{"line":159,"column":53}},"type":"binary-expr","locations":[{"start":{"line":159,"column":8},"end":{"line":159,"column":28}},{"start":{"line":159,"column":32},"end":{"line":159,"column":53}}],"line":159},"8":{"loc":{"start":{"line":165,"column":8},"end":{"line":169,"column":44}},"type":"binary-expr","locations":[{"start":{"line":165,"column":8},"end":{"line":165,"column":41}},{"start":{"line":166,"column":8},"end":{"line":166,"column":43}},{"start":{"line":167,"column":8},"end":{"line":167,"column":43}},{"start":{"line":168,"column":8},"end":{"line":168,"column":42}},{"start":{"line":169,"column":8},"end":{"line":169,"column":44}}],"line":165},"9":{"loc":{"start":{"line":177,"column":8},"end":{"line":180,"column":9}},"type":"if","locations":[{"start":{"line":177,"column":8},"end":{"line":180,"column":9}},{"start":{},"end":{}}],"line":177},"10":{"loc":{"start":{"line":182,"column":6},"end":{"line":182,"column":47}},"type":"if","locations":[{"start":{"line":182,"column":6},"end":{"line":182,"column":47}},{"start":{},"end":{}}],"line":182},"11":{"loc":{"start":{"line":184,"column":6},"end":{"line":184,"column":88}},"type":"if","locations":[{"start":{"line":184,"column":6},"end":{"line":184,"column":88}},{"start":{},"end":{}}],"line":184},"12":{"loc":{"start":{"line":195,"column":22},"end":{"line":195,"column":130}},"type":"binary-expr","locations":[{"start":{"line":195,"column":22},"end":{"line":195,"column":114}},{"start":{"line":195,"column":118},"end":{"line":195,"column":130}}],"line":195},"13":{"loc":{"start":{"line":196,"column":21},"end":{"line":196,"column":138}},"type":"binary-expr","locations":[{"start":{"line":196,"column":21},"end":{"line":196,"column":124}},{"start":{"line":196,"column":128},"end":{"line":196,"column":138}}],"line":196},"14":{"loc":{"start":{"line":199,"column":6},"end":{"line":201,"column":7}},"type":"if","locations":[{"start":{"line":199,"column":6},"end":{"line":201,"column":7}},{"start":{},"end":{}}],"line":199},"15":{"loc":{"start":{"line":233,"column":17},"end":{"line":233,"column":93}},"type":"cond-expr","locations":[{"start":{"line":233,"column":47},"end":{"line":233,"column":83}},{"start":{"line":233,"column":86},"end":{"line":233,"column":93}}],"line":233},"16":{"loc":{"start":{"line":262,"column":67},"end":{"line":262,"column":116}},"type":"cond-expr","locations":[{"start":{"line":262,"column":80},"end":{"line":262,"column":111}},{"start":{"line":262,"column":114},"end":{"line":262,"column":116}}],"line":262},"17":{"loc":{"start":{"line":286,"column":28},"end":{"line":286,"column":73}},"type":"binary-expr","locations":[{"start":{"line":286,"column":28},"end":{"line":286,"column":48}},{"start":{"line":286,"column":52},"end":{"line":286,"column":73}}],"line":286},"18":{"loc":{"start":{"line":302,"column":14},"end":{"line":302,"column":37}},"type":"binary-expr","locations":[{"start":{"line":302,"column":14},"end":{"line":302,"column":25}},{"start":{"line":302,"column":29},"end":{"line":302,"column":37}}],"line":302}},"s":{"0":0,"1":0,"2":0,"3":0,"4":0,"5":0,"6":0,"7":0,"8":0,"9":0,"10":0,"11":0,"12":0,"13":0,"14":0,"15":0,"16":0,"17":0,"18":0,"19":0,"20":0,"21":0,"22":0,"23":0,"24":0,"25":0,"26":0,"27":0,"28":0,"29":0,"30":0,"31":0,"32":0,"33":0,"34":0,"35":0,"36":0,"37":0,"38":0,"39":0,"40":0,"41":0,"42":0,"43":0,"44":0,"45":0,"46":0,"47":0,"48":0,"49":0,"50":0,"51":0,"52":0,"53":0,"54":0,"55":0,"56":0,"57":0,"58":0,"59":0,"60":0,"61":0,"62":0,"63":0,"64":0,"65":0,"66":0,"67":0,"68":0,"69":0,"70":0,"71":0,"72":0,"73":0,"74":0,"75":0,"76":0,"77":0,"78":0,"79":0,"80":0,"81":0,"82":0,"83":0,"84":0,"85":0,"86":0,"87":0,"88":0,"89":0,"90":0,"91":0,"92":0,"93":0,"94":0,"95":0,"96":0,"97":0,"98":0,"99":0,"100":0,"101":0,"102":0,"103":0,"104":0,"105":0,"106":0,"107":0,"108":0,"109":0,"110":0,"111":0,"112":0,"113":0,"114":0,"115":0,"116":0,"117":0,"118":0,"119":0,"120":0,"121":0,"122":0,"123":0,"124":0,"125":0,"126":0,"127":0,"128":0,"129":0,"130":0,"131":0,"132":0,"133":0,"134":0,"135":0,"136":0,"137":0},"f":{"0":0,"1":0,"2":0,"3":0,"4":0,"5":0,"6":0,"7":0,"8":0,"9":0,"10":0,"11":0,"12":0,"13":0,"14":0,"15":0,"16":0,"17":0,"18":0,"19":0,"20":0,"21":0,"22":0,"23":0,"24":0,"25":0,"26":0,"27":0,"28":0,"29":0,"30":0,"31":0,"32":0,"33":0},"b":{"0":[0,0],"1":[0,0],"2":[0,0],"3":[0,0],"4":[0,0],"5":[0,0],"6":[0,0],"7":[0,0],"8":[0,0,0,0,0],"9":[0,0],"10":[0,0],"11":[0,0],"12":[0,0],"13":[0,0],"14":[0,0],"15":[0,0],"16":[0,0],"17":[0,0],"18":[0,0]}}
,"C:\\Users\\thist\\InsightEngine_Desktop\\src\\App.jsx": {"path":"C:\\Users\\thist\\InsightEngine_Desktop\\src\\App.jsx","statementMap":{"0":{"start":{"line":9,"column":25},"end":{"line":9,"column":52}},"1":{"start":{"line":12,"column":22},"end":{"line":12,"column":36}},"2":{"start":{"line":13,"column":26},"end":{"line":13,"column":40}},"3":{"start":{"line":14,"column":42},"end":{"line":14,"column":56}},"4":{"start":{"line":15,"column":34},"end":{"line":15,"column":46}},"5":{"start":{"line":16,"column":28},"end":{"line":16,"column":40}},"6":{"start":{"line":17,"column":32},"end":{"line":17,"column":47}},"7":{"start":{"line":18,"column":30},"end":{"line":18,"column":44}},"8":{"start":{"line":19,"column":34},"end":{"line":19,"column":46}},"9":{"start":{"line":20,"column":40},"end":{"line":20,"column":52}},"10":{"start":{"line":21,"column":40},"end":{"line":21,"column":52}},"11":{"start":{"line":22,"column":36},"end":{"line":22,"column":50}},"12":{"start":{"line":23,"column":40},"end":{"line":23,"column":54}},"13":{"start":{"line":26,"column":38},"end":{"line":26,"column":53}},"14":{"start":{"line":27,"column":38},"end":{"line":27,"column":52}},"15":{"start":{"line":28,"column":54},"end":{"line":28,"column":69}},"16":{"start":{"line":31,"column":42},"end":{"line":31,"column":57}},"17":{"start":{"line":36,"column":42},"end":{"line":36,"column":55}},"18":{"start":{"line":37,"column":38},"end":{"line":37,"column":53}},"19":{"start":{"line":39,"column":21},"end":{"line":39,"column":33}},"20":{"start":{"line":41,"column":2},"end":{"line":58,"column":9}},"21":{"start":{"line":42,"column":19},"end":{"line":56,"column":5}},"22":{"start":{"line":43,"column":21},"end":{"line":43,"column":64}},"23":{"start":{"line":44,"column":21},"end":{"line":44,"column":65}},"24":{"start":{"line":45,"column":21},"end":{"line":45,"column":47}},"25":{"start":{"line":46,"column":20},"end":{"line":46,"column":58}},"26":{"start":{"line":47,"column":6},"end":{"line":47,"column":71}},"27":{"start":{"line":48,"column":22},"end":{"line":48,"column":43}},"28":{"start":{"line":51,"column":24},"end":{"line":51,"column":60}},"29":{"start":{"line":52,"column":6},"end":{"line":52,"column":33}},"30":{"start":{"line":54,"column":6},"end":{"line":54,"column":19}},"31":{"start":{"line":55,"column":6},"end":{"line":55,"column":23}},"32":{"start":{"line":57,"column":4},"end":{"line":57,"column":13}},"33":{"start":{"line":60,"column":2},"end":{"line":63,"column":17}},"34":{"start":{"line":61,"column":4},"end":{"line":61,"column":48}},"35":{"start":{"line":62,"column":4},"end":{"line":62,"column":63}},"36":{"start":{"line":65,"column":24},"end":{"line":65,"column":66}},"37":{"start":{"line":65,"column":42},"end":{"line":65,"column":61}},"38":{"start":{"line":66,"column":23},"end":{"line":66,"column":66}},"39":{"start":{"line":66,"column":41},"end":{"line":66,"column":61}},"40":{"start":{"line":67,"column":17},"end":{"line":73,"column":18}},"41":{"start":{"line":68,"column":4},"end":{"line":72,"column":5}},"42":{"start":{"line":69,"column":6},"end":{"line":71,"column":7}},"43":{"start":{"line":70,"column":8},"end":{"line":70,"column":35}},"44":{"start":{"line":75,"column":2},"end":{"line":82,"column":29}},"45":{"start":{"line":76,"column":4},"end":{"line":76,"column":49}},"46":{"start":{"line":77,"column":4},"end":{"line":77,"column":53}},"47":{"start":{"line":78,"column":4},"end":{"line":81,"column":6}},"48":{"start":{"line":79,"column":6},"end":{"line":79,"column":54}},"49":{"start":{"line":80,"column":6},"end":{"line":80,"column":58}},"50":{"start":{"line":84,"column":27},"end":{"line":117,"column":3}},"51":{"start":{"line":85,"column":17},"end":{"line":85,"column":38}},"52":{"start":{"line":86,"column":4},"end":{"line":86,"column":29}},"53":{"start":{"line":86,"column":22},"end":{"line":86,"column":29}},"54":{"start":{"line":87,"column":4},"end":{"line":87,"column":21}},"55":{"start":{"line":88,"column":4},"end":{"line":115,"column":5}},"56":{"start":{"line":89,"column":6},"end":{"line":89,"column":56}},"57":{"start":{"line":90,"column":6},"end":{"line":90,"column":103}},"58":{"start":{"line":91,"column":6},"end":{"line":91,"column":80}},"59":{"start":{"line":94,"column":24},"end":{"line":94,"column":70}},"60":{"start":{"line":95,"column":26},"end":{"line":95,"column":66}},"61":{"start":{"line":95,"column":57},"end":{"line":95,"column":65}},"62":{"start":{"line":96,"column":6},"end":{"line":96,"column":31}},"63":{"start":{"line":98,"column":24},"end":{"line":98,"column":61}},"64":{"start":{"line":99,"column":22},"end":{"line":99,"column":80}},"65":{"start":{"line":99,"column":53},"end":{"line":99,"column":68}},"66":{"start":{"line":100,"column":6},"end":{"line":100,"column":25}},"67":{"start":{"line":101,"column":6},"end":{"line":101,"column":32}},"68":{"start":{"line":104,"column":6},"end":{"line":106,"column":7}},"69":{"start":{"line":105,"column":8},"end":{"line":105,"column":49}},"70":{"start":{"line":109,"column":6},"end":{"line":109,"column":127}},"71":{"start":{"line":109,"column":26},"end":{"line":109,"column":125}},"72":{"start":{"line":112,"column":6},"end":{"line":112,"column":50}},"73":{"start":{"line":114,"column":6},"end":{"line":114,"column":87}},"74":{"start":{"line":114,"column":26},"end":{"line":114,"column":85}},"75":{"start":{"line":116,"column":4},"end":{"line":116,"column":22}},"76":{"start":{"line":119,"column":35},"end":{"line":160,"column":3}},"77":{"start":{"line":120,"column":4},"end":{"line":159,"column":5}},"78":{"start":{"line":122,"column":6},"end":{"line":128,"column":7}},"79":{"start":{"line":123,"column":39},"end":{"line":123,"column":73}},"80":{"start":{"line":124,"column":8},"end":{"line":127,"column":9}},"81":{"start":{"line":125,"column":10},"end":{"line":125,"column":49}},"82":{"start":{"line":126,"column":10},"end":{"line":126,"column":17}},"83":{"start":{"line":131,"column":31},"end":{"line":135,"column":87}},"84":{"start":{"line":137,"column":23},"end":{"line":146,"column":8}},"85":{"start":{"line":148,"column":6},"end":{"line":148,"column":74}},"86":{"start":{"line":148,"column":24},"end":{"line":148,"column":74}},"87":{"start":{"line":150,"column":19},"end":{"line":150,"column":40}},"88":{"start":{"line":151,"column":22},"end":{"line":151,"column":49}},"89":{"start":{"line":154,"column":31},"end":{"line":154,"column":85}},"90":{"start":{"line":155,"column":6},"end":{"line":155,"column":39}},"91":{"start":{"line":157,"column":6},"end":{"line":157,"column":60}},"92":{"start":{"line":158,"column":6},"end":{"line":158,"column":25}},"93":{"start":{"line":162,"column":32},"end":{"line":165,"column":3}},"94":{"start":{"line":163,"column":4},"end":{"line":163,"column":25}},"95":{"start":{"line":164,"column":4},"end":{"line":164,"column":23}},"96":{"start":{"line":167,"column":25},"end":{"line":307,"column":3}},"97":{"start":{"line":168,"column":4},"end":{"line":168,"column":42}},"98":{"start":{"line":168,"column":35},"end":{"line":168,"column":42}},"99":{"start":{"line":169,"column":4},"end":{"line":169,"column":32}},"100":{"start":{"line":171,"column":4},"end":{"line":305,"column":5}},"101":{"start":{"line":174,"column":30},"end":{"line":174,"column":76}},"102":{"start":{"line":175,"column":24},"end":{"line":175,"column":49}},"103":{"start":{"line":178,"column":27},"end":{"line":178,"column":120}},"104":{"start":{"line":179,"column":26},"end":{"line":181,"column":29}},"105":{"start":{"line":180,"column":23},"end":{"line":180,"column":68}},"106":{"start":{"line":181,"column":20},"end":{"line":181,"column":28}},"107":{"start":{"line":183,"column":6},"end":{"line":185,"column":7}},"108":{"start":{"line":184,"column":8},"end":{"line":184,"column":200}},"109":{"start":{"line":188,"column":21},"end":{"line":188,"column":25}},"110":{"start":{"line":189,"column":25},"end":{"line":189,"column":104}},"111":{"start":{"line":190,"column":6},"end":{"line":196,"column":7}},"112":{"start":{"line":191,"column":22},"end":{"line":191,"column":72}},"113":{"start":{"line":191,"column":44},"end":{"line":191,"column":71}},"114":{"start":{"line":192,"column":8},"end":{"line":195,"column":9}},"115":{"start":{"line":193,"column":10},"end":{"line":193,"column":27}},"116":{"start":{"line":194,"column":10},"end":{"line":194,"column":16}},"117":{"start":{"line":199,"column":6},"end":{"line":204,"column":7}},"118":{"start":{"line":200,"column":8},"end":{"line":203,"column":28}},"119":{"start":{"line":201,"column":10},"end":{"line":202,"column":44}},"120":{"start":{"line":206,"column":6},"end":{"line":208,"column":7}},"121":{"start":{"line":207,"column":8},"end":{"line":207,"column":139}},"122":{"start":{"line":211,"column":22},"end":{"line":211,"column":122}},"123":{"start":{"line":211,"column":41},"end":{"line":211,"column":113}},"124":{"start":{"line":211,"column":85},"end":{"line":211,"column":112}},"125":{"start":{"line":212,"column":21},"end":{"line":212,"column":146}},"126":{"start":{"line":212,"column":40},"end":{"line":212,"column":137}},"127":{"start":{"line":212,"column":109},"end":{"line":212,"column":136}},"128":{"start":{"line":214,"column":6},"end":{"line":214,"column":88}},"129":{"start":{"line":214,"column":21},"end":{"line":214,"column":88}},"130":{"start":{"line":218,"column":21},"end":{"line":218,"column":117}},"131":{"start":{"line":219,"column":21},"end":{"line":219,"column":45}},"132":{"start":{"line":220,"column":21},"end":{"line":220,"column":40}},"133":{"start":{"line":221,"column":20},"end":{"line":221,"column":32}},"134":{"start":{"line":222,"column":18},"end":{"line":222,"column":28}},"135":{"start":{"line":223,"column":20},"end":{"line":223,"column":32}},"136":{"start":{"line":226,"column":22},"end":{"line":226,"column":24}},"137":{"start":{"line":227,"column":6},"end":{"line":246,"column":7}},"138":{"start":{"line":228,"column":8},"end":{"line":240,"column":9}},"139":{"start":{"line":229,"column":25},"end":{"line":229,"column":142}},"140":{"start":{"line":230,"column":10},"end":{"line":232,"column":11}},"141":{"start":{"line":231,"column":12},"end":{"line":231,"column":165}},"142":{"start":{"line":233,"column":27},"end":{"line":233,"column":53}},"143":{"start":{"line":234,"column":10},"end":{"line":234,"column":123}},"144":{"start":{"line":234,"column":51},"end":{"line":234,"column":120}},"145":{"start":{"line":237,"column":30},"end":{"line":237,"column":84}},"146":{"start":{"line":238,"column":28},"end":{"line":238,"column":57}},"147":{"start":{"line":239,"column":10},"end":{"line":239,"column":95}},"148":{"start":{"line":239,"column":57},"end":{"line":239,"column":92}},"149":{"start":{"line":243,"column":28},"end":{"line":243,"column":82}},"150":{"start":{"line":244,"column":26},"end":{"line":244,"column":55}},"151":{"start":{"line":245,"column":8},"end":{"line":245,"column":93}},"152":{"start":{"line":245,"column":55},"end":{"line":245,"column":90}},"153":{"start":{"line":249,"column":23},"end":{"line":249,"column":25}},"154":{"start":{"line":250,"column":6},"end":{"line":265,"column":7}},"155":{"start":{"line":251,"column":8},"end":{"line":261,"column":9}},"156":{"start":{"line":252,"column":29},"end":{"line":252,"column":149}},"157":{"start":{"line":253,"column":29},"end":{"line":253,"column":57}},"158":{"start":{"line":254,"column":10},"end":{"line":257,"column":14}},"159":{"start":{"line":254,"column":54},"end":{"line":257,"column":11}},"160":{"start":{"line":260,"column":10},"end":{"line":260,"column":86}},"161":{"start":{"line":264,"column":8},"end":{"line":264,"column":84}},"162":{"start":{"line":268,"column":28},"end":{"line":273,"column":125}},"163":{"start":{"line":275,"column":23},"end":{"line":284,"column":8}},"164":{"start":{"line":285,"column":21},"end":{"line":285,"column":42}},"165":{"start":{"line":286,"column":22},"end":{"line":286,"column":71}},"166":{"start":{"line":289,"column":6},"end":{"line":299,"column":9}},"167":{"start":{"line":300,"column":6},"end":{"line":300,"column":26}},"168":{"start":{"line":303,"column":6},"end":{"line":303,"column":41}},"169":{"start":{"line":304,"column":6},"end":{"line":304,"column":88}},"170":{"start":{"line":304,"column":23},"end":{"line":304,"column":86}},"171":{"start":{"line":306,"column":4},"end":{"line":306,"column":33}},"172":{"start":{"line":309,"column":26},"end":{"line":329,"column":3}},"173":{"start":{"line":310,"column":4},"end":{"line":310,"column":53}},"174":{"start":{"line":310,"column":46},"end":{"line":310,"column":53}},"175":{"start":{"line":313,"column":20},"end":{"line":313,"column":45}},"176":{"start":{"line":314,"column":23},"end":{"line":317,"column":16}},"177":{"start":{"line":316,"column":30},"end":{"line":316,"column":81}},"178":{"start":{"line":316,"column":52},"end":{"line":316,"column":70}},"179":{"start":{"line":320,"column":17},"end":{"line":320,"column":61}},"180":{"start":{"line":321,"column":16},"end":{"line":321,"column":48}},"181":{"start":{"line":322,"column":17},"end":{"line":322,"column":44}},"182":{"start":{"line":323,"column":4},"end":{"line":323,"column":20}},"183":{"start":{"line":324,"column":4},"end":{"line":324,"column":34}},"184":{"start":{"line":325,"column":4},"end":{"line":325,"column":36}},"185":{"start":{"line":326,"column":4},"end":{"line":326,"column":17}},"186":{"start":{"line":327,"column":4},"end":{"line":327,"column":36}},"187":{"start":{"line":328,"column":4},"end":{"line":328,"column":36}},"188":{"start":{"line":331,"column":24},"end":{"line":359,"column":3}},"189":{"start":{"line":332,"column":25},"end":{"line":332,"column":81}},"190":{"start":{"line":333,"column":4},"end":{"line":333,"column":30}},"191":{"start":{"line":333,"column":23},"end":{"line":333,"column":30}},"192":{"start":{"line":336,"column":23},"end":{"line":336,"column":56}},"193":{"start":{"line":337,"column":4},"end":{"line":337,"column":28}},"194":{"start":{"line":337,"column":21},"end":{"line":337,"column":28}},"195":{"start":{"line":339,"column":22},"end":{"line":339,"column":71}},"196":{"start":{"line":340,"column":19},"end":{"line":340,"column":51}},"197":{"start":{"line":341,"column":16},"end":{"line":341,"column":39}},"198":{"start":{"line":343,"column":16},"end":{"line":343,"column":27}},"199":{"start":{"line":344,"column":4},"end":{"line":356,"column":6}},"200":{"start":{"line":345,"column":6},"end":{"line":345,"column":31}},"201":{"start":{"line":346,"column":6},"end":{"line":346,"column":33}},"202":{"start":{"line":347,"column":6},"end":{"line":347,"column":31}},"203":{"start":{"line":350,"column":19},"end":{"line":350,"column":46}},"204":{"start":{"line":351,"column":6},"end":{"line":351,"column":34}},"205":{"start":{"line":352,"column":6},"end":{"line":352,"column":48}},"206":{"start":{"line":353,"column":6},"end":{"line":353,"column":38}},"207":{"start":{"line":354,"column":6},"end":{"line":354,"column":19}},"208":{"start":{"line":355,"column":6},"end":{"line":355,"column":38}},"209":{"start":{"line":358,"column":4},"end":{"line":358,"column":61}},"210":{"start":{"line":361,"column":19},"end":{"line":378,"column":3}},"211":{"start":{"line":362,"column":4},"end":{"line":362,"column":22}},"212":{"start":{"line":362,"column":15},"end":{"line":362,"column":22}},"213":{"start":{"line":363,"column":4},"end":{"line":377,"column":5}},"214":{"start":{"line":364,"column":21},"end":{"line":364,"column":42}},"215":{"start":{"line":365,"column":22},"end":{"line":373,"column":8}},"216":{"start":{"line":366,"column":23},"end":{"line":366,"column":25}},"217":{"start":{"line":367,"column":8},"end":{"line":371,"column":9}},"218":{"start":{"line":368,"column":22},"end":{"line":368,"column":30}},"219":{"start":{"line":370,"column":10},"end":{"line":370,"column":126}},"220":{"start":{"line":372,"column":8},"end":{"line":372,"column":22}},"221":{"start":{"line":374,"column":6},"end":{"line":374,"column":52}},"222":{"start":{"line":374,"column":30},"end":{"line":374,"column":52}},"223":{"start":{"line":376,"column":6},"end":{"line":376,"column":91}},"224":{"start":{"line":376,"column":26},"end":{"line":376,"column":89}},"225":{"start":{"line":381,"column":25},"end":{"line":396,"column":3}},"226":{"start":{"line":382,"column":4},"end":{"line":382,"column":69}},"227":{"start":{"line":382,"column":36},"end":{"line":382,"column":69}},"228":{"start":{"line":383,"column":17},"end":{"line":383,"column":37}},"229":{"start":{"line":386,"column":15},"end":{"line":386,"column":61}},"230":{"start":{"line":386,"column":30},"end":{"line":386,"column":60}},"231":{"start":{"line":388,"column":4},"end":{"line":388,"column":30}},"232":{"start":{"line":388,"column":15},"end":{"line":388,"column":30}},"233":{"start":{"line":391,"column":18},"end":{"line":391,"column":78}},"234":{"start":{"line":391,"column":33},"end":{"line":391,"column":77}},"235":{"start":{"line":393,"column":4},"end":{"line":393,"column":66}},"236":{"start":{"line":393,"column":18},"end":{"line":393,"column":66}},"237":{"start":{"line":393,"column":43},"end":{"line":393,"column":53}},"238":{"start":{"line":395,"column":4},"end":{"line":395,"column":29}},"239":{"start":{"line":398,"column":24},"end":{"line":471,"column":3}},"240":{"start":{"line":400,"column":25},"end":{"line":428,"column":18}},"241":{"start":{"line":431,"column":21},"end":{"line":440,"column":6}},"242":{"start":{"line":443,"column":17},"end":{"line":443,"column":38}},"243":{"start":{"line":444,"column":19},"end":{"line":446,"column":13}},"244":{"start":{"line":451,"column":21},"end":{"line":451,"column":87}},"245":{"start":{"line":452,"column":4},"end":{"line":463,"column":5}},"246":{"start":{"line":453,"column":20},"end":{"line":453,"column":31}},"247":{"start":{"line":454,"column":22},"end":{"line":454,"column":33}},"248":{"start":{"line":457,"column":6},"end":{"line":457,"column":112}},"249":{"start":{"line":459,"column":6},"end":{"line":462,"column":7}},"250":{"start":{"line":461,"column":8},"end":{"line":461,"column":67}},"251":{"start":{"line":466,"column":4},"end":{"line":468,"column":5}},"252":{"start":{"line":467,"column":6},"end":{"line":467,"column":46}},"253":{"start":{"line":470,"column":4},"end":{"line":470,"column":20}},"254":{"start":{"line":473,"column":21},"end":{"line":506,"column":3}},"255":{"start":{"line":474,"column":4},"end":{"line":474,"column":47}},"256":{"start":{"line":474,"column":40},"end":{"line":474,"column":47}},"257":{"start":{"line":475,"column":21},"end":{"line":475,"column":26}},"258":{"start":{"line":476,"column":4},"end":{"line":476,"column":17}},"259":{"start":{"line":477,"column":4},"end":{"line":477,"column":71}},"260":{"start":{"line":477,"column":24},"end":{"line":477,"column":69}},"261":{"start":{"line":478,"column":4},"end":{"line":478,"column":21}},"262":{"start":{"line":480,"column":4},"end":{"line":504,"column":5}},"263":{"start":{"line":482,"column":21},"end":{"line":482,"column":80}},"264":{"start":{"line":484,"column":23},"end":{"line":484,"column":33}},"265":{"start":{"line":485,"column":25},"end":{"line":485,"column":42}},"266":{"start":{"line":486,"column":23},"end":{"line":486,"column":38}},"267":{"start":{"line":489,"column":24},"end":{"line":489,"column":32}},"268":{"start":{"line":490,"column":6},"end":{"line":492,"column":7}},"269":{"start":{"line":491,"column":8},"end":{"line":491,"column":65}},"270":{"start":{"line":493,"column":6},"end":{"line":495,"column":7}},"271":{"start":{"line":494,"column":8},"end":{"line":494,"column":77}},"272":{"start":{"line":497,"column":6},"end":{"line":497,"column":75}},"273":{"start":{"line":497,"column":26},"end":{"line":497,"column":73}},"274":{"start":{"line":500,"column":6},"end":{"line":500,"column":31}},"275":{"start":{"line":501,"column":6},"end":{"line":501,"column":89}},"276":{"start":{"line":501,"column":29},"end":{"line":501,"column":87}},"277":{"start":{"line":503,"column":6},"end":{"line":503,"column":90}},"278":{"start":{"line":503,"column":26},"end":{"line":503,"column":88}},"279":{"start":{"line":505,"column":4},"end":{"line":505,"column":22}},"280":{"start":{"line":508,"column":28},"end":{"line":508,"column":93}},"281":{"start":{"line":510,"column":2},"end":{"line":772,"column":4}},"282":{"start":{"line":541,"column":12},"end":{"line":563,"column":18}},"283":{"start":{"line":574,"column":16},"end":{"line":580,"column":25}},"284":{"start":{"line":576,"column":33},"end":{"line":576,"column":66}},"285":{"start":{"line":591,"column":31},"end":{"line":591,"column":55}},"286":{"start":{"line":592,"column":32},"end":{"line":592,"column":65}},"287":{"start":{"line":625,"column":29},"end":{"line":625,"column":59}},"288":{"start":{"line":767,"column":23},"end":{"line":767,"column":43}}},"fnMap":{"0":{"name":"App","decl":{"start":{"line":11,"column":9},"end":{"line":11,"column":12}},"loc":{"start":{"line":11,"column":15},"end":{"line":773,"column":1}},"line":11},"1":{"name":"(anonymous_1)","decl":{"start":{"line":41,"column":12},"end":{"line":41,"column":13}},"loc":{"start":{"line":41,"column":18},"end":{"line":58,"column":3}},"line":41},"2":{"name":"(anonymous_2)","decl":{"start":{"line":42,"column":19},"end":{"line":42,"column":20}},"loc":{"start":{"line":42,"column":31},"end":{"line":56,"column":5}},"line":42},"3":{"name":"(anonymous_3)","decl":{"start":{"line":60,"column":12},"end":{"line":60,"column":13}},"loc":{"start":{"line":60,"column":18},"end":{"line":63,"column":3}},"line":60},"4":{"name":"(anonymous_4)","decl":{"start":{"line":65,"column":36},"end":{"line":65,"column":37}},"loc":{"start":{"line":65,"column":42},"end":{"line":65,"column":61}},"line":65},"5":{"name":"(anonymous_5)","decl":{"start":{"line":66,"column":35},"end":{"line":66,"column":36}},"loc":{"start":{"line":66,"column":41},"end":{"line":66,"column":61}},"line":66},"6":{"name":"(anonymous_6)","decl":{"start":{"line":67,"column":29},"end":{"line":67,"column":30}},"loc":{"start":{"line":67,"column":36},"end":{"line":73,"column":3}},"line":67},"7":{"name":"(anonymous_7)","decl":{"start":{"line":75,"column":12},"end":{"line":75,"column":13}},"loc":{"start":{"line":75,"column":18},"end":{"line":82,"column":3}},"line":75},"8":{"name":"(anonymous_8)","decl":{"start":{"line":78,"column":11},"end":{"line":78,"column":12}},"loc":{"start":{"line":78,"column":17},"end":{"line":81,"column":5}},"line":78},"9":{"name":"(anonymous_9)","decl":{"start":{"line":84,"column":27},"end":{"line":84,"column":28}},"loc":{"start":{"line":84,"column":44},"end":{"line":117,"column":3}},"line":84},"10":{"name":"(anonymous_10)","decl":{"start":{"line":95,"column":50},"end":{"line":95,"column":51}},"loc":{"start":{"line":95,"column":57},"end":{"line":95,"column":65}},"line":95},"11":{"name":"(anonymous_11)","decl":{"start":{"line":99,"column":46},"end":{"line":99,"column":47}},"loc":{"start":{"line":99,"column":53},"end":{"line":99,"column":68}},"line":99},"12":{"name":"(anonymous_12)","decl":{"start":{"line":109,"column":18},"end":{"line":109,"column":19}},"loc":{"start":{"line":109,"column":26},"end":{"line":109,"column":125}},"line":109},"13":{"name":"(anonymous_13)","decl":{"start":{"line":114,"column":18},"end":{"line":114,"column":19}},"loc":{"start":{"line":114,"column":26},"end":{"line":114,"column":85}},"line":114},"14":{"name":"(anonymous_14)","decl":{"start":{"line":119,"column":35},"end":{"line":119,"column":36}},"loc":{"start":{"line":119,"column":58},"end":{"line":160,"column":3}},"line":119},"15":{"name":"(anonymous_15)","decl":{"start":{"line":162,"column":32},"end":{"line":162,"column":33}},"loc":{"start":{"line":162,"column":54},"end":{"line":165,"column":3}},"line":162},"16":{"name":"(anonymous_16)","decl":{"start":{"line":167,"column":25},"end":{"line":167,"column":26}},"loc":{"start":{"line":167,"column":37},"end":{"line":307,"column":3}},"line":167},"17":{"name":"(anonymous_17)","decl":{"start":{"line":180,"column":16},"end":{"line":180,"column":17}},"loc":{"start":{"line":180,"column":23},"end":{"line":180,"column":68}},"line":180},"18":{"name":"(anonymous_18)","decl":{"start":{"line":181,"column":13},"end":{"line":181,"column":14}},"loc":{"start":{"line":181,"column":20},"end":{"line":181,"column":28}},"line":181},"19":{"name":"(anonymous_19)","decl":{"start":{"line":191,"column":39},"end":{"line":191,"column":40}},"loc":{"start":{"line":191,"column":44},"end":{"line":191,"column":71}},"line":191},"20":{"name":"(anonymous_20)","decl":{"start":{"line":200,"column":36},"end":{"line":200,"column":37}},"loc":{"start":{"line":201,"column":10},"end":{"line":202,"column":44}},"line":201},"21":{"name":"(anonymous_21)","decl":{"start":{"line":211,"column":36},"end":{"line":211,"column":37}},"loc":{"start":{"line":211,"column":41},"end":{"line":211,"column":113}},"line":211},"22":{"name":"(anonymous_22)","decl":{"start":{"line":211,"column":80},"end":{"line":211,"column":81}},"loc":{"start":{"line":211,"column":85},"end":{"line":211,"column":112}},"line":211},"23":{"name":"(anonymous_23)","decl":{"start":{"line":212,"column":35},"end":{"line":212,"column":36}},"loc":{"start":{"line":212,"column":40},"end":{"line":212,"column":137}},"line":212},"24":{"name":"(anonymous_24)","decl":{"start":{"line":212,"column":104},"end":{"line":212,"column":105}},"loc":{"start":{"line":212,"column":109},"end":{"line":212,"column":136}},"line":212},"25":{"name":"(anonymous_25)","decl":{"start":{"line":234,"column":45},"end":{"line":234,"column":46}},"loc":{"start":{"line":234,"column":51},"end":{"line":234,"column":120}},"line":234},"26":{"name":"(anonymous_26)","decl":{"start":{"line":239,"column":46},"end":{"line":239,"column":47}},"loc":{"start":{"line":239,"column":57},"end":{"line":239,"column":92}},"line":239},"27":{"name":"(anonymous_27)","decl":{"start":{"line":245,"column":44},"end":{"line":245,"column":45}},"loc":{"start":{"line":245,"column":55},"end":{"line":245,"column":90}},"line":245},"28":{"name":"(anonymous_28)","decl":{"start":{"line":254,"column":48},"end":{"line":254,"column":49}},"loc":{"start":{"line":254,"column":54},"end":{"line":257,"column":11}},"line":254},"29":{"name":"(anonymous_29)","decl":{"start":{"line":304,"column":18},"end":{"line":304,"column":19}},"loc":{"start":{"line":304,"column":23},"end":{"line":304,"column":86}},"line":304},"30":{"name":"(anonymous_30)","decl":{"start":{"line":309,"column":26},"end":{"line":309,"column":27}},"loc":{"start":{"line":309,"column":32},"end":{"line":329,"column":3}},"line":309},"31":{"name":"(anonymous_31)","decl":{"start":{"line":316,"column":23},"end":{"line":316,"column":24}},"loc":{"start":{"line":316,"column":30},"end":{"line":316,"column":81}},"line":316},"32":{"name":"(anonymous_32)","decl":{"start":{"line":316,"column":42},"end":{"line":316,"column":43}},"loc":{"start":{"line":316,"column":52},"end":{"line":316,"column":70}},"line":316},"33":{"name":"(anonymous_33)","decl":{"start":{"line":331,"column":24},"end":{"line":331,"column":25}},"loc":{"start":{"line":331,"column":30},"end":{"line":359,"column":3}},"line":331},"34":{"name":"(anonymous_34)","decl":{"start":{"line":344,"column":17},"end":{"line":344,"column":18}},"loc":{"start":{"line":344,"column":29},"end":{"line":356,"column":5}},"line":344},"35":{"name":"(anonymous_35)","decl":{"start":{"line":361,"column":19},"end":{"line":361,"column":20}},"loc":{"start":{"line":361,"column":34},"end":{"line":378,"column":3}},"line":361},"36":{"name":"(anonymous_36)","decl":{"start":{"line":365,"column":43},"end":{"line":365,"column":44}},"loc":{"start":{"line":365,"column":50},"end":{"line":373,"column":7}},"line":365},"37":{"name":"(anonymous_37)","decl":{"start":{"line":376,"column":18},"end":{"line":376,"column":19}},"loc":{"start":{"line":376,"column":26},"end":{"line":376,"column":89}},"line":376},"38":{"name":"(anonymous_38)","decl":{"start":{"line":381,"column":25},"end":{"line":381,"column":26}},"loc":{"start":{"line":381,"column":35},"end":{"line":396,"column":3}},"line":381},"39":{"name":"(anonymous_39)","decl":{"start":{"line":386,"column":25},"end":{"line":386,"column":26}},"loc":{"start":{"line":386,"column":30},"end":{"line":386,"column":60}},"line":386},"40":{"name":"(anonymous_40)","decl":{"start":{"line":391,"column":28},"end":{"line":391,"column":29}},"loc":{"start":{"line":391,"column":33},"end":{"line":391,"column":77}},"line":391},"41":{"name":"(anonymous_41)","decl":{"start":{"line":393,"column":38},"end":{"line":393,"column":39}},"loc":{"start":{"line":393,"column":43},"end":{"line":393,"column":53}},"line":393},"42":{"name":"(anonymous_42)","decl":{"start":{"line":398,"column":24},"end":{"line":398,"column":25}},"loc":{"start":{"line":398,"column":63},"end":{"line":471,"column":3}},"line":398},"43":{"name":"(anonymous_43)","decl":{"start":{"line":473,"column":21},"end":{"line":473,"column":22}},"loc":{"start":{"line":473,"column":33},"end":{"line":506,"column":3}},"line":473},"44":{"name":"(anonymous_44)","decl":{"start":{"line":477,"column":16},"end":{"line":477,"column":17}},"loc":{"start":{"line":477,"column":24},"end":{"line":477,"column":69}},"line":477},"45":{"name":"(anonymous_45)","decl":{"start":{"line":497,"column":18},"end":{"line":497,"column":19}},"loc":{"start":{"line":497,"column":26},"end":{"line":497,"column":73}},"line":497},"46":{"name":"(anonymous_46)","decl":{"start":{"line":501,"column":21},"end":{"line":501,"column":22}},"loc":{"start":{"line":501,"column":29},"end":{"line":501,"column":87}},"line":501},"47":{"name":"(anonymous_47)","decl":{"start":{"line":503,"column":18},"end":{"line":503,"column":19}},"loc":{"start":{"line":503,"column":26},"end":{"line":503,"column":88}},"line":503},"48":{"name":"(anonymous_48)","decl":{"start":{"line":540,"column":24},"end":{"line":540,"column":25}},"loc":{"start":{"line":541,"column":12},"end":{"line":563,"column":18}},"line":541},"49":{"name":"(anonymous_49)","decl":{"start":{"line":573,"column":31},"end":{"line":573,"column":32}},"loc":{"start":{"line":574,"column":16},"end":{"line":580,"column":25}},"line":574},"50":{"name":"(anonymous_50)","decl":{"start":{"line":576,"column":27},"end":{"line":576,"column":28}},"loc":{"start":{"line":576,"column":33},"end":{"line":576,"column":66}},"line":576},"51":{"name":"(anonymous_51)","decl":{"start":{"line":591,"column":24},"end":{"line":591,"column":25}},"loc":{"start":{"line":591,"column":31},"end":{"line":591,"column":55}},"line":591},"52":{"name":"(anonymous_52)","decl":{"start":{"line":592,"column":25},"end":{"line":592,"column":26}},"loc":{"start":{"line":592,"column":32},"end":{"line":592,"column":65}},"line":592},"53":{"name":"(anonymous_53)","decl":{"start":{"line":625,"column":23},"end":{"line":625,"column":24}},"loc":{"start":{"line":625,"column":29},"end":{"line":625,"column":59}},"line":625},"54":{"name":"(anonymous_54)","decl":{"start":{"line":767,"column":17},"end":{"line":767,"column":18}},"loc":{"start":{"line":767,"column":23},"end":{"line":767,"column":43}},"line":767}},"branchMap":{"0":{"loc":{"start":{"line":68,"column":4},"end":{"line":72,"column":5}},"type":"if","locations":[{"start":{"line":68,"column":4},"end":{"line":72,"column":5}},{"start":{},"end":{}}],"line":68},"1":{"loc":{"start":{"line":69,"column":6},"end":{"line":71,"column":7}},"type":"if","locations":[{"start":{"line":69,"column":6},"end":{"line":71,"column":7}},{"start":{},"end":{}}],"line":69},"2":{"loc":{"start":{"line":69,"column":10},"end":{"line":69,"column":44}},"type":"binary-expr","locations":[{"start":{"line":69,"column":10},"end":{"line":69,"column":25}},{"start":{"line":69,"column":29},"end":{"line":69,"column":44}}],"line":69},"3":{"loc":{"start":{"line":86,"column":4},"end":{"line":86,"column":29}},"type":"if","locations":[{"start":{"line":86,"column":4},"end":{"line":86,"column":29}},{"start":{},"end":{}}],"line":86},"4":{"loc":{"start":{"line":86,"column":8},"end":{"line":86,"column":20}},"type":"binary-expr","locations":[{"start":{"line":86,"column":8},"end":{"line":86,"column":13}},{"start":{"line":86,"column":17},"end":{"line":86,"column":20}}],"line":86},"5":{"loc":{"start":{"line":104,"column":6},"end":{"line":106,"column":7}},"type":"if","locations":[{"start":{"line":104,"column":6},"end":{"line":106,"column":7}},{"start":{},"end":{}}],"line":104},"6":{"loc":{"start":{"line":122,"column":6},"end":{"line":128,"column":7}},"type":"if","locations":[{"start":{"line":122,"column":6},"end":{"line":128,"column":7}},{"start":{},"end":{}}],"line":122},"7":{"loc":{"start":{"line":122,"column":10},"end":{"line":122,"column":53}},"type":"binary-expr","locations":[{"start":{"line":122,"column":10},"end":{"line":122,"column":22}},{"start":{"line":122,"column":26},"end":{"line":122,"column":53}}],"line":122},"8":{"loc":{"start":{"line":124,"column":8},"end":{"line":127,"column":9}},"type":"if","locations":[{"start":{"line":124,"column":8},"end":{"line":127,"column":9}},{"start":{},"end":{}}],"line":124},"9":{"loc":{"start":{"line":148,"column":6},"end":{"line":148,"column":74}},"type":"if","locations":[{"start":{"line":148,"column":6},"end":{"line":148,"column":74}},{"start":{},"end":{}}],"line":148},"10":{"loc":{"start":{"line":168,"column":4},"end":{"line":168,"column":42}},"type":"if","locations":[{"start":{"line":168,"column":4},"end":{"line":168,"column":42}},{"start":{},"end":{}}],"line":168},"11":{"loc":{"start":{"line":168,"column":8},"end":{"line":168,"column":33}},"type":"binary-expr","locations":[{"start":{"line":168,"column":8},"end":{"line":168,"column":13}},{"start":{"line":168,"column":17},"end":{"line":168,"column":33}}],"line":168},"12":{"loc":{"start":{"line":183,"column":6},"end":{"line":185,"column":7}},"type":"if","locations":[{"start":{"line":183,"column":6},"end":{"line":185,"column":7}},{"start":{},"end":{}}],"line":183},"13":{"loc":{"start":{"line":192,"column":8},"end":{"line":195,"column":9}},"type":"if","locations":[{"start":{"line":192,"column":8},"end":{"line":195,"column":9}},{"start":{},"end":{}}],"line":192},"14":{"loc":{"start":{"line":199,"column":6},"end":{"line":204,"column":7}},"type":"if","locations":[{"start":{"line":199,"column":6},"end":{"line":204,"column":7}},{"start":{},"end":{}}],"line":199},"15":{"loc":{"start":{"line":200,"column":19},"end":{"line":203,"column":27}},"type":"binary-expr","locations":[{"start":{"line":200,"column":19},"end":{"line":203,"column":9}},{"start":{"line":203,"column":13},"end":{"line":203,"column":27}}],"line":200},"16":{"loc":{"start":{"line":201,"column":10},"end":{"line":202,"column":44}},"type":"binary-expr","locations":[{"start":{"line":201,"column":10},"end":{"line":201,"column":43}},{"start":{"line":202,"column":10},"end":{"line":202,"column":44}}],"line":201},"17":{"loc":{"start":{"line":206,"column":6},"end":{"line":208,"column":7}},"type":"if","locations":[{"start":{"line":206,"column":6},"end":{"line":208,"column":7}},{"start":{},"end":{}}],"line":206},"18":{"loc":{"start":{"line":211,"column":22},"end":{"line":211,"column":122}},"type":"binary-expr","locations":[{"start":{"line":211,"column":22},"end":{"line":211,"column":114}},{"start":{"line":211,"column":118},"end":{"line":211,"column":122}}],"line":211},"19":{"loc":{"start":{"line":212,"column":21},"end":{"line":212,"column":146}},"type":"binary-expr","locations":[{"start":{"line":212,"column":21},"end":{"line":212,"column":138}},{"start":{"line":212,"column":142},"end":{"line":212,"column":146}}],"line":212},"20":{"loc":{"start":{"line":214,"column":6},"end":{"line":214,"column":88}},"type":"if","locations":[{"start":{"line":214,"column":6},"end":{"line":214,"column":88}},{"start":{},"end":{}}],"line":214},"21":{"loc":{"start":{"line":227,"column":6},"end":{"line":246,"column":7}},"type":"if","locations":[{"start":{"line":227,"column":6},"end":{"line":246,"column":7}},{"start":{"line":241,"column":13},"end":{"line":246,"column":7}}],"line":227},"22":{"loc":{"start":{"line":230,"column":10},"end":{"line":232,"column":11}},"type":"if","locations":[{"start":{"line":230,"column":10},"end":{"line":232,"column":11}},{"start":{},"end":{}}],"line":230},"23":{"loc":{"start":{"line":234,"column":59},"end":{"line":234,"column":94}},"type":"cond-expr","locations":[{"start":{"line":234,"column":68},"end":{"line":234,"column":82}},{"start":{"line":234,"column":85},"end":{"line":234,"column":94}}],"line":234},"24":{"loc":{"start":{"line":250,"column":6},"end":{"line":265,"column":7}},"type":"if","locations":[{"start":{"line":250,"column":6},"end":{"line":265,"column":7}},{"start":{"line":262,"column":13},"end":{"line":265,"column":7}}],"line":250},"25":{"loc":{"start":{"line":256,"column":19},"end":{"line":256,"column":95}},"type":"cond-expr","locations":[{"start":{"line":256,"column":49},"end":{"line":256,"column":85}},{"start":{"line":256,"column":88},"end":{"line":256,"column":95}}],"line":256},"26":{"loc":{"start":{"line":310,"column":4},"end":{"line":310,"column":53}},"type":"if","locations":[{"start":{"line":310,"column":4},"end":{"line":310,"column":53}},{"start":{},"end":{}}],"line":310},"27":{"loc":{"start":{"line":310,"column":8},"end":{"line":310,"column":44}},"type":"binary-expr","locations":[{"start":{"line":310,"column":8},"end":{"line":310,"column":18}},{"start":{"line":310,"column":22},"end":{"line":310,"column":44}}],"line":310},"28":{"loc":{"start":{"line":333,"column":4},"end":{"line":333,"column":30}},"type":"if","locations":[{"start":{"line":333,"column":4},"end":{"line":333,"column":30}},{"start":{},"end":{}}],"line":333},"29":{"loc":{"start":{"line":337,"column":4},"end":{"line":337,"column":28}},"type":"if","locations":[{"start":{"line":337,"column":4},"end":{"line":337,"column":28}},{"start":{},"end":{}}],"line":337},"30":{"loc":{"start":{"line":362,"column":4},"end":{"line":362,"column":22}},"type":"if","locations":[{"start":{"line":362,"column":4},"end":{"line":362,"column":22}},{"start":{},"end":{}}],"line":362},"31":{"loc":{"start":{"line":370,"column":24},"end":{"line":370,"column":125}},"type":"cond-expr","locations":[{"start":{"line":370,"column":50},"end":{"line":370,"column":61}},{"start":{"line":370,"column":65},"end":{"line":370,"column":124}}],"line":370},"32":{"loc":{"start":{"line":370,"column":65},"end":{"line":370,"column":124}},"type":"cond-expr","locations":[{"start":{"line":370,"column":91},"end":{"line":370,"column":118}},{"start":{"line":370,"column":121},"end":{"line":370,"column":124}}],"line":370},"33":{"loc":{"start":{"line":374,"column":6},"end":{"line":374,"column":52}},"type":"if","locations":[{"start":{"line":374,"column":6},"end":{"line":374,"column":52}},{"start":{},"end":{}}],"line":374},"34":{"loc":{"start":{"line":382,"column":4},"end":{"line":382,"column":69}},"type":"if","locations":[{"start":{"line":382,"column":4},"end":{"line":382,"column":69}},{"start":{},"end":{}}],"line":382},"35":{"loc":{"start":{"line":382,"column":8},"end":{"line":382,"column":34}},"type":"binary-expr","locations":[{"start":{"line":382,"column":8},"end":{"line":382,"column":13}},{"start":{"line":382,"column":17},"end":{"line":382,"column":34}}],"line":382},"36":{"loc":{"start":{"line":388,"column":4},"end":{"line":388,"column":30}},"type":"if","locations":[{"start":{"line":388,"column":4},"end":{"line":388,"column":30}},{"start":{},"end":{}}],"line":388},"37":{"loc":{"start":{"line":391,"column":33},"end":{"line":391,"column":77}},"type":"binary-expr","locations":[{"start":{"line":391,"column":33},"end":{"line":391,"column":63}},{"start":{"line":391,"column":67},"end":{"line":391,"column":77}}],"line":391},"38":{"loc":{"start":{"line":393,"column":4},"end":{"line":393,"column":66}},"type":"if","locations":[{"start":{"line":393,"column":4},"end":{"line":393,"column":66}},{"start":{},"end":{}}],"line":393},"39":{"loc":{"start":{"line":393,"column":28},"end":{"line":393,"column":65}},"type":"binary-expr","locations":[{"start":{"line":393,"column":28},"end":{"line":393,"column":54}},{"start":{"line":393,"column":58},"end":{"line":393,"column":65}}],"line":393},"40":{"loc":{"start":{"line":452,"column":4},"end":{"line":463,"column":5}},"type":"if","locations":[{"start":{"line":452,"column":4},"end":{"line":463,"column":5}},{"start":{},"end":{}}],"line":452},"41":{"loc":{"start":{"line":459,"column":6},"end":{"line":462,"column":7}},"type":"if","locations":[{"start":{"line":459,"column":6},"end":{"line":462,"column":7}},{"start":{},"end":{}}],"line":459},"42":{"loc":{"start":{"line":466,"column":4},"end":{"line":468,"column":5}},"type":"if","locations":[{"start":{"line":466,"column":4},"end":{"line":468,"column":5}},{"start":{},"end":{}}],"line":466},"43":{"loc":{"start":{"line":474,"column":4},"end":{"line":474,"column":47}},"type":"if","locations":[{"start":{"line":474,"column":4},"end":{"line":474,"column":47}},{"start":{},"end":{}}],"line":474},"44":{"loc":{"start":{"line":474,"column":8},"end":{"line":474,"column":38}},"type":"binary-expr","locations":[{"start":{"line":474,"column":8},"end":{"line":474,"column":21}},{"start":{"line":474,"column":25},"end":{"line":474,"column":38}}],"line":474},"45":{"loc":{"start":{"line":490,"column":6},"end":{"line":492,"column":7}},"type":"if","locations":[{"start":{"line":490,"column":6},"end":{"line":492,"column":7}},{"start":{},"end":{}}],"line":490},"46":{"loc":{"start":{"line":493,"column":6},"end":{"line":495,"column":7}},"type":"if","locations":[{"start":{"line":493,"column":6},"end":{"line":495,"column":7}},{"start":{},"end":{}}],"line":493},"47":{"loc":{"start":{"line":508,"column":28},"end":{"line":508,"column":93}},"type":"cond-expr","locations":[{"start":{"line":508,"column":40},"end":{"line":508,"column":65}},{"start":{"line":508,"column":68},"end":{"line":508,"column":93}}],"line":508},"48":{"loc":{"start":{"line":511,"column":67},"end":{"line":511,"column":116}},"type":"cond-expr","locations":[{"start":{"line":511,"column":80},"end":{"line":511,"column":111}},{"start":{"line":511,"column":114},"end":{"line":511,"column":116}}],"line":511},"49":{"loc":{"start":{"line":532,"column":11},"end":{"line":539,"column":11}},"type":"binary-expr","locations":[{"start":{"line":532,"column":11},"end":{"line":532,"column":18}},{"start":{"line":533,"column":12},"end":{"line":538,"column":18}}],"line":532},"50":{"loc":{"start":{"line":541,"column":36},"end":{"line":541,"column":101}},"type":"cond-expr","locations":[{"start":{"line":541,"column":60},"end":{"line":541,"column":78}},{"start":{"line":541,"column":81},"end":{"line":541,"column":101}}],"line":541},"51":{"loc":{"start":{"line":542,"column":15},"end":{"line":562,"column":15}},"type":"cond-expr","locations":[{"start":{"line":544,"column":16},"end":{"line":546,"column":22}},{"start":{"line":549,"column":16},"end":{"line":561,"column":22}}],"line":542},"52":{"loc":{"start":{"line":552,"column":52},"end":{"line":552,"column":158}},"type":"cond-expr","locations":[{"start":{"line":552,"column":105},"end":{"line":552,"column":130}},{"start":{"line":552,"column":133},"end":{"line":552,"column":158}}],"line":552},"53":{"loc":{"start":{"line":552,"column":52},"end":{"line":552,"column":102}},"type":"binary-expr","locations":[{"start":{"line":552,"column":52},"end":{"line":552,"column":79}},{"start":{"line":552,"column":83},"end":{"line":552,"column":102}}],"line":552},"54":{"loc":{"start":{"line":569,"column":9},"end":{"line":584,"column":9}},"type":"binary-expr","locations":[{"start":{"line":569,"column":9},"end":{"line":569,"column":31}},{"start":{"line":569,"column":35},"end":{"line":569,"column":55}},{"start":{"line":570,"column":10},"end":{"line":583,"column":16}}],"line":569},"55":{"loc":{"start":{"line":592,"column":32},"end":{"line":592,"column":65}},"type":"binary-expr","locations":[{"start":{"line":592,"column":32},"end":{"line":592,"column":49}},{"start":{"line":592,"column":53},"end":{"line":592,"column":65}}],"line":592},"56":{"loc":{"start":{"line":611,"column":13},"end":{"line":611,"column":49}},"type":"binary-expr","locations":[{"start":{"line":611,"column":13},"end":{"line":611,"column":24}},{"start":{"line":611,"column":28},"end":{"line":611,"column":49}}],"line":611},"57":{"loc":{"start":{"line":614,"column":13},"end":{"line":623,"column":13}},"type":"binary-expr","locations":[{"start":{"line":614,"column":13},"end":{"line":614,"column":24}},{"start":{"line":615,"column":14},"end":{"line":622,"column":23}}],"line":614},"58":{"loc":{"start":{"line":620,"column":17},"end":{"line":620,"column":110}},"type":"cond-expr","locations":[{"start":{"line":620,"column":38},"end":{"line":620,"column":85}},{"start":{"line":620,"column":88},"end":{"line":620,"column":110}}],"line":620},"59":{"loc":{"start":{"line":621,"column":17},"end":{"line":621,"column":80}},"type":"cond-expr","locations":[{"start":{"line":621,"column":38},"end":{"line":621,"column":52}},{"start":{"line":621,"column":55},"end":{"line":621,"column":80}}],"line":621},"60":{"loc":{"start":{"line":626,"column":92},"end":{"line":628,"column":80}},"type":"cond-expr","locations":[{"start":{"line":627,"column":18},"end":{"line":627,"column":57}},{"start":{"line":628,"column":18},"end":{"line":628,"column":80}}],"line":626},"61":{"loc":{"start":{"line":631,"column":15},"end":{"line":631,"column":70}},"type":"cond-expr","locations":[{"start":{"line":631,"column":30},"end":{"line":631,"column":50}},{"start":{"line":631,"column":53},"end":{"line":631,"column":70}}],"line":631},"62":{"loc":{"start":{"line":632,"column":15},"end":{"line":632,"column":70}},"type":"cond-expr","locations":[{"start":{"line":632,"column":30},"end":{"line":632,"column":48}},{"start":{"line":632,"column":51},"end":{"line":632,"column":70}}],"line":632},"63":{"loc":{"start":{"line":635,"column":45},"end":{"line":635,"column":87}},"type":"cond-expr","locations":[{"start":{"line":635,"column":52},"end":{"line":635,"column":70}},{"start":{"line":635,"column":73},"end":{"line":635,"column":87}}],"line":635},"64":{"loc":{"start":{"line":636,"column":15},"end":{"line":636,"column":49}},"type":"cond-expr","locations":[{"start":{"line":636,"column":22},"end":{"line":636,"column":37}},{"start":{"line":636,"column":40},"end":{"line":636,"column":49}}],"line":636},"65":{"loc":{"start":{"line":641,"column":85},"end":{"line":641,"column":123}},"type":"cond-expr","locations":[{"start":{"line":641,"column":100},"end":{"line":641,"column":110}},{"start":{"line":641,"column":113},"end":{"line":641,"column":123}}],"line":641},"66":{"loc":{"start":{"line":642,"column":120},"end":{"line":644,"column":57}},"type":"cond-expr","locations":[{"start":{"line":643,"column":14},"end":{"line":643,"column":48}},{"start":{"line":644,"column":14},"end":{"line":644,"column":57}}],"line":642},"67":{"loc":{"start":{"line":646,"column":13},"end":{"line":761,"column":13}},"type":"cond-expr","locations":[{"start":{"line":647,"column":14},"end":{"line":650,"column":20}},{"start":{"line":651,"column":16},"end":{"line":761,"column":13}}],"line":646},"68":{"loc":{"start":{"line":647,"column":94},"end":{"line":647,"column":139}},"type":"cond-expr","locations":[{"start":{"line":647,"column":109},"end":{"line":647,"column":121}},{"start":{"line":647,"column":124},"end":{"line":647,"column":139}}],"line":647},"69":{"loc":{"start":{"line":651,"column":16},"end":{"line":761,"column":13}},"type":"cond-expr","locations":[{"start":{"line":652,"column":14},"end":{"line":658,"column":20}},{"start":{"line":659,"column":16},"end":{"line":761,"column":13}}],"line":651},"70":{"loc":{"start":{"line":653,"column":120},"end":{"line":653,"column":189}},"type":"cond-expr","locations":[{"start":{"line":653,"column":135},"end":{"line":653,"column":158}},{"start":{"line":653,"column":161},"end":{"line":653,"column":189}}],"line":653},"71":{"loc":{"start":{"line":655,"column":57},"end":{"line":655,"column":102}},"type":"cond-expr","locations":[{"start":{"line":655,"column":72},"end":{"line":655,"column":84}},{"start":{"line":655,"column":87},"end":{"line":655,"column":102}}],"line":655},"72":{"loc":{"start":{"line":656,"column":48},"end":{"line":656,"column":96}},"type":"cond-expr","locations":[{"start":{"line":656,"column":63},"end":{"line":656,"column":78}},{"start":{"line":656,"column":81},"end":{"line":656,"column":96}}],"line":656},"73":{"loc":{"start":{"line":659,"column":16},"end":{"line":761,"column":13}},"type":"cond-expr","locations":[{"start":{"line":660,"column":14},"end":{"line":666,"column":20}},{"start":{"line":668,"column":14},"end":{"line":760,"column":17}}],"line":659},"74":{"loc":{"start":{"line":661,"column":129},"end":{"line":661,"column":198}},"type":"cond-expr","locations":[{"start":{"line":661,"column":144},"end":{"line":661,"column":167}},{"start":{"line":661,"column":170},"end":{"line":661,"column":198}}],"line":661},"75":{"loc":{"start":{"line":663,"column":82},"end":{"line":663,"column":130}},"type":"cond-expr","locations":[{"start":{"line":663,"column":97},"end":{"line":663,"column":112}},{"start":{"line":663,"column":115},"end":{"line":663,"column":130}}],"line":663},"76":{"loc":{"start":{"line":664,"column":69},"end":{"line":664,"column":111}},"type":"cond-expr","locations":[{"start":{"line":664,"column":84},"end":{"line":664,"column":96}},{"start":{"line":664,"column":99},"end":{"line":664,"column":111}}],"line":664},"77":{"loc":{"start":{"line":672,"column":80},"end":{"line":672,"column":122}},"type":"cond-expr","locations":[{"start":{"line":672,"column":95},"end":{"line":672,"column":107}},{"start":{"line":672,"column":110},"end":{"line":672,"column":122}}],"line":672},"78":{"loc":{"start":{"line":680,"column":113},"end":{"line":682,"column":109}},"type":"cond-expr","locations":[{"start":{"line":681,"column":26},"end":{"line":681,"column":84}},{"start":{"line":682,"column":26},"end":{"line":682,"column":109}}],"line":680},"79":{"loc":{"start":{"line":691,"column":113},"end":{"line":693,"column":109}},"type":"cond-expr","locations":[{"start":{"line":692,"column":26},"end":{"line":692,"column":84}},{"start":{"line":693,"column":26},"end":{"line":693,"column":109}}],"line":691},"80":{"loc":{"start":{"line":704,"column":21},"end":{"line":757,"column":21}},"type":"cond-expr","locations":[{"start":{"line":705,"column":22},"end":{"line":731,"column":34}},{"start":{"line":733,"column":22},"end":{"line":756,"column":33}}],"line":704},"81":{"loc":{"start":{"line":706,"column":47},"end":{"line":706,"column":77}},"type":"cond-expr","locations":[{"start":{"line":706,"column":62},"end":{"line":706,"column":68}},{"start":{"line":706,"column":71},"end":{"line":706,"column":77}}],"line":706},"82":{"loc":{"start":{"line":709,"column":34},"end":{"line":709,"column":64}},"type":"cond-expr","locations":[{"start":{"line":709,"column":49},"end":{"line":709,"column":55}},{"start":{"line":709,"column":58},"end":{"line":709,"column":64}}],"line":709},"83":{"loc":{"start":{"line":710,"column":54},"end":{"line":710,"column":84}},"type":"cond-expr","locations":[{"start":{"line":710,"column":69},"end":{"line":710,"column":75}},{"start":{"line":710,"column":78},"end":{"line":710,"column":84}}],"line":710},"84":{"loc":{"start":{"line":713,"column":34},"end":{"line":713,"column":64}},"type":"cond-expr","locations":[{"start":{"line":713,"column":49},"end":{"line":713,"column":55}},{"start":{"line":713,"column":58},"end":{"line":713,"column":64}}],"line":713},"85":{"loc":{"start":{"line":714,"column":54},"end":{"line":714,"column":84}},"type":"cond-expr","locations":[{"start":{"line":714,"column":69},"end":{"line":714,"column":75}},{"start":{"line":714,"column":78},"end":{"line":714,"column":84}}],"line":714},"86":{"loc":{"start":{"line":720,"column":34},"end":{"line":720,"column":67}},"type":"cond-expr","locations":[{"start":{"line":720,"column":49},"end":{"line":720,"column":55}},{"start":{"line":720,"column":58},"end":{"line":720,"column":67}}],"line":720},"87":{"loc":{"start":{"line":728,"column":34},"end":{"line":728,"column":67}},"type":"cond-expr","locations":[{"start":{"line":728,"column":49},"end":{"line":728,"column":55}},{"start":{"line":728,"column":58},"end":{"line":728,"column":67}}],"line":728},"88":{"loc":{"start":{"line":729,"column":32},"end":{"line":729,"column":68}},"type":"cond-expr","locations":[{"start":{"line":729,"column":47},"end":{"line":729,"column":56}},{"start":{"line":729,"column":59},"end":{"line":729,"column":68}}],"line":729},"89":{"loc":{"start":{"line":734,"column":47},"end":{"line":734,"column":77}},"type":"cond-expr","locations":[{"start":{"line":734,"column":62},"end":{"line":734,"column":68}},{"start":{"line":734,"column":71},"end":{"line":734,"column":77}}],"line":734},"90":{"loc":{"start":{"line":737,"column":34},"end":{"line":737,"column":64}},"type":"cond-expr","locations":[{"start":{"line":737,"column":49},"end":{"line":737,"column":55}},{"start":{"line":737,"column":58},"end":{"line":737,"column":64}}],"line":737},"91":{"loc":{"start":{"line":738,"column":54},"end":{"line":738,"column":84}},"type":"cond-expr","locations":[{"start":{"line":738,"column":69},"end":{"line":738,"column":75}},{"start":{"line":738,"column":78},"end":{"line":738,"column":84}}],"line":738},"92":{"loc":{"start":{"line":741,"column":34},"end":{"line":741,"column":64}},"type":"cond-expr","locations":[{"start":{"line":741,"column":49},"end":{"line":741,"column":55}},{"start":{"line":741,"column":58},"end":{"line":741,"column":64}}],"line":741},"93":{"loc":{"start":{"line":742,"column":54},"end":{"line":742,"column":84}},"type":"cond-expr","locations":[{"start":{"line":742,"column":69},"end":{"line":742,"column":75}},{"start":{"line":742,"column":78},"end":{"line":742,"column":84}}],"line":742},"94":{"loc":{"start":{"line":747,"column":32},"end":{"line":747,"column":65}},"type":"cond-expr","locations":[{"start":{"line":747,"column":47},"end":{"line":747,"column":53}},{"start":{"line":747,"column":56},"end":{"line":747,"column":65}}],"line":747},"95":{"loc":{"start":{"line":753,"column":34},"end":{"line":753,"column":67}},"type":"cond-expr","locations":[{"start":{"line":753,"column":49},"end":{"line":753,"column":55}},{"start":{"line":753,"column":58},"end":{"line":753,"column":67}}],"line":753},"96":{"loc":{"start":{"line":754,"column":32},"end":{"line":754,"column":68}},"type":"cond-expr","locations":[{"start":{"line":754,"column":47},"end":{"line":754,"column":56}},{"start":{"line":754,"column":59},"end":{"line":754,"column":68}}],"line":754},"97":{"loc":{"start":{"line":769,"column":14},"end":{"line":769,"column":37}},"type":"binary-expr","locations":[{"start":{"line":769,"column":14},"end":{"line":769,"column":25}},{"start":{"line":769,"column":29},"end":{"line":769,"column":37}}],"line":769}},"s":{"0":0,"1":0,"2":0,"3":0,"4":0,"5":0,"6":0,"7":0,"8":0,"9":0,"10":0,"11":0,"12":0,"13":0,"14":0,"15":0,"16":0,"17":0,"18":0,"19":0,"20":0,"21":0,"22":0,"23":0,"24":0,"25":0,"26":0,"27":0,"28":0,"29":0,"30":0,"31":0,"32":0,"33":0,"34":0,"35":0,"36":0,"37":0,"38":0,"39":0,"40":0,"41":0,"42":0,"43":0,"44":0,"45":0,"46":0,"47":0,"48":0,"49":0,"50":0,"51":0,"52":0,"53":0,"54":0,"55":0,"56":0,"57":0,"58":0,"59":0,"60":0,"61":0,"62":0,"63":0,"64":0,"65":0,"66":0,"67":0,"68":0,"69":0,"70":0,"71":0,"72":0,"73":0,"74":0,"75":0,"76":0,"77":0,"78":0,"79":0,"80":0,"81":0,"82":0,"83":0,"84":0,"85":0,"86":0,"87":0,"88":0,"89":0,"90":0,"91":0,"92":0,"93":0,"94":0,"95":0,"96":0,"97":0,"98":0,"99":0,"100":0,"101":0,"102":0,"103":0,"104":0,"105":0,"106":0,"107":0,"108":0,"109":0,"110":0,"111":0,"112":0,"113":0,"114":0,"115":0,"116":0,"117":0,"118":0,"119":0,"120":0,"121":0,"122":0,"123":0,"124":0,"125":0,"126":0,"127":0,"128":0,"129":0,"130":0,"131":0,"132":0,"133":0,"134":0,"135":0,"136":0,"137":0,"138":0,"139":0,"140":0,"141":0,"142":0,"143":0,"144":0,"145":0,"146":0,"147":0,"148":0,"149":0,"150":0,"151":0,"152":0,"153":0,"154":0,"155":0,"156":0,"157":0,"158":0,"159":0,"160":0,"161":0,"162":0,"163":0,"164":0,"165":0,"166":0,"167":0,"168":0,"169":0,"170":0,"171":0,"172":0,"173":0,"174":0,"175":0,"176":0,"177":0,"178":0,"179":0,"180":0,"181":0,"182":0,"183":0,"184":0,"185":0,"186":0,"187":0,"188":0,"189":0,"190":0,"191":0,"192":0,"193":0,"194":0,"195":0,"196":0,"197":0,"198":0,"199":0,"200":0,"201":0,"202":0,"203":0,"204":0,"205":0,"206":0,"207":0,"208":0,"209":0,"210":0,"211":0,"212":0,"213":0,"214":0,"215":0,"216":0,"217":0,"218":0,"219":0,"220":0,"221":0,"222":0,"223":0,"224":0,"225":0,"226":0,"227":0,"228":0,"229":0,"230":0,"231":0,"232":0,"233":0,"234":0,"235":0,"236":0,"237":0,"238":0,"239":0,"240":0,"241":0,"242":0,"243":0,"244":0,"245":0,"246":0,"247":0,"248":0,"249":0,"250":0,"251":0,"252":0,"253":0,"254":0,"255":0,"256":0,"257":0,"258":0,"259":0,"260":0,"261":0,"262":0,"263":0,"264":0,"265":0,"266":0,"267":0,"268":0,"269":0,"270":0,"271":0,"272":0,"273":0,"274":0,"275":0,"276":0,"277":0,"278":0,"279":0,"280":0,"281":0,"282":0,"283":0,"284":0,"285":0,"286":0,"287":0,"288":0},"f":{"0":0,"1":0,"2":0,"3":0,"4":0,"5":0,"6":0,"7":0,"8":0,"9":0,"10":0,"11":0,"12":0,"13":0,"14":0,"15":0,"16":0,"17":0,"18":0,"19":0,"20":0,"21":0,"22":0,"23":0,"24":0,"25":0,"26":0,"27":0,"28":0,"29":0,"30":0,"31":0,"32":0,"33":0,"34":0,"35":0,"36":0,"37":0,"38":0,"39":0,"40":0,"41":0,"42":0,"43":0,"44":0,"45":0,"46":0,"47":0,"48":0,"49":0,"50":0,"51":0,"52":0,"53":0,"54":0},"b":{"0":[0,0],"1":[0,0],"2":[0,0],"3":[0,0],"4":[0,0],"5":[0,0],"6":[0,0],"7":[0,0],"8":[0,0],"9":[0,0],"10":[0,0],"11":[0,0],"12":[0,0],"13":[0,0],"14":[0,0],"15":[0,0],"16":[0,0],"17":[0,0],"18":[0,0],"19":[0,0],"20":[0,0],"21":[0,0],"22":[0,0],"23":[0,0],"24":[0,0],"25":[0,0],"26":[0,0],"27":[0,0],"28":[0,0],"29":[0,0],"30":[0,0],"31":[0,0],"32":[0,0],"33":[0,0],"34":[0,0],"35":[0,0],"36":[0,0],"37":[0,0],"38":[0,0],"39":[0,0],"40":[0,0],"41":[0,0],"42":[0,0],"43":[0,0],"44":[0,0],"45":[0,0],"46":[0,0],"47":[0,0],"48":[0,0],"49":[0,0],"50":[0,0],"51":[0,0],"52":[0,0],"53":[0,0],"54":[0,0,0],"55":[0,0],"56":[0,0],"57":[0,0],"58":[0,0],"59":[0,0],"60":[0,0],"61":[0,0],"62":[0,0],"63":[0,0],"64":[0,0],"65":[0,0],"66":[0,0],"67":[0,0],"68":[0,0],"69":[0,0],"70":[0,0],"71":[0,0],"72":[0,0],"73":[0,0],"74":[0,0],"75":[0,0],"76":[0,0],"77":[0,0],"78":[0,0],"79":[0,0],"80":[0,0],"81":[0,0],"82":[0,0],"83":[0,0],"84":[0,0],"85":[0,0],"86":[0,0],"87":[0,0],"88":[0,0],"89":[
[...]
,"C:\\Users\\thist\\InsightEngine_Desktop\\src\\utils\\fileValidator.js": {"path":"C:\\Users\\thist\\InsightEngine_Desktop\\src\\utils\\fileValidator.js","statementMap":{"0":{"start":{"line":13,"column":19},"end":{"line":13,"column":48}},"1":{"start":{"line":16,"column":4},"end":{"line":19,"column":5}},"2":{"start":{"line":17,"column":6},"end":{"line":17,"column":29}},"3":{"start":{"line":18,"column":6},"end":{"line":18,"column":159}},"4":{"start":{"line":22,"column":22},"end":{"line":22,"column":83}},"5":{"start":{"line":23,"column":4},"end":{"line":26,"column":5}},"6":{"start":{"line":24,"column":6},"end":{"line":24,"column":29}},"7":{"start":{"line":25,"column":6},"end":{"line":25,"column":133}},"8":{"start":{"line":29,"column":26},"end":{"line":29,"column":58}},"9":{"start":{"line":30,"column":4},"end":{"line":33,"column":5}},"10":{"start":{"line":31,"column":6},"end":{"line":31,"column":29}},"11":{"start":{"line":32,"column":6},"end":{"line":32,"column":66}},"12":{"start":{"line":35,"column":4},"end":{"line":35,"column":18}},"13":{"start":{"line":44,"column":19},"end":{"line":44,"column":62}},"14":{"start":{"line":46,"column":4},"end":{"line":99,"column":5}},"15":{"start":{"line":47,"column":20},"end":{"line":47,"column":67}},"16":{"start":{"line":47,"column":55},"end":{"line":47,"column":66}},"17":{"start":{"line":50,"column":6},"end":{"line":54,"column":7}},"18":{"start":{"line":51,"column":8},"end":{"line":51,"column":31}},"19":{"start":{"line":52,"column":8},"end":{"line":52,"column":44}},"20":{"start":{"line":53,"column":8},"end":{"line":53,"column":22}},"21":{"start":{"line":57,"column":21},"end":{"line":57,"column":81}},"22":{"start":{"line":57,"column":52},"end":{"line":57,"column":80}},"23":{"start":{"line":59,"column":6},"end":{"line":63,"column":7}},"24":{"start":{"line":60,"column":8},"end":{"line":60,"column":31}},"25":{"start":{"line":61,"column":8},"end":{"line":61,"column":68}},"26":{"start":{"line":62,"column":8},"end":{"line":62,"column":22}},"27":{"start":{"line":66,"column":6},"end":{"line":76,"column":9}},"28":{"start":{"line":67,"column":8},"end":{"line":69,"column":9}},"29":{"start":{"line":68,"column":10},"end":{"line":68,"column":128}},"30":{"start":{"line":72,"column":27},"end":{"line":72,"column":63}},"31":{"start":{"line":72,"column":48},"end":{"line":72,"column":62}},"32":{"start":{"line":73,"column":8},"end":{"line":75,"column":9}},"33":{"start":{"line":74,"column":10},"end":{"line":74,"column":74}},"34":{"start":{"line":79,"column":6},"end":{"line":81,"column":7}},"35":{"start":{"line":80,"column":8},"end":{"line":80,"column":80}},"36":{"start":{"line":84,"column":6},"end":{"line":94,"column":7}},"37":{"start":{"line":85,"column":32},"end":{"line":85,"column":45}},"38":{"start":{"line":87,"column":8},"end":{"line":93,"column":9}},"39":{"start":{"line":87,"column":21},"end":{"line":87,"column":22}},"40":{"start":{"line":88,"column":22},"end":{"line":88,"column":82}},"41":{"start":{"line":88,"column":53},"end":{"line":88,"column":81}},"42":{"start":{"line":90,"column":10},"end":{"line":92,"column":11}},"43":{"start":{"line":91,"column":12},"end":{"line":91,"column":107}},"44":{"start":{"line":97,"column":6},"end":{"line":97,"column":29}},"45":{"start":{"line":98,"column":6},"end":{"line":98,"column":72}},"46":{"start":{"line":101,"column":4},"end":{"line":101,"column":18}},"47":{"start":{"line":111,"column":4},"end":{"line":116,"column":25}},"48":{"start":{"line":125,"column":4},"end":{"line":125,"column":38}},"49":{"start":{"line":125,"column":21},"end":{"line":125,"column":38}},"50":{"start":{"line":126,"column":14},"end":{"line":126,"column":18}},"51":{"start":{"line":127,"column":18},"end":{"line":127,"column":45}},"52":{"start":{"line":128,"column":14},"end":{"line":128,"column":55}},"53":{"start":{"line":129,"column":4},"end":{"line":129,"column":76}},"54":{"start":{"line":138,"column":22},"end":{"line":138,"column":44}},"55":{"start":{"line":139,"column":23},"end":{"line":139,"column":39}},"56":{"start":{"line":141,"column":24},"end":{"line":141,"column":27}},"57":{"start":{"line":142,"column":19},"end":{"line":142,"column":20}},"58":{"start":{"line":144,"column":4},"end":{"line":150,"column":7}},"59":{"start":{"line":145,"column":20},"end":{"line":145,"column":85}},"60":{"start":{"line":146,"column":6},"end":{"line":149,"column":7}},"61":{"start":{"line":147,"column":8},"end":{"line":147,"column":25}},"62":{"start":{"line":148,"column":8},"end":{"line":148,"column":34}},"63":{"start":{"line":152,"column":4},"end":{"line":152,"column":25}},"64":{"start":{"line":163,"column":26},"end":{"line":163,"column":63}},"65":{"start":{"line":164,"column":24},"end":{"line":164,"column":56}},"66":{"start":{"line":165,"column":4},"end":{"line":165,"column":50}},"67":{"start":{"line":179,"column":18},"end":{"line":179,"column":65}},"68":{"start":{"line":179,"column":53},"end":{"line":179,"column":64}},"69":{"start":{"line":180,"column":19},"end":{"line":180,"column":79}},"70":{"start":{"line":180,"column":50},"end":{"line":180,"column":78}},"71":{"start":{"line":182,"column":21},"end":{"line":189,"column":5}},"72":{"start":{"line":191,"column":4},"end":{"line":191,"column":20}},"73":{"start":{"line":201,"column":19},"end":{"line":201,"column":21}},"74":{"start":{"line":203,"column":4},"end":{"line":254,"column":7}},"75":{"start":{"line":204,"column":25},"end":{"line":209,"column":7}},"76":{"start":{"line":212,"column":25},"end":{"line":212,"column":55}},"77":{"start":{"line":213,"column":25},"end":{"line":213,"column":26}},"78":{"start":{"line":214,"column":22},"end":{"line":214,"column":23}},"79":{"start":{"line":215,"column":22},"end":{"line":215,"column":23}},"80":{"start":{"line":216,"column":21},"end":{"line":216,"column":30}},"81":{"start":{"line":218,"column":6},"end":{"line":239,"column":7}},"82":{"start":{"line":218,"column":19},"end":{"line":218,"column":20}},"83":{"start":{"line":219,"column":20},"end":{"line":219,"column":81}},"84":{"start":{"line":219,"column":52},"end":{"line":219,"column":80}},"85":{"start":{"line":220,"column":22},"end":{"line":220,"column":34}},"86":{"start":{"line":222,"column":8},"end":{"line":225,"column":9}},"87":{"start":{"line":223,"column":10},"end":{"line":223,"column":22}},"88":{"start":{"line":224,"column":10},"end":{"line":224,"column":19}},"89":{"start":{"line":227,"column":8},"end":{"line":227,"column":26}},"90":{"start":{"line":230,"column":8},"end":{"line":232,"column":9}},"91":{"start":{"line":231,"column":10},"end":{"line":231,"column":25}},"92":{"start":{"line":235,"column":28},"end":{"line":235,"column":69}},"93":{"start":{"line":236,"column":8},"end":{"line":238,"column":9}},"94":{"start":{"line":237,"column":10},"end":{"line":237,"column":22}},"95":{"start":{"line":242,"column":24},"end":{"line":242,"column":40}},"96":{"start":{"line":243,"column":6},"end":{"line":247,"column":7}},"97":{"start":{"line":244,"column":8},"end":{"line":244,"column":35}},"98":{"start":{"line":245,"column":13},"end":{"line":247,"column":7}},"99":{"start":{"line":246,"column":8},"end":{"line":246,"column":33}},"100":{"start":{"line":249,"column":6},"end":{"line":249,"column":42}},"101":{"start":{"line":250,"column":6},"end":{"line":250,"column":58}},"102":{"start":{"line":251,"column":6},"end":{"line":251,"column":46}},"103":{"start":{"line":253,"column":6},"end":{"line":253,"column":30}},"104":{"start":{"line":256,"column":4},"end":{"line":256,"column":18}},"105":{"start":{"line":266,"column":18},"end":{"line":271,"column":5}},"106":{"start":{"line":273,"column":22},"end":{"line":273,"column":31}},"107":{"start":{"line":274,"column":21},"end":{"line":274,"column":30}},"108":{"start":{"line":276,"column":4},"end":{"line":293,"column":5}},"109":{"start":{"line":276,"column":17},"end":{"line":276,"column":18}},"110":{"start":{"line":277,"column":18},"end":{"line":277,"column":78}},"111":{"start":{"line":277,"column":49},"end":{"line":277,"column":77}},"112":{"start":{"line":280,"column":6},"end":{"line":284,"column":9}},"113":{"start":{"line":281,"column":8},"end":{"line":283,"column":9}},"114":{"start":{"line":282,"column":10},"end":{"line":282,"column":29}},"115":{"start":{"line":287,"column":22},"end":{"line":287,"column":35}},"116":{"start":{"line":288,"column":6},"end":{"line":292,"column":7}},"117":{"start":{"line":289,"column":8},"end":{"line":289,"column":30}},"118":{"start":{"line":291,"column":8},"end":{"line":291,"column":30}},"119":{"start":{"line":295,"column":4},"end":{"line":295,"column":17}}},"fnMap":{"0":{"name":"(anonymous_0)","decl":{"start":{"line":12,"column":2},"end":{"line":12,"column":3}},"loc":{"start":{"line":12,"column":28},"end":{"line":36,"column":3}},"line":12},"1":{"name":"(anonymous_1)","decl":{"start":{"line":43,"column":2},"end":{"line":43,"column":3}},"loc":{"start":{"line":43,"column":37},"end":{"line":102,"column":3}},"line":43},"2":{"name":"(anonymous_2)","decl":{"start":{"line":47,"column":47},"end":{"line":47,"column":48}},"loc":{"start":{"line":47,"column":55},"end":{"line":47,"column":66}},"line":47},"3":{"name":"(anonymous_3)","decl":{"start":{"line":57,"column":45},"end":{"line":57,"column":46}},"loc":{"start":{"line":57,"column":52},"end":{"line":57,"column":80}},"line":57},"4":{"name":"(anonymous_4)","decl":{"start":{"line":66,"column":21},"end":{"line":66,"column":22}},"loc":{"start":{"line":66,"column":40},"end":{"line":76,"column":7}},"line":66},"5":{"name":"(anonymous_5)","decl":{"start":{"line":72,"column":41},"end":{"line":72,"column":42}},"loc":{"start":{"line":72,"column":48},"end":{"line":72,"column":62}},"line":72},"6":{"name":"(anonymous_6)","decl":{"start":{"line":88,"column":46},"end":{"line":88,"column":47}},"loc":{"start":{"line":88,"column":53},"end":{"line":88,"column":81}},"line":88},"7":{"name":"(anonymous_7)","decl":{"start":{"line":109,"column":2},"end":{"line":109,"column":3}},"loc":{"start":{"line":109,"column":36},"end":{"line":117,"column":3}},"line":109},"8":{"name":"(anonymous_8)","decl":{"start":{"line":124,"column":2},"end":{"line":124,"column":3}},"loc":{"start":{"line":124,"column":31},"end":{"line":130,"column":3}},"line":124},"9":{"name":"(anonymous_9)","decl":{"start":{"line":137,"column":2},"end":{"line":137,"column":3}},"loc":{"start":{"line":137,"column":34},"end":{"line":153,"column":3}},"line":137},"10":{"name":"(anonymous_10)","decl":{"start":{"line":144,"column":23},"end":{"line":144,"column":24}},"loc":{"start":{"line":144,"column":36},"end":{"line":150,"column":5}},"line":144},"11":{"name":"(anonymous_11)","decl":{"start":{"line":161,"column":2},"end":{"line":161,"column":3}},"loc":{"start":{"line":161,"column":48},"end":{"line":166,"column":3}},"line":161},"12":{"name":"(anonymous_12)","decl":{"start":{"line":178,"column":2},"end":{"line":178,"column":3}},"loc":{"start":{"line":178,"column":26},"end":{"line":192,"column":3}},"line":178},"13":{"name":"(anonymous_13)","decl":{"start":{"line":179,"column":45},"end":{"line":179,"column":46}},"loc":{"start":{"line":179,"column":53},"end":{"line":179,"column":64}},"line":179},"14":{"name":"(anonymous_14)","decl":{"start":{"line":180,"column":43},"end":{"line":180,"column":44}},"loc":{"start":{"line":180,"column":50},"end":{"line":180,"column":78}},"line":180},"15":{"name":"(anonymous_15)","decl":{"start":{"line":200,"column":2},"end":{"line":200,"column":3}},"loc":{"start":{"line":200,"column":36},"end":{"line":257,"column":3}},"line":200},"16":{"name":"(anonymous_16)","decl":{"start":{"line":203,"column":19},"end":{"line":203,"column":20}},"loc":{"start":{"line":203,"column":38},"end":{"line":254,"column":5}},"line":203},"17":{"name":"(anonymous_17)","decl":{"start":{"line":219,"column":45},"end":{"line":219,"column":46}},"loc":{"start":{"line":219,"column":52},"end":{"line":219,"column":80}},"line":219},"18":{"name":"(anonymous_18)","decl":{"start":{"line":265,"column":2},"end":{"line":265,"column":3}},"loc":{"start":{"line":265,"column":44},"end":{"line":296,"column":3}},"line":265},"19":{"name":"(anonymous_19)","decl":{"start":{"line":277,"column":42},"end":{"line":277,"column":43}},"loc":{"start":{"line":277,"column":49},"end":{"line":277,"column":77}},"line":277},"20":{"name":"(anonymous_20)","decl":{"start":{"line":280,"column":18},"end":{"line":280,"column":19}},"loc":{"start":{"line":280,"column":26},"end":{"line":284,"column":7}},"line":280}},"branchMap":{"0":{"loc":{"start":{"line":16,"column":4},"end":{"line":19,"column":5}},"type":"if","locations":[{"start":{"line":16,"column":4},"end":{"line":19,"column":5}},{"start":{},"end":{}}],"line":16},"1":{"loc":{"start":{"line":23,"column":4},"end":{"line":26,"column":5}},"type":"if","locations":[{"start":{"line":23,"column":4},"end":{"line":26,"column":5}},{"start":{},"end":{}}],"line":23},"2":{"loc":{"start":{"line":30,"column":4},"end":{"line":33,"column":5}},"type":"if","locations":[{"start":{"line":30,"column":4},"end":{"line":33,"column":5}},{"start":{},"end":{}}],"line":30},"3":{"loc":{"start":{"line":50,"column":6},"end":{"line":54,"column":7}},"type":"if","locations":[{"start":{"line":50,"column":6},"end":{"line":54,"column":7}},{"start":{},"end":{}}],"line":50},"4":{"loc":{"start":{"line":59,"column":6},"end":{"line":63,"column":7}},"type":"if","locations":[{"start":{"line":59,"column":6},"end":{"line":63,"column":7}},{"start":{},"end":{}}],"line":59},"5":{"loc":{"start":{"line":59,"column":10},"end":{"line":59,"column":74}},"type":"binary-expr","locations":[{"start":{"line":59,"column":10},"end":{"line":59,"column":29}},{"start":{"line":59,"column":34},"end":{"line":59,"column":53}},{"start":{"line":59,"column":57},"end":{"line":59,"column":73}}],"line":59},"6":{"loc":{"start":{"line":67,"column":8},"end":{"line":69,"column":9}},"type":"if","locations":[{"start":{"line":67,"column":8},"end":{"line":69,"column":9}},{"start":{},"end":{}}],"line":67},"7":{"loc":{"start":{"line":73,"column":8},"end":{"line":75,"column":9}},"type":"if","locations":[{"start":{"line":73,"column":8},"end":{"line":75,"column":9}},{"start":{},"end":{}}],"line":73},"8":{"loc":{"start":{"line":79,"column":6},"end":{"line":81,"column":7}},"type":"if","locations":[{"start":{"line":79,"column":6},"end":{"line":81,"column":7}},{"start":{},"end":{}}],"line":79},"9":{"loc":{"start":{"line":84,"column":6},"end":{"line":94,"column":7}},"type":"if","locations":[{"start":{"line":84,"column":6},"end":{"line":94,"column":7}},{"start":{},"end":{}}],"line":84},"10":{"loc":{"start":{"line":90,"column":10},"end":{"line":92,"column":11}},"type":"if","locations":[{"start":{"line":90,"column":10},"end":{"line":92,"column":11}},{"start":{},"end":{}}],"line":90},"11":{"loc":{"start":{"line":125,"column":4},"end":{"line":125,"column":38}},"type":"if","locations":[{"start":{"line":125,"column":4},"end":{"line":125,"column":38}},{"start":{},"end":{}}],"line":125},"12":{"loc":{"start":{"line":145,"column":21},"end":{"line":145,"column":77}},"type":"binary-expr","locations":[{"start":{"line":145,"column":21},"end":{"line":145,"column":71}},{"start":{"line":145,"column":75},"end":{"line":145,"column":77}}],"line":145},"13":{"loc":{"start":{"line":146,"column":6},"end":{"line":149,"column":7}},"type":"if","locations":[{"start":{"line":146,"column":6},"end":{"line":149,"column":7}},{"start":{},"end":{}}],"line":146},"14":{"loc":{"start":{"line":222,"column":8},"end":{"line":225,"column":9}},"type":"if","locations":[{"start":{"line":222,"column":8},"end":{"line":225,"column":9}},{"start":{},"end":{}}],"line":222},"15":{"loc":{"start":{"line":222,"column":12},"end":{"line":222,"column":34}},"type":"binary-expr","locations":[{"start":{"line":222,"column":12},"end":{"line":222,"column":18}},{"start":{"line":222,"column":22},"end":{"line":222,"column":34}}],"line":222},"16":{"loc":{"start":{"line":230,"column":8},"end":{"line":232,"column":9}},"type":"if","locations":[{"start":{"line":230,"column":8},"end":{"line":232,"column":9}},{"start":{},"end":{}}],"line":230},"17":{"loc":{"start":{"line":230,"column":12},"end":{"line":230,"column":54}},"type":"binary-expr","locations":[{"start":{"line":230,"column":12},"end":{"line":230,"column":25}},{"start":{"line":230,"column":29},"end":{"line":230,"column":54}}],"line":230},"18":{"loc":{"start":{"line":236,"column":8},"end":{"line":238,"column":9}},"type":"if","locations":[{"start":{"line":236,"column":8},"end":{"line":238,"column":9}},{"start":{},"end":{}}],"line":236},"19":{"loc":{"start":{"line":243,"column":6},"end":{"line":247,"column":7}},"type":"if","locations":[{"start":{"line":243,"column":6},"end":{"line":247,"column":7}},{"start":{"line":245,"column":13},"end":{"line":247,"column":7}}],"line":243},"20":{"loc":{"start":{"line":245,"column":13},"end":{"line":247,"column":7}},"type":"if","locations":[{"start":{"line":245,"column":13},"end":{"line":247,"column":7}},{"start":{},"end":{}}],"line":245},"21":{"loc":{"start":{"line":281,"column":8},"end":{"line":283,"column":9}},"type":"if","locations":[{"start":{"line":281,"column":8},"end":{"line":283,"column":9}},{"start":{},"end":{}}],"line":281},"22":{"loc":{"start":{"line":281,"column":12},"end":{"line":281,"column":32}},"type":"binary-expr","locations":[{"start":{"line":281,"column":12},"end":{"line":281,"column":17}},{"start":{"line":281,"column":21},"end":{"line":281,"column":32}}],"line":281},"23":{"loc":{"start":{"line":288,"column":6},"end":{"line":292,"column":7}},"type":"if","locations":[{"start":{"line":288,"column":6},"end":{"line":292,"column":7}},{"start":{"line":290,"column":13},"end":{"line":292,"column":7}}],"line":288}},"s":{"0":5,"1":5,"2":1,"3":1,"4":5,"5":5,"6":1,"7":1,"8":5,"9":5,"10":1,"11":1,"12":5,"13":7,"14":7,"15":7,"16":16,"17":7,"18":2,"19":2,"20":2,"21":5,"22":17,"23":5,"24":0,"25":0,"26":0,"27":5,"28":17,"29":1,"30":17,"31":59,"32":17,"33":2,"34":5,"35":1,"36":5,"37":4,"38":4,"39":4,"40":7,"41":23,"42":7,"43":2,"44":0,"45":0,"46":5,"47":10,"48":2,"49":0,"50":2,"51":2,"52":2,"53":2,"54":4,"55":4,"56":4,"57":4,"58":4,"59":12,"60":12,"61":3,"62":3,"63":4,"64":1,"65":1,"66":1,"67":2,"68":4,"69":2,"70":6,"71":2,"72":2,"73":6,"74":6,"75":15,"76":15,"77":15,"78":15,"79":15,"80":15,"81":15,"82":15,"83":31,"84":77,"85":31,"86":31,"87":1,"88":1,"89":30,"90":30,"91":13,"92":30,"93":30,"94":2,"95":15,"96":15,"97":7,"98":8,"99":1,"100":15,"101":15,"102":15,"103":15,"104":6,"105":5,"106":5,"107":5,"108":5,"109":5,"110":11,"111":27,"112":11,"113":27,"114":2,"115":11,"116":11,"117":1,"118":10,"119":5},"f":{"0":5,"1":7,"2":16,"3":17,"4":17,"5":59,"6":23,"7":10,"8":2,"9":4,"10":12,"11":1,"12":2,"13":4,"14":6,"15":6,"16":15,"17":77,"18":5,"19":27,"20":27},"b":{"0":[1,4],"1":[1,4],"2":[1,4],"3":[2,5],"4":[0,5],"5":[5,5,0],"6":[1,16],"7":[2,15],"8":[1,4],"9":[4,1],"10":[2,5],"11":[0,2],"12":[12,9],"13":[3,9],"14":[1,30],"15":[31,30],"16":[13,17],"17":[30,13],"18":[2,28],"19":[7,8],"20":[1,7],"21":[2,25],"22":[27,25],"23":[1,10]},"_coverageSchema":"1a1c01bbd47fc00a2c39e90264f33305004495a9","hash":"312c9161e0756e468aa9d43a979e8be81371c9fd"}
}
