TN:
SF:src\App-refactored.jsx
FN:13,App
FN:35,(anonymous_1)
FN:36,(anonymous_2)
FN:40,(anonymous_3)
FN:50,(anonymous_4)
FN:51,(anonymous_5)
FN:53,(anonymous_6)
FN:63,(anonymous_7)
FN:66,(anonymous_8)
FN:73,(anonymous_9)
FN:82,(anonymous_10)
FN:90,(anonymous_11)
FN:99,(anonymous_12)
FN:110,(anonymous_13)
FN:116,(anonymous_14)
FN:121,(anonymous_15)
FN:126,(anonymous_16)
FN:134,(anonymous_17)
FN:146,(anonymous_18)
FN:149,(anonymous_19)
FN:158,(anonymous_20)
FN:164,(anonymous_21)
FN:176,(anonymous_22)
FN:195,(anonymous_23)
FN:195,(anonymous_24)
FN:196,(anonymous_25)
FN:196,(anonymous_26)
FN:209,(anonymous_27)
FN:231,(anonymous_28)
FN:241,(anonymous_29)
FN:250,(anonymous_30)
FN:253,(anonymous_31)
FN:257,(anonymous_32)
FN:300,(anonymous_33)
FNF:34
FNH:0
FNDA:0,App
FNDA:0,(anonymous_1)
FNDA:0,(anonymous_2)
FNDA:0,(anonymous_3)
FNDA:0,(anonymous_4)
FNDA:0,(anonymous_5)
FNDA:0,(anonymous_6)
FNDA:0,(anonymous_7)
FNDA:0,(anonymous_8)
FNDA:0,(anonymous_9)
FNDA:0,(anonymous_10)
FNDA:0,(anonymous_11)
FNDA:0,(anonymous_12)
FNDA:0,(anonymous_13)
FNDA:0,(anonymous_14)
FNDA:0,(anonymous_15)
FNDA:0,(anonymous_16)
FNDA:0,(anonymous_17)
FNDA:0,(anonymous_18)
FNDA:0,(anonymous_19)
FNDA:0,(anonymous_20)
FNDA:0,(anonymous_21)
FNDA:0,(anonymous_22)
FNDA:0,(anonymous_23)
FNDA:0,(anonymous_24)
FNDA:0,(anonymous_25)
FNDA:0,(anonymous_26)
FNDA:0,(anonymous_27)
FNDA:0,(anonymous_28)
FNDA:0,(anonymous_29)
FNDA:0,(anonymous_30)
FNDA:0,(anonymous_31)
FNDA:0,(anonymous_32)
FNDA:0,(anonymous_33)
DA:15,0
DA:16,0
DA:17,0
DA:18,0
DA:19,0
DA:20,0
DA:21,0
DA:22,0
DA:25,0
DA:26,0
DA:27,0
DA:30,0
DA:31,0
DA:32,0
DA:35,0
DA:36,0
DA:37,0
DA:38,0
DA:40,0
DA:46,0
DA:50,0
DA:51,0
DA:53,0
DA:54,0
DA:55,0
DA:56,0
DA:58,0
DA:63,0
DA:64,0
DA:65,0
DA:66,0
DA:67,0
DA:68,0
DA:73,0
DA:74,0
DA:75,0
DA:77,0
DA:78,0
DA:79,0
DA:82,0
DA:88,0
DA:90,0
DA:95,0
DA:99,0
DA:100,0
DA:101,0
DA:102,0
DA:104,0
DA:105,0
DA:110,0
DA:111,0
DA:112,0
DA:116,0
DA:117,0
DA:119,0
DA:120,0
DA:121,0
DA:122,0
DA:124,0
DA:126,0
DA:127,0
DA:131,0
DA:134,0
DA:137,0
DA:138,0
DA:139,0
DA:142,0
DA:143,0
DA:146,0
DA:149,0
DA:154,0
DA:158,0
DA:159,0
DA:161,0
DA:162,0
DA:164,0
DA:165,0
DA:173,0
DA:174,0
DA:175,0
DA:176,0
DA:177,0
DA:178,0
DA:179,0
DA:182,0
DA:184,0
DA:187,0
DA:190,0
DA:191,0
DA:192,0
DA:195,0
DA:196,0
DA:198,0
DA:199,0
DA:200,0
DA:203,0
DA:204,0
DA:205,0
DA:207,0
DA:208,0
DA:209,0
DA:213,0
DA:214,0
DA:217,0
DA:224,0
DA:231,0
DA:237,0
DA:240,0
DA:241,0
DA:246,0
DA:250,0
DA:253,0
DA:254,0
DA:257,0
DA:258,0
DA:261,0
DA:300,0
LF:117
LH:0
BRDA:54,0,0,0
BRDA:54,0,1,0
BRDA:56,1,0,0
BRDA:56,1,1,0
BRDA:56,2,0,0
BRDA:56,2,1,0
BRDA:117,3,0,0
BRDA:117,3,1,0
BRDA:117,4,0,0
BRDA:117,4,1,0
BRDA:138,5,0,0
BRDA:138,5,1,0
BRDA:159,6,0,0
BRDA:159,6,1,0
BRDA:159,7,0,0
BRDA:159,7,1,0
BRDA:165,8,0,0
BRDA:165,8,1,0
BRDA:165,8,2,0
BRDA:165,8,3,0
BRDA:165,8,4,0
BRDA:177,9,0,0
BRDA:177,9,1,0
BRDA:182,10,0,0
BRDA:182,10,1,0
BRDA:184,11,0,0
BRDA:184,11,1,0
BRDA:195,12,0,0
BRDA:195,12,1,0
BRDA:196,13,0,0
BRDA:196,13,1,0
BRDA:199,14,0,0
BRDA:199,14,1,0
BRDA:233,15,0,0
BRDA:233,15,1,0
BRDA:262,16,0,0
BRDA:262,16,1,0
BRDA:286,17,0,0
BRDA:286,17,1,0
BRDA:302,18,0,0
BRDA:302,18,1,0
BRF:41
BRH:0
end_of_record
TN:
SF:src\App.jsx
FN:11,App
FN:41,(anonymous_1)
FN:42,(anonymous_2)
FN:60,(anonymous_3)
FN:65,(anonymous_4)
FN:66,(anonymous_5)
FN:67,(anonymous_6)
FN:75,(anonymous_7)
FN:78,(anonymous_8)
FN:84,(anonymous_9)
FN:95,(anonymous_10)
FN:99,(anonymous_11)
FN:109,(anonymous_12)
FN:114,(anonymous_13)
FN:119,(anonymous_14)
FN:162,(anonymous_15)
FN:167,(anonymous_16)
FN:180,(anonymous_17)
FN:181,(anonymous_18)
FN:191,(anonymous_19)
FN:200,(anonymous_20)
FN:211,(anonymous_21)
FN:211,(anonymous_22)
FN:212,(anonymous_23)
FN:212,(anonymous_24)
FN:234,(anonymous_25)
FN:239,(anonymous_26)
FN:245,(anonymous_27)
FN:254,(anonymous_28)
FN:304,(anonymous_29)
FN:309,(anonymous_30)
FN:316,(anonymous_31)
FN:316,(anonymous_32)
FN:331,(anonymous_33)
FN:344,(anonymous_34)
FN:361,(anonymous_35)
FN:365,(anonymous_36)
FN:376,(anonymous_37)
FN:381,(anonymous_38)
FN:386,(anonymous_39)
FN:391,(anonymous_40)
FN:393,(anonymous_41)
FN:398,(anonymous_42)
FN:473,(anonymous_43)
FN:477,(anonymous_44)
FN:497,(anonymous_45)
FN:501,(anonymous_46)
FN:503,(anonymous_47)
FN:540,(anonymous_48)
FN:573,(anonymous_49)
FN:576,(anonymous_50)
FN:591,(anonymous_51)
FN:592,(anonymous_52)
FN:625,(anonymous_53)
FN:767,(anonymous_54)
FNF:55
FNH:0
FNDA:0,App
FNDA:0,(anonymous_1)
FNDA:0,(anonymous_2)
FNDA:0,(anonymous_3)
FNDA:0,(anonymous_4)
FNDA:0,(anonymous_5)
FNDA:0,(anonymous_6)
FNDA:0,(anonymous_7)
FNDA:0,(anonymous_8)
FNDA:0,(anonymous_9)
FNDA:0,(anonymous_10)
FNDA:0,(anonymous_11)
FNDA:0,(anonymous_12)
FNDA:0,(anonymous_13)
FNDA:0,(anonymous_14)
FNDA:0,(anonymous_15)
FNDA:0,(anonymous_16)
FNDA:0,(anonymous_17)
FNDA:0,(anonymous_18)
FNDA:0,(anonymous_19)
FNDA:0,(anonymous_20)
FNDA:0,(anonymous_21)
FNDA:0,(anonymous_22)
FNDA:0,(anonymous_23)
FNDA:0,(anonymous_24)
FNDA:0,(anonymous_25)
FNDA:0,(anonymous_26)
FNDA:0,(anonymous_27)
FNDA:0,(anonymous_28)
FNDA:0,(anonymous_29)
FNDA:0,(anonymous_30)
FNDA:0,(anonymous_31)
FNDA:0,(anonymous_32)
FNDA:0,(anonymous_33)
FNDA:0,(anonymous_34)
FNDA:0,(anonymous_35)
FNDA:0,(anonymous_36)
FNDA:0,(anonymous_37)
FNDA:0,(anonymous_38)
FNDA:0,(anonymous_39)
FNDA:0,(anonymous_40)
FNDA:0,(anonymous_41)
FNDA:0,(anonymous_42)
FNDA:0,(anonymous_43)
FNDA:0,(anonymous_44)
FNDA:0,(anonymous_45)
FNDA:0,(anonymous_46)
FNDA:0,(anonymous_47)
FNDA:0,(anonymous_48)
FNDA:0,(anonymous_49)
FNDA:0,(anonymous_50)
FNDA:0,(anonymous_51)
FNDA:0,(anonymous_52)
FNDA:0,(anonymous_53)
FNDA:0,(anonymous_54)
DA:9,0
DA:12,0
DA:13,0
DA:14,0
DA:15,0
DA:16,0
DA:17,0
DA:18,0
DA:19,0
DA:20,0
DA:21,0
DA:22,0
DA:23,0
DA:26,0
DA:27,0
DA:28,0
DA:31,0
DA:36,0
DA:37,0
DA:39,0
DA:41,0
DA:42,0
DA:43,0
DA:44,0
DA:45,0
DA:46,0
DA:47,0
DA:48,0
DA:51,0
DA:52,0
DA:54,0
DA:55,0
DA:57,0
DA:60,0
DA:61,0
DA:62,0
DA:65,0
DA:66,0
DA:67,0
DA:68,0
DA:69,0
DA:70,0
DA:75,0
DA:76,0
DA:77,0
DA:78,0
DA:79,0
DA:80,0
DA:84,0
DA:85,0
DA:86,0
DA:87,0
DA:88,0
DA:89,0
DA:90,0
DA:91,0
DA:94,0
DA:95,0
DA:96,0
DA:98,0
DA:99,0
DA:100,0
DA:101,0
DA:104,0
DA:105,0
DA:109,0
DA:112,0
DA:114,0
DA:116,0
DA:119,0
DA:120,0
DA:122,0
DA:123,0
DA:124,0
DA:125,0
DA:126,0
DA:131,0
DA:137,0
DA:148,0
DA:150,0
DA:151,0
DA:154,0
DA:155,0
DA:157,0
DA:158,0
DA:162,0
DA:163,0
DA:164,0
DA:167,0
DA:168,0
DA:169,0
DA:171,0
DA:174,0
DA:175,0
DA:178,0
DA:179,0
DA:180,0
DA:181,0
DA:183,0
DA:184,0
DA:188,0
DA:189,0
DA:190,0
DA:191,0
DA:192,0
DA:193,0
DA:194,0
DA:199,0
DA:200,0
DA:201,0
DA:206,0
DA:207,0
DA:211,0
DA:212,0
DA:214,0
DA:218,0
DA:219,0
DA:220,0
DA:221,0
DA:222,0
DA:223,0
DA:226,0
DA:227,0
DA:228,0
DA:229,0
DA:230,0
DA:231,0
DA:233,0
DA:234,0
DA:237,0
DA:238,0
DA:239,0
DA:243,0
DA:244,0
DA:245,0
DA:249,0
DA:250,0
DA:251,0
DA:252,0
DA:253,0
DA:254,0
DA:260,0
DA:264,0
DA:268,0
DA:275,0
DA:285,0
DA:286,0
DA:289,0
DA:300,0
DA:303,0
DA:304,0
DA:306,0
DA:309,0
DA:310,0
DA:313,0
DA:314,0
DA:316,0
DA:320,0
DA:321,0
DA:322,0
DA:323,0
DA:324,0
DA:325,0
DA:326,0
DA:327,0
DA:328,0
DA:331,0
DA:332,0
DA:333,0
DA:336,0
DA:337,0
DA:339,0
DA:340,0
DA:341,0
DA:343,0
DA:344,0
DA:345,0
DA:346,0
DA:347,0
DA:350,0
DA:351,0
DA:352,0
DA:353,0
DA:354,0
DA:355,0
DA:358,0
DA:361,0
DA:362,0
DA:363,0
DA:364,0
DA:365,0
DA:366,0
DA:367,0
DA:368,0
DA:370,0
DA:372,0
DA:374,0
DA:376,0
DA:381,0
DA:382,0
DA:383,0
DA:386,0
DA:388,0
DA:391,0
DA:393,0
DA:395,0
DA:398,0
DA:400,0
DA:431,0
DA:443,0
DA:444,0
DA:451,0
DA:452,0
DA:453,0
DA:454,0
DA:457,0
DA:459,0
DA:461,0
DA:466,0
DA:467,0
DA:470,0
DA:473,0
DA:474,0
DA:475,0
DA:476,0
DA:477,0
DA:478,0
DA:480,0
DA:482,0
DA:484,0
DA:485,0
DA:486,0
DA:489,0
DA:490,0
DA:491,0
DA:493,0
DA:494,0
DA:497,0
DA:500,0
DA:501,0
DA:503,0
DA:505,0
DA:508,0
DA:510,0
DA:541,0
DA:574,0
DA:576,0
DA:591,0
DA:592,0
DA:625,0
DA:767,0
LF:251
LH:0
BRDA:68,0,0,0
BRDA:68,0,1,0
BRDA:69,1,0,0
BRDA:69,1,1,0
BRDA:69,2,0,0
BRDA:69,2,1,0
BRDA:86,3,0,0
BRDA:86,3,1,0
BRDA:86,4,0,0
BRDA:86,4,1,0
BRDA:104,5,0,0
BRDA:104,5,1,0
BRDA:122,6,0,0
BRDA:122,6,1,0
BRDA:122,7,0,0
BRDA:122,7,1,0
BRDA:124,8,0,0
BRDA:124,8,1,0
BRDA:148,9,0,0
BRDA:148,9,1,0
BRDA:168,10,0,0
BRDA:168,10,1,0
BRDA:168,11,0,0
BRDA:168,11,1,0
BRDA:183,12,0,0
BRDA:183,12,1,0
BRDA:192,13,0,0
BRDA:192,13,1,0
BRDA:199,14,0,0
BRDA:199,14,1,0
BRDA:200,15,0,0
BRDA:200,15,1,0
BRDA:201,16,0,0
BRDA:201,16,1,0
BRDA:206,17,0,0
BRDA:206,17,1,0
BRDA:211,18,0,0
BRDA:211,18,1,0
BRDA:212,19,0,0
BRDA:212,19,1,0
BRDA:214,20,0,0
BRDA:214,20,1,0
BRDA:227,21,0,0
BRDA:227,21,1,0
BRDA:230,22,0,0
BRDA:230,22,1,0
BRDA:234,23,0,0
BRDA:234,23,1,0
BRDA:250,24,0,0
BRDA:250,24,1,0
BRDA:256,25,0,0
BRDA:256,25,1,0
BRDA:310,26,0,0
BRDA:310,26,1,0
BRDA:310,27,0,0
BRDA:310,27,1,0
BRDA:333,28,0,0
BRDA:333,28,1,0
BRDA:337,29,0,0
BRDA:337,29,1,0
BRDA:362,30,0,0
BRDA:362,30,1,0
BRDA:370,31,0,0
BRDA:370,31,1,0
BRDA:370,32,0,0
BRDA:370,32,1,0
BRDA:374,33,0,0
BRDA:374,33,1,0
BRDA:382,34,0,0
BRDA:382,34,1,0
BRDA:382,35,0,0
BRDA:382,35,1,0
BRDA:388,36,0,0
BRDA:388,36,1,0
BRDA:391,37,0,0
BRDA:391,37,1,0
BRDA:393,38,0,0
BRDA:393,38,1,0
BRDA:393,39,0,0
BRDA:393,39,1,0
BRDA:452,40,0,0
BRDA:452,40,1,0
BRDA:459,41,0,0
BRDA:459,41,1,0
BRDA:466,42,0,0
BRDA:466,42,1,0
BRDA:474,43,0,0
BRDA:474,43,1,0
BRDA:474,44,0,0
BRDA:474,44,1,0
BRDA:490,45,0,0
BRDA:490,45,1,0
BRDA:493,46,0,0
BRDA:493,46,1,0
BRDA:508,47,0,0
BRDA:508,47,1,0
BRDA:511,48,0,0
BRDA:511,48,1,0
BRDA:532,49,0,0
BRDA:532,49,1,0
BRDA:541,50,0,0
BRDA:541,50,1,0
BRDA:542,51,0,0
BRDA:542,51,1,0
BRDA:552,52,0,0
BRDA:552,52,1,0
BRDA:552,53,0,0
BRDA:552,53,1,0
BRDA:569,54,0,0
BRDA:569,54,1,0
BRDA:569,54,2,0
BRDA:592,55,0,0
BRDA:592,55,1,0
BRDA:611,56,0,0
BRDA:611,56,1,0
BRDA:614,57,0,0
BRDA:614,57,1,0
BRDA:620,58,0,0
BRDA:620,58,1,0
BRDA:621,59,0,0
BRDA:621,59,1,0
BRDA:626,60,0,0
BRDA:626,60,1,0
BRDA:631,61,0,0
BRDA:631,61,1,0
BRDA:632,62,0,0
BRDA:632,62,1,0
BRDA:635,63,0,0
BRDA:635,63,1,0
BRDA:636,64,0,0
BRDA:636,64,1,0
BRDA:641,65,0,0
BRDA:641,65,1,0
BRDA:642,66,0,0
BRDA:642,66,1,0
BRDA:646,67,0,0
BRDA:646,67,1,0
BRDA:647,68,0,0
BRDA:647,68,1,0
BRDA:651,69,0,0
BRDA:651,69,1,0
BRDA:653,70,0,0
BRDA:653,70,1,0
BRDA:655,71,0,0
BRDA:655,71,1,0
BRDA:656,72,0,0
BRDA:656,72,1,0
BRDA:659,73,0,0
BRDA:659,73,1,0
BRDA:661,74,0,0
BRDA:661,74,1,0
BRDA:663,75,0,0
BRDA:663,75,1,0
BRDA:664,76,0,0
BRDA:664,76,1,0
BRDA:672,77,0,0
BRDA:672,77,1,0
BRDA:680,78,0,0
BRDA:680,78,1,0
BRDA:691,79,0,0
BRDA:691,79,1,0
BRDA:704,80,0,0
BRDA:704,80,1,0
BRDA:706,81,0,0
BRDA:706,81,1,0
BRDA:709,82,0,0
BRDA:709,82,1,0
BRDA:710,83,0,0
BRDA:710,83,1,0
BRDA:713,84,0,0
BRDA:713,84,1,0
BRDA:714,85,0,0
BRDA:714,85,1,0
BRDA:720,86,0,0
BRDA:720,86,1,0
BRDA:728,87,0,0
BRDA:728,87,1,0
BRDA:729,88,0,0
BRDA:729,88,1,0
BRDA:734,89,0,0
BRDA:734,89,1,0
BRDA:737,90,0,0
BRDA:737,90,1,0
BRDA:738,91,0,0
BRDA:738,91,1,0
BRDA:741,92,0,0
BRDA:741,92,1,0
BRDA:742,93,0,0
BRDA:742,93,1,0
BRDA:747,94,0,0
BRDA:747,94,1,0
BRDA:753,95,0,0
BRDA:753,95,1,0
BRDA:754,96,0,0
BRDA:754,96,1,0
BRDA:769,97,0,0
BRDA:769,97,1,0
BRF:197
BRH:0
end_of_record
TN:
SF:src\main.jsx
FNF:0
FNH:0
DA:6,0
LF:1
LH:0
BRF:0
BRH:0
end_of_record
TN:
SF:src\components\AppHeader.jsx
FN:5,(anonymous_0)
FNF:1
FNH:0
FNDA:0,(anonymous_0)
DA:5,0
DA:14,0
LF:2
LH:0
BRDA:19,0,0,0
BRDA:19,0,1,0
BRDA:20,1,0,0
BRDA:20,1,1,0
BRDA:27,2,0,0
BRDA:27,2,1,0
BRDA:30,3,0,0
BRDA:30,3,1,0
BRDA:33,4,0,0
BRDA:33,4,1,0
BRDA:38,5,0,0
BRDA:38,5,1,0
BRDA:46,6,0,0
BRDA:46,6,1,0
BRDA:51,7,0,0
BRDA:51,7,1,0
BRDA:52,8,0,0
BRDA:52,8,1,0
BRDA:59,9,0,0
BRDA:59,9,1,0
BRDA:61,10,0,0
BRDA:61,10,1,0
BRDA:62,11,0,0
BRDA:62,11,1,0
BRF:24
BRH:0
end_of_record
TN:
SF:src\components\ChartComponents.jsx
FN:3,(anonymous_0)
FN:15,(anonymous_1)
FNF:2
FNH:0
FNDA:0,(anonymous_0)
FNDA:0,(anonymous_1)
DA:3,0
DA:4,0
DA:5,0
DA:16,0
DA:29,0
LF:5
LH:0
BRDA:4,0,0,0
BRDA:4,0,1,0
BRDA:4,1,0,0
BRDA:4,1,1,0
BRDA:4,1,2,0
BRDA:8,2,0,0
BRDA:8,2,1,0
BRDA:12,3,0,0
BRDA:12,3,1,0
BRDA:19,4,0,0
BRDA:19,4,1,0
BRDA:22,5,0,0
BRDA:22,5,1,0
BRF:13
BRH:0
end_of_record
TN:
SF:src\components\ChatSidebar.jsx
FN:5,(anonymous_0)
FN:21,(anonymous_1)
FN:25,(anonymous_2)
FN:32,(anonymous_3)
FN:64,(anonymous_4)
FN:76,(anonymous_5)
FN:80,(anonymous_6)
FN:93,(anonymous_7)
FN:113,(anonymous_8)
FN:150,(anonymous_9)
FNF:10
FNH:0
FNDA:0,(anonymous_0)
FNDA:0,(anonymous_1)
FNDA:0,(anonymous_2)
FNDA:0,(anonymous_3)
FNDA:0,(anonymous_4)
FNDA:0,(anonymous_5)
FNDA:0,(anonymous_6)
FNDA:0,(anonymous_7)
FNDA:0,(anonymous_8)
FNDA:0,(anonymous_9)
DA:5,0
DA:19,0
DA:21,0
DA:22,0
DA:25,0
DA:26,0
DA:27,0
DA:28,0
DA:32,0
DA:33,0
DA:34,0
DA:37,0
DA:65,0
DA:77,0
DA:80,0
DA:93,0
DA:113,0
DA:114,0
DA:116,0
DA:117,0
DA:126,0
DA:150,0
DA:151,0
LF:23
LH:0
BRDA:6,0,0,0
BRDA:7,1,0,0
BRDA:10,2,0,0
BRDA:11,3,0,0
BRDA:13,4,0,0
BRDA:16,5,0,0
BRDA:26,6,0,0
BRDA:26,6,1,0
BRDA:26,7,0,0
BRDA:26,7,1,0
BRDA:39,8,0,0
BRDA:39,8,1,0
BRDA:55,9,0,0
BRDA:55,9,1,0
BRDA:72,10,0,0
BRDA:72,10,1,0
BRDA:72,10,2,0
BRDA:101,11,0,0
BRDA:101,11,1,0
BRDA:116,12,0,0
BRDA:116,12,1,0
BRDA:132,13,0,0
BRDA:132,13,1,0
BRDA:132,14,0,0
BRDA:132,14,1,0
BRF:25
BRH:0
end_of_record
TN:
SF:src\components\DataChart.jsx
FN:6,(anonymous_0)
FN:22,(anonymous_1)
FN:59,(anonymous_2)
FN:77,(anonymous_3)
FNF:4
FNH:0
FNDA:0,(anonymous_0)
FNDA:0,(anonymous_1)
FNDA:0,(anonymous_2)
FNDA:0,(anonymous_3)
DA:6,0
DA:7,0
DA:14,0
DA:15,0
DA:17,0
DA:18,0
DA:22,0
DA:23,0
DA:24,0
DA:32,0
DA:34,0
DA:59,0
DA:78,0
LF:13
LH:0
BRDA:7,0,0,0
BRDA:7,0,1,0
BRDA:7,1,0,0
BRDA:7,1,1,0
BRDA:15,2,0,0
BRDA:15,2,1,0
BRDA:26,3,0,0
BRDA:26,3,1,0
BRDA:32,4,0,0
BRDA:32,4,1,0
BRDA:75,5,0,0
BRDA:75,5,1,0
BRDA:78,6,0,0
BRDA:78,6,1,0
BRF:14
BRH:0
end_of_record
TN:
SF:src\components\ExecutiveReport.jsx
FN:5,(anonymous_0)
FN:78,(anonymous_1)
FN:98,(anonymous_2)
FN:142,(anonymous_3)
FNF:4
FNH:0
FNDA:0,(anonymous_0)
FNDA:0,(anonymous_1)
FNDA:0,(anonymous_2)
FNDA:0,(anonymous_3)
DA:5,0
DA:6,0
DA:8,0
DA:10,0
DA:78,0
DA:99,0
DA:143,0
LF:7
LH:0
BRDA:8,0,0,0
BRDA:8,0,1,0
BRDA:8,1,0,0
BRDA:8,1,1,0
BRDA:102,2,0,0
BRDA:102,2,1,0
BRDA:103,3,0,0
BRDA:103,3,1,0
BRF:8
BRH:0
end_of_record
TN:
SF:src\components\FileUploader.jsx
FN:6,(anonymous_0)
FN:10,(anonymous_1)
FN:47,(anonymous_2)
FN:57,(anonymous_3)
FN:67,(anonymous_4)
FNF:5
FNH:0
FNDA:0,(anonymous_0)
FNDA:0,(anonymous_1)
FNDA:0,(anonymous_2)
FNDA:0,(anonymous_3)
FNDA:0,(anonymous_4)
DA:6,0
DA:7,0
DA:8,0
DA:10,0
DA:11,0
DA:13,0
DA:14,0
DA:17,0
DA:18,0
DA:19,0
DA:20,0
DA:24,0
DA:25,0
DA:26,0
DA:28,0
DA:29,0
DA:30,0
DA:34,0
DA:35,0
DA:39,0
DA:40,0
DA:43,0
DA:47,0
DA:48,0
DA:49,0
DA:50,0
DA:51,0
DA:52,0
DA:53,0
DA:57,0
DA:58,0
DA:59,0
DA:60,0
DA:62,0
DA:63,0
DA:67,0
DA:68,0
DA:69,0
DA:73,0
LF:39
LH:0
BRDA:11,0,0,0
BRDA:11,0,1,0
BRDA:11,1,0,0
BRDA:11,1,1,0
BRDA:18,2,0,0
BRDA:18,2,1,0
BRDA:28,3,0,0
BRDA:28,3,1,0
BRDA:34,4,0,0
BRDA:34,4,1,0
BRDA:50,5,0,0
BRDA:50,5,1,0
BRDA:50,6,0,0
BRDA:50,6,1,0
BRDA:52,7,0,0
BRDA:52,7,1,0
BRDA:62,8,0,0
BRDA:62,8,1,0
BRDA:62,9,0,0
BRDA:62,9,1,0
BRDA:68,10,0,0
BRDA:68,10,1,0
BRDA:68,11,0,0
BRDA:68,11,1,0
BRDA:76,12,0,0
BRDA:76,12,1,0
BRDA:79,13,0,0
BRDA:79,13,1,0
BRDA:89,14,0,0
BRDA:89,14,1,0
BRDA:94,15,0,0
BRDA:94,15,1,0
BRDA:95,16,0,0
BRDA:95,16,1,0
BRDA:100,17,0,0
BRDA:100,17,1,0
BRDA:107,18,0,0
BRDA:107,18,1,0
BRF:38
BRH:0
end_of_record
TN:
SF:src\components\VisualizationPanel.jsx
FN:7,(anonymous_0)
FN:18,(anonymous_1)
FN:23,(anonymous_2)
FN:27,(anonymous_3)
FN:28,(anonymous_4)
FN:35,(anonymous_5)
FN:42,(anonymous_6)
FN:42,(anonymous_7)
FN:59,(anonymous_8)
FN:72,(anonymous_9)
FN:254,(anonymous_10)
FN:257,(anonymous_11)
FN:258,(anonymous_12)
FN:258,(anonymous_13)
FN:259,(anonymous_14)
FN:276,(anonymous_15)
FN:294,(anonymous_16)
FNF:17
FNH:0
FNDA:0,(anonymous_0)
FNDA:0,(anonymous_1)
FNDA:0,(anonymous_2)
FNDA:0,(anonymous_3)
FNDA:0,(anonymous_4)
FNDA:0,(anonymous_5)
FNDA:0,(anonymous_6)
FNDA:0,(anonymous_7)
FNDA:0,(anonymous_8)
FNDA:0,(anonymous_9)
FNDA:0,(anonymous_10)
FNDA:0,(anonymous_11)
FNDA:0,(anonymous_12)
FNDA:0,(anonymous_13)
FNDA:0,(anonymous_14)
FNDA:0,(anonymous_15)
FNDA:0,(anonymous_16)
DA:7,0
DA:15,0
DA:18,0
DA:19,0
DA:20,0
DA:23,0
DA:24,0
DA:27,0
DA:28,0
DA:30,0
DA:33,0
DA:35,0
DA:36,0
DA:39,0
DA:40,0
DA:42,0
DA:46,0
DA:47,0
DA:48,0
DA:49,0
DA:50,0
DA:51,0
DA:52,0
DA:53,0
DA:54,0
DA:56,0
DA:59,0
DA:60,0
DA:61,0
DA:64,0
DA:65,0
DA:67,0
DA:68,0
DA:69,0
DA:71,0
DA:72,0
DA:73,0
DA:74,0
DA:75,0
DA:78,0
DA:79,0
DA:80,0
DA:81,0
DA:82,0
DA:83,0
DA:86,0
DA:88,0
DA:92,0
DA:93,0
DA:107,0
DA:108,0
DA:122,0
DA:123,0
DA:137,0
DA:254,0
DA:255,0
DA:257,0
DA:258,0
DA:259,0
DA:262,0
DA:276,0
DA:277,0
DA:294,0
DA:295,0
LF:64
LH:0
BRDA:15,0,0,0
BRDA:15,0,1,0
BRDA:19,1,0,0
BRDA:19,1,1,0
BRDA:19,2,0,0
BRDA:19,2,1,0
BRDA:24,3,0,0
BRDA:24,3,1,0
BRDA:27,4,0,0
BRDA:27,4,1,0
BRDA:28,5,0,0
BRDA:28,5,1,0
BRDA:28,6,0,0
BRDA:28,6,1,0
BRDA:33,7,0,0
BRDA:33,7,1,0
BRDA:36,8,0,0
BRDA:36,8,1,0
BRDA:36,9,0,0
BRDA:36,9,1,0
BRDA:56,10,0,0
BRDA:56,10,1,0
BRDA:61,11,0,0
BRDA:61,11,1,0
BRDA:65,12,0,0
BRDA:65,12,1,0
BRDA:88,13,0,0
BRDA:88,13,1,0
BRDA:92,14,0,0
BRDA:92,14,1,0
BRDA:96,15,0,0
BRDA:96,15,1,0
BRDA:107,16,0,0
BRDA:107,16,1,0
BRDA:111,17,0,0
BRDA:111,17,1,0
BRDA:122,18,0,0
BRDA:122,18,1,0
BRDA:126,19,0,0
BRDA:126,19,1,0
BRDA:140,20,0,0
BRDA:140,20,1,0
BRDA:148,21,0,0
BRDA:148,21,1,0
BRDA:159,22,0,0
BRDA:159,22,1,0
BRDA:171,23,0,0
BRDA:171,23,1,0
BRDA:186,24,0,0
BRDA:186,24,1,0
BRDA:189,25,0,0
BRDA:189,25,1,0
BRDA:194,26,0,0
BRDA:194,26,1,0
BRDA:195,27,0,0
BRDA:195,27,1,0
BRDA:198,28,0,0
BRDA:198,28,1,0
BRDA:199,29,0,0
BRDA:199,29,1,0
BRDA:205,30,0,0
BRDA:205,30,1,0
BRDA:213,31,0,0
BRDA:213,31,1,0
BRDA:214,32,0,0
BRDA:214,32,1,0
BRDA:220,33,0,0
BRDA:220,33,1,0
BRDA:225,34,0,0
BRDA:225,34,1,0
BRDA:226,35,0,0
BRDA:226,35,1,0
BRDA:229,36,0,0
BRDA:229,36,1,0
BRDA:230,37,0,0
BRDA:230,37,1,0
BRDA:235,38,0,0
BRDA:235,38,1,0
BRDA:241,39,0,0
BRDA:241,39,1,0
BRDA:242,40,0,0
BRDA:242,40,1,0
BRDA:264,41,0,0
BRDA:264,41,1,0
BRDA:266,42,0,0
BRDA:266,42,1,0
BRDA:280,43,0,0
BRDA:280,43,1,0
BRDA:283,44,0,0
BRDA:283,44,1,0
BRDA:286,45,0,0
BRDA:286,45,1,0
BRDA:298,46,0,0
BRDA:298,46,1,0
BRDA:301,47,0,0
BRDA:301,47,1,0
BRDA:304,48,0,0
BRDA:304,48,1,0
BRF:98
BRH:0
end_of_record
TN:
SF:src\config\constants.js
FN:86,(anonymous_0)
FN:88,(anonymous_1)
FN:93,(anonymous_2)
FN:101,(anonymous_3)
FN:103,executedFunction
FN:104,(anonymous_5)
FNF:6
FNH:0
FNDA:0,(anonymous_0)
FNDA:0,(anonymous_1)
FNDA:0,(anonymous_2)
FNDA:0,(anonymous_3)
FNDA:0,executedFunction
FNDA:0,(anonymous_5)
DA:2,3
DA:86,3
DA:88,3
DA:89,0
DA:90,0
DA:93,3
DA:94,0
DA:95,0
DA:96,0
DA:97,0
DA:98,0
DA:101,3
DA:103,0
DA:104,0
DA:105,0
DA:106,0
DA:108,0
DA:109,0
LF:18
LH:5
BRDA:80,0,0,0
BRDA:80,0,1,3
BRDA:94,1,0,0
BRDA:94,1,1,0
BRF:4
BRH:1
end_of_record
TN:
SF:src\services\ai.js
FN:15,(anonymous_0)
FNF:1
FNH:0
FNDA:0,(anonymous_0)
DA:6,0
DA:7,0
DA:15,0
DA:16,0
DA:17,0
DA:29,0
DA:30,0
DA:33,0
DA:34,0
DA:36,0
DA:37,0
LF:11
LH:0
BRDA:15,0,0,0
BRDA:29,1,0,0
BRDA:29,1,1,0
BRF:3
BRH:0
end_of_record
TN:
SF:src\services\aiService.js
FN:7,(anonymous_0)
FN:20,(anonymous_1)
FN:50,(anonymous_2)
FN:87,(anonymous_3)
FN:120,(anonymous_4)
FN:154,(anonymous_5)
FN:189,(anonymous_6)
FN:209,(anonymous_7)
FN:225,(anonymous_8)
FN:228,(anonymous_9)
FN:240,(anonymous_10)
FN:254,(anonymous_11)
FN:257,(anonymous_12)
FN:260,(anonymous_13)
FN:263,(anonymous_14)
FNF:15
FNH:11
FNDA:1,(anonymous_0)
FNDA:8,(anonymous_1)
FNDA:3,(anonymous_2)
FNDA:3,(anonymous_3)
FNDA:8,(anonymous_4)
FNDA:11,(anonymous_5)
FNDA:18,(anonymous_6)
FNDA:2,(anonymous_7)
FNDA:4,(anonymous_8)
FNDA:6,(anonymous_9)
FNDA:2,(anonymous_10)
FNDA:0,(anonymous_11)
FNDA:0,(anonymous_12)
FNDA:0,(anonymous_13)
FNDA:0,(anonymous_14)
DA:8,1
DA:9,1
DA:10,1
DA:21,8
DA:22,8
DA:24,8
DA:25,8
DA:38,7
DA:40,2
DA:41,2
DA:51,3
DA:58,3
DA:59,3
DA:71,2
DA:72,2
DA:74,1
DA:76,2
DA:77,2
DA:88,3
DA:96,3
DA:97,3
DA:108,2
DA:110,1
DA:111,1
DA:121,8
DA:155,11
DA:156,1
DA:159,10
DA:164,10
DA:165,10
DA:166,3
DA:167,3
DA:168,3
DA:170,3
DA:171,3
DA:176,10
DA:177,10
DA:180,10
DA:190,18
DA:198,14
DA:199,0
DA:202,14
DA:210,2
DA:211,2
DA:215,1
DA:217,1
DA:226,4
DA:227,4
DA:228,6
DA:230,1
DA:231,1
DA:241,2
DA:242,2
DA:243,2
DA:245,0
DA:251,1
DA:254,1
DA:255,0
DA:257,1
DA:258,0
DA:260,1
DA:261,0
DA:263,1
DA:264,0
LF:64
LH:58
BRDA:74,0,0,1
BRDA:74,0,1,0
BRDA:155,1,0,1
BRDA:155,1,1,10
BRDA:155,2,0,11
BRDA:155,2,1,10
BRDA:165,3,0,3
BRDA:165,3,1,7
BRDA:170,4,0,3
BRDA:170,4,1,0
BRDA:176,5,0,10
BRDA:176,5,1,0
BRDA:198,6,0,0
BRDA:198,6,1,14
BRDA:228,7,0,3
BRDA:228,7,1,0
BRF:16
BRH:11
end_of_record
TN:
SF:src\services\databaseIntrospection.js
FN:8,(anonymous_0)
FN:19,(anonymous_1)
FN:60,(anonymous_2)
FN:62,(anonymous_3)
FN:62,(anonymous_4)
FN:106,(anonymous_5)
FN:107,(anonymous_6)
FN:108,(anonymous_7)
FN:116,(anonymous_8)
FN:148,(anonymous_9)
FN:149,(anonymous_10)
FN:154,(anonymous_11)
FN:167,(anonymous_12)
FN:168,(anonymous_13)
FN:175,(anonymous_14)
FN:191,(anonymous_15)
FN:192,(anonymous_16)
FN:198,(anonymous_17)
FN:199,(anonymous_18)
FN:200,(anonymous_19)
FN:203,(anonymous_20)
FN:218,(anonymous_21)
FN:229,(anonymous_22)
FN:235,(anonymous_23)
FN:235,(anonymous_24)
FN:245,(anonymous_25)
FN:251,(anonymous_26)
FN:263,(anonymous_27)
FN:275,(anonymous_28)
FN:287,(anonymous_29)
FN:299,(anonymous_30)
FN:311,(anonymous_31)
FN:334,(anonymous_32)
FN:359,(anonymous_33)
FN:389,(anonymous_34)
FN:394,(anonymous_35)
FN:414,(anonymous_36)
FN:426,(anonymous_37)
FN:447,(anonymous_38)
FN:453,(anonymous_39)
FN:454,(anonymous_40)
FN:468,(anonymous_41)
FN:481,(anonymous_42)
FN:493,(anonymous_43)
FN:494,(anonymous_44)
FN:495,(anonymous_45)
FN:496,(anonymous_46)
FN:517,(anonymous_47)
FN:522,(anonymous_48)
FN:523,(anonymous_49)
FN:533,(anonymous_50)
FN:534,(anonymous_51)
FN:535,(anonymous_52)
FN:540,(anonymous_53)
FN:554,(anonymous_54)
FN:557,(anonymous_55)
FN:562,(anonymous_56)
FNF:57
FNH:52
FNDA:17,(anonymous_0)
FNDA:15,(anonymous_1)
FNDA:44,(anonymous_2)
FNDA:51,(anonymous_3)
FNDA:51,(anonymous_4)
FNDA:51,(anonymous_5)
FNDA:51,(anonymous_6)
FNDA:51,(anonymous_7)
FNDA:176,(anonymous_8)
FNDA:44,(anonymous_9)
FNDA:51,(anonymous_10)
FNDA:51,(anonymous_11)
FNDA:30,(anonymous_12)
FNDA:108,(anonymous_13)
FNDA:26,(anonymous_14)
FNDA:44,(anonymous_15)
FNDA:51,(anonymous_16)
FNDA:21,(anonymous_17)
FNDA:21,(anonymous_18)
FNDA:21,(anonymous_19)
FNDA:21,(anonymous_20)
FNDA:44,(anonymous_21)
FNDA:220,(anonymous_22)
FNDA:50,(anonymous_23)
FNDA:143,(anonymous_24)
FNDA:44,(anonymous_25)
FNDA:365,(anonymous_26)
FNDA:143,(anonymous_27)
FNDA:251,(anonymous_28)
FNDA:217,(anonymous_29)
FNDA:175,(anonymous_30)
FNDA:123,(anonymous_31)
FNDA:44,(anonymous_32)
FNDA:326,(anonymous_33)
FNDA:44,(anonymous_34)
FNDA:132,(anonymous_35)
FNDA:14,(anonymous_36)
FNDA:14,(anonymous_37)
FNDA:14,(anonymous_38)
FNDA:51,(anonymous_39)
FNDA:51,(anonymous_40)
FNDA:51,(anonymous_41)
FNDA:44,(anonymous_42)
FNDA:14,(anonymous_43)
FNDA:44,(anonymous_44)
FNDA:44,(anonymous_45)
FNDA:44,(anonymous_46)
FNDA:14,(anonymous_47)
FNDA:0,(anonymous_48)
FNDA:0,(anonymous_49)
FNDA:44,(anonymous_50)
FNDA:51,(anonymous_51)
FNDA:51,(anonymous_52)
FNDA:0,(anonymous_53)
FNDA:14,(anonymous_54)
FNDA:0,(anonymous_55)
FNDA:0,(anonymous_56)
DA:9,17
DA:10,17
DA:11,17
DA:20,15
DA:22,15
DA:23,15
DA:24,14
DA:27,14
DA:28,14
DA:29,14
DA:32,14
DA:34,14
DA:35,44
DA:36,44
DA:39,14
DA:41,14
DA:50,1
DA:61,44
DA:62,51
DA:64,44
DA:65,0
DA:77,44
DA:86,44
DA:89,44
DA:91,44
DA:106,51
DA:107,51
DA:108,51
DA:117,176
DA:122,20
DA:126,52
DA:129,0
DA:132,88
DA:135,4
DA:139,12
DA:141,0
DA:149,51
DA:151,44
DA:154,51
DA:155,44
DA:157,44
DA:160,26
DA:167,26
DA:168,108
DA:171,26
DA:174,23
DA:175,26
DA:177,23
DA:180,22
DA:181,22
DA:182,0
DA:185,22
DA:192,51
DA:194,44
DA:195,26
DA:198,21
DA:199,21
DA:200,21
DA:203,21
DA:205,18
DA:220,44
DA:228,44
DA:229,220
DA:231,44
DA:234,44
DA:235,143
DA:237,44
DA:239,37
DA:246,44
DA:247,44
DA:250,44
DA:251,365
DA:252,5
DA:262,39
DA:263,143
DA:264,5
DA:274,34
DA:275,251
DA:276,3
DA:286,31
DA:287,217
DA:288,0
DA:298,31
DA:299,175
DA:300,3
DA:310,28
DA:311,123
DA:312,9
DA:322,19
DA:335,44
DA:338,44
DA:350,44
DA:359,326
DA:360,44
DA:362,44
DA:375,44
DA:376,22
DA:379,44
DA:380,17
DA:383,44
DA:390,44
DA:393,44
DA:394,132
DA:397,44
DA:398,44
DA:402,44
DA:403,0
DA:404,44
DA:405,44
DA:408,44
DA:415,14
DA:427,14
DA:428,14
DA:436,0
DA:437,0
DA:448,14
DA:449,14
DA:451,14
DA:452,44
DA:453,51
DA:454,51
DA:457,44
DA:458,44
DA:459,0
DA:468,51
DA:469,44
DA:470,0
DA:478,44
DA:481,44
DA:483,14
DA:494,44
DA:495,44
DA:496,44
DA:498,14
DA:499,14
DA:500,14
DA:502,14
DA:518,14
DA:521,14
DA:522,0
DA:523,0
DA:524,0
DA:533,14
DA:534,51
DA:535,51
DA:536,44
DA:537,44
DA:540,14
DA:541,0
DA:548,14
DA:555,14
DA:557,14
DA:558,14
DA:559,0
DA:562,14
DA:563,14
DA:564,0
DA:567,14
LF:158
LH:142
BRDA:19,0,0,0
BRDA:62,1,0,51
BRDA:62,1,1,51
BRDA:62,1,2,51
BRDA:64,2,0,0
BRDA:64,2,1,44
BRDA:106,3,0,50
BRDA:106,3,1,1
BRDA:107,4,0,51
BRDA:107,4,1,51
BRDA:117,5,0,20
BRDA:117,5,1,20
BRDA:117,5,2,20
BRDA:117,5,3,20
BRDA:117,5,4,52
BRDA:117,5,5,52
BRDA:117,5,6,52
BRDA:117,5,7,0
BRDA:117,5,8,0
BRDA:117,5,9,88
BRDA:117,5,10,88
BRDA:117,5,11,4
BRDA:117,5,12,4
BRDA:117,5,13,12
BRDA:117,5,14,12
BRDA:117,5,15,12
BRDA:117,5,16,0
BRDA:149,6,0,51
BRDA:149,6,1,51
BRDA:149,6,2,51
BRDA:151,7,0,0
BRDA:151,7,1,44
BRDA:154,8,0,51
BRDA:154,8,1,23
BRDA:157,9,0,18
BRDA:157,9,1,26
BRDA:171,10,0,3
BRDA:171,10,1,23
BRDA:177,11,0,1
BRDA:177,11,1,22
BRDA:181,12,0,0
BRDA:181,12,1,22
BRDA:181,13,0,22
BRDA:181,13,1,0
BRDA:192,14,0,51
BRDA:192,14,1,23
BRDA:194,15,0,26
BRDA:194,15,1,18
BRDA:208,16,0,0
BRDA:208,16,1,18
BRDA:228,17,0,44
BRDA:228,17,1,0
BRDA:231,18,0,0
BRDA:231,18,1,44
BRDA:237,19,0,7
BRDA:237,19,1,37
BRDA:247,20,0,44
BRDA:247,20,1,0
BRDA:251,21,0,5
BRDA:251,21,1,39
BRDA:263,22,0,5
BRDA:263,22,1,34
BRDA:275,23,0,3
BRDA:275,23,1,31
BRDA:287,24,0,0
BRDA:287,24,1,31
BRDA:299,25,0,3
BRDA:299,25,1,28
BRDA:311,26,0,9
BRDA:311,26,1,19
BRDA:351,27,0,44
BRDA:351,27,1,0
BRDA:352,28,0,44
BRDA:352,28,1,0
BRDA:353,29,0,18
BRDA:353,29,1,26
BRDA:353,30,0,44
BRDA:353,30,1,26
BRDA:353,31,0,18
BRDA:353,31,1,26
BRDA:354,32,0,44
BRDA:354,32,1,0
BRDA:363,33,0,44
BRDA:363,33,1,0
BRDA:365,34,0,44
BRDA:365,34,1,34
BRDA:369,35,0,44
BRDA:369,35,1,0
BRDA:370,36,0,44
BRDA:370,36,1,0
BRDA:375,37,0,22
BRDA:375,37,1,22
BRDA:375,38,0,44
BRDA:375,38,1,22
BRDA:379,39,0,17
BRDA:379,39,1,27
BRDA:379,40,0,44
BRDA:379,40,1,17
BRDA:397,41,0,44
BRDA:397,41,1,0
BRDA:402,42,0,0
BRDA:402,42,1,44
BRDA:404,43,0,44
BRDA:404,43,1,0
BRDA:427,44,0,14
BRDA:427,44,1,0
BRDA:454,45,0,51
BRDA:454,45,1,51
BRDA:454,45,2,51
BRDA:458,46,0,0
BRDA:458,46,1,44
BRDA:462,47,0,0
BRDA:462,47,1,0
BRDA:469,48,0,0
BRDA:469,48,1,44
BRDA:499,49,0,0
BRDA:499,49,1,14
BRDA:500,50,0,3
BRDA:500,50,1,11
BRDA:500,51,0,14
BRDA:500,51,1,14
BRDA:521,52,0,0
BRDA:521,52,1,14
BRDA:522,53,0,0
BRDA:522,53,1,0
BRDA:535,54,0,51
BRDA:535,54,1,51
BRDA:535,54,2,51
BRDA:558,55,0,0
BRDA:558,55,1,14
BRDA:563,56,0,0
BRDA:563,56,1,14
BRF:132
BRH:99
end_of_record
TN:
SF:src\services\databaseService.js
FN:7,(anonymous_0)
FN:18,(anonymous_1)
FN:41,(anonymous_2)
FN:56,(anonymous_3)
FN:60,(anonymous_4)
FN:79,(anonymous_5)
FN:86,(anonymous_6)
FN:114,(anonymous_7)
FN:142,(anonymous_8)
FN:153,(anonymous_9)
FN:186,(anonymous_10)
FN:199,(anonymous_11)
FN:206,(anonymous_12)
FN:226,(anonymous_13)
FN:245,(anonymous_14)
FN:246,(anonymous_15)
FN:247,(anonymous_16)
FN:248,(anonymous_17)
FN:249,(anonymous_18)
FN:250,(anonymous_19)
FN:251,(anonymous_20)
FN:252,(anonymous_21)
FN:253,(anonymous_22)
FNF:23
FNH:0
FNDA:0,(anonymous_0)
FNDA:0,(anonymous_1)
FNDA:0,(anonymous_2)
FNDA:0,(anonymous_3)
FNDA:0,(anonymous_4)
FNDA:0,(anonymous_5)
FNDA:0,(anonymous_6)
FNDA:0,(anonymous_7)
FNDA:0,(anonymous_8)
FNDA:0,(anonymous_9)
FNDA:0,(anonymous_10)
FNDA:0,(anonymous_11)
FNDA:0,(anonymous_12)
FNDA:0,(anonymous_13)
FNDA:0,(anonymous_14)
FNDA:0,(anonymous_15)
FNDA:0,(anonymous_16)
FNDA:0,(anonymous_17)
FNDA:0,(anonymous_18)
FNDA:0,(anonymous_19)
FNDA:0,(anonymous_20)
FNDA:0,(anonymous_21)
FNDA:0,(anonymous_22)
DA:8,0
DA:9,0
DA:10,0
DA:11,0
DA:19,0
DA:20,0
DA:21,0
DA:22,0
DA:23,0
DA:25,0
DA:26,0
DA:27,0
DA:29,0
DA:31,0
DA:32,0
DA:42,0
DA:43,0
DA:46,0
DA:48,0
DA:51,0
DA:52,0
DA:55,0
DA:56,0
DA:57,0
DA:59,0
DA:60,0
DA:61,0
DA:63,0
DA:70,0
DA:80,0
DA:81,0
DA:84,0
DA:85,0
DA:86,0
DA:87,0
DA:88,0
DA:89,0
DA:91,0
DA:94,0
DA:98,0
DA:100,0
DA:101,0
DA:104,0
DA:106,0
DA:115,0
DA:116,0
DA:119,0
DA:120,0
DA:121,0
DA:123,0
DA:124,0
DA:126,0
DA:133,0
DA:143,0
DA:144,0
DA:147,0
DA:149,0
DA:152,0
DA:153,0
DA:154,0
DA:155,0
DA:159,0
DA:160,0
DA:164,0
DA:165,0
DA:169,0
DA:170,0
DA:174,0
DA:176,0
DA:178,0
DA:187,0
DA:200,0
DA:207,0
DA:208,0
DA:209,0
DA:210,0
DA:212,0
DA:213,0
DA:214,0
DA:216,0
DA:217,0
DA:219,0
DA:227,0
DA:228,0
DA:231,0
DA:232,0
DA:233,0
DA:234,0
DA:236,0
DA:242,0
DA:245,0
DA:246,0
DA:247,0
DA:248,0
DA:249,0
DA:250,0
DA:251,0
DA:252,0
DA:253,0
LF:99
LH:0
BRDA:42,0,0,0
BRDA:42,0,1,0
BRDA:80,1,0,0
BRDA:80,1,1,0
BRDA:91,2,0,0
BRDA:91,2,1,0
BRDA:92,3,0,0
BRDA:92,3,1,0
BRDA:100,4,0,0
BRDA:100,4,1,0
BRDA:115,5,0,0
BRDA:115,5,1,0
BRDA:143,6,0,0
BRDA:143,6,1,0
BRDA:154,7,0,0
BRDA:154,7,1,0
BRDA:159,8,0,0
BRDA:159,8,1,0
BRDA:164,9,0,0
BRDA:164,9,1,0
BRDA:169,10,0,0
BRDA:169,10,1,0
BRDA:190,11,0,0
BRDA:190,11,1,0
BRDA:200,12,0,0
BRDA:200,12,1,0
BRDA:208,13,0,0
BRDA:208,13,1,0
BRDA:212,14,0,0
BRDA:212,14,1,0
BRDA:227,15,0,0
BRDA:227,15,1,0
BRF:32
BRH:0
end_of_record
TN:
SF:src\services\intelligentSQLGenerator.js
FN:9,(anonymous_0)
FN:19,(anonymous_1)
FN:30,(anonymous_2)
FN:94,(anonymous_3)
FN:126,(anonymous_4)
FN:135,(anonymous_5)
FN:144,(anonymous_6)
FN:165,(anonymous_7)
FN:177,(anonymous_8)
FN:185,(anonymous_9)
FN:199,(anonymous_10)
FN:204,(anonymous_11)
FN:209,(anonymous_12)
FN:214,(anonymous_13)
FN:223,(anonymous_14)
FN:236,(anonymous_15)
FN:249,(anonymous_16)
FN:263,(anonymous_17)
FN:272,(anonymous_18)
FN:286,(anonymous_19)
FN:325,(anonymous_20)
FN:363,(anonymous_21)
FN:364,(anonymous_22)
FN:382,(anonymous_23)
FN:401,(anonymous_24)
FN:420,(anonymous_25)
FN:429,(anonymous_26)
FN:446,(anonymous_27)
FN:469,(anonymous_28)
FN:491,(anonymous_29)
FN:506,(anonymous_30)
FN:514,(anonymous_31)
FN:519,(anonymous_32)
FN:520,(anonymous_33)
FN:521,(anonymous_34)
FN:524,(anonymous_35)
FN:525,(anonymous_36)
FN:526,(anonymous_37)
FN:535,(anonymous_38)
FN:544,(anonymous_39)
FN:551,(anonymous_40)
FN:559,(anonymous_41)
FN:565,(anonymous_42)
FNF:43
FNH:22
FNDA:17,(anonymous_0)
FNDA:15,(anonymous_1)
FNDA:10,(anonymous_2)
FNDA:9,(anonymous_3)
FNDA:103,(anonymous_4)
FNDA:162,(anonymous_5)
FNDA:149,(anonymous_6)
FNDA:10,(anonymous_7)
FNDA:14,(anonymous_8)
FNDA:14,(anonymous_9)
FNDA:0,(anonymous_10)
FNDA:0,(anonymous_11)
FNDA:0,(anonymous_12)
FNDA:0,(anonymous_13)
FNDA:0,(anonymous_14)
FNDA:9,(anonymous_15)
FNDA:0,(anonymous_16)
FNDA:0,(anonymous_17)
FNDA:0,(anonymous_18)
FNDA:9,(anonymous_19)
FNDA:9,(anonymous_20)
FNDA:0,(anonymous_21)
FNDA:0,(anonymous_22)
FNDA:9,(anonymous_23)
FNDA:0,(anonymous_24)
FNDA:9,(anonymous_25)
FNDA:0,(anonymous_26)
FNDA:9,(anonymous_27)
FNDA:9,(anonymous_28)
FNDA:0,(anonymous_29)
FNDA:0,(anonymous_30)
FNDA:0,(anonymous_31)
FNDA:0,(anonymous_32)
FNDA:0,(anonymous_33)
FNDA:0,(anonymous_34)
FNDA:0,(anonymous_35)
FNDA:0,(anonymous_36)
FNDA:0,(anonymous_37)
FNDA:1,(anonymous_38)
FNDA:3,(anonymous_39)
FNDA:3,(anonymous_40)
FNDA:3,(anonymous_41)
FNDA:3,(anonymous_42)
DA:10,17
DA:11,17
DA:12,17
DA:13,17
DA:20,15
DA:21,14
DA:31,10
DA:32,1
DA:35,9
DA:37,9
DA:40,9
DA:43,9
DA:46,9
DA:49,9
DA:51,9
DA:53,0
DA:54,0
DA:66,9
DA:79,0
DA:95,9
DA:98,9
DA:108,9
DA:116,9
DA:124,9
DA:125,9
DA:126,103
DA:127,5
DA:128,5
DA:133,9
DA:134,9
DA:135,162
DA:136,0
DA:137,0
DA:142,9
DA:143,9
DA:144,149
DA:145,1
DA:150,9
DA:151,9
DA:153,9
DA:166,10
DA:167,10
DA:175,10
DA:177,5
DA:178,14
DA:181,5
DA:182,0
DA:185,5
DA:186,14
DA:189,5
DA:190,4
DA:196,10
DA:197,0
DA:199,0
DA:200,0
DA:202,0
DA:204,0
DA:205,0
DA:207,0
DA:209,0
DA:210,0
DA:212,0
DA:214,0
DA:215,0
DA:217,0
DA:222,10
DA:223,0
DA:224,0
DA:230,10
DA:237,9
DA:245,9
DA:246,3
DA:247,0
DA:249,0
DA:250,0
DA:252,0
DA:253,0
DA:254,0
DA:256,0
DA:257,0
DA:263,9
DA:264,0
DA:265,0
DA:267,0
DA:272,9
DA:273,0
DA:274,0
DA:276,0
DA:280,9
DA:287,9
DA:288,9
DA:291,9
DA:292,9
DA:295,9
DA:298,9
DA:299,9
DA:300,0
DA:304,9
DA:305,9
DA:306,0
DA:310,9
DA:311,9
DA:312,3
DA:316,9
DA:317,9
DA:319,9
DA:326,9
DA:328,9
DA:330,1
DA:331,1
DA:333,3
DA:334,2
DA:336,1
DA:338,3
DA:340,1
DA:341,1
DA:343,0
DA:345,1
DA:347,0
DA:348,0
DA:350,0
DA:352,0
DA:353,0
DA:355,0
DA:358,4
DA:362,9
DA:363,0
DA:364,0
DA:365,0
DA:371,9
DA:372,0
DA:373,0
DA:376,9
DA:383,9
DA:386,9
DA:390,9
DA:394,9
DA:395,0
DA:396,0
DA:399,9
DA:401,0
DA:402,0
DA:405,0
DA:406,0
DA:410,9
DA:411,0
DA:414,9
DA:421,9
DA:423,9
DA:424,0
DA:425,0
DA:428,9
DA:429,0
DA:430,0
DA:431,0
DA:436,9
DA:437,0
DA:440,9
DA:447,9
DA:449,9
DA:450,0
DA:451,9
DA:452,0
DA:453,9
DA:454,3
DA:455,6
DA:456,0
DA:459,9
DA:460,3
DA:463,6
DA:470,9
DA:472,9
DA:474,9
DA:480,0
DA:492,0
DA:495,0
DA:496,0
DA:500,0
DA:507,0
DA:508,0
DA:515,0
DA:516,0
DA:519,0
DA:520,0
DA:521,0
DA:523,0
DA:524,0
DA:525,0
DA:526,0
DA:536,1
DA:537,0
DA:540,1
DA:541,1
DA:544,3
DA:545,1
DA:546,1
DA:547,1
DA:551,1
DA:552,3
DA:554,1
DA:555,1
DA:559,3
DA:560,1
DA:561,0
DA:565,3
DA:566,1
DA:567,0
DA:570,1
LF:208
LH:124
BRDA:19,0,0,15
BRDA:30,1,0,10
BRDA:31,2,0,1
BRDA:31,2,1,9
BRDA:51,3,0,0
BRDA:51,3,1,9
BRDA:126,4,0,5
BRDA:126,4,1,27
BRDA:135,5,0,0
BRDA:135,5,1,36
BRDA:144,6,0,1
BRDA:144,6,1,35
BRDA:151,7,0,1
BRDA:151,7,1,8
BRDA:151,8,0,1
BRDA:151,8,1,7
BRDA:175,9,0,5
BRDA:175,9,1,5
BRDA:175,10,0,10
BRDA:175,10,1,9
BRDA:178,11,0,14
BRDA:178,11,1,0
BRDA:181,12,0,0
BRDA:181,12,1,5
BRDA:186,13,0,14
BRDA:186,13,1,5
BRDA:189,14,0,4
BRDA:189,14,1,1
BRDA:196,15,0,0
BRDA:196,15,1,10
BRDA:197,16,0,0
BRDA:197,16,1,0
BRDA:197,16,2,0
BRDA:197,16,3,0
BRDA:200,17,0,0
BRDA:200,17,1,0
BRDA:205,18,0,0
BRDA:205,18,1,0
BRDA:222,19,0,0
BRDA:222,19,1,10
BRDA:222,20,0,10
BRDA:222,20,1,10
BRDA:224,21,0,0
BRDA:224,21,1,0
BRDA:224,21,2,0
BRDA:245,22,0,3
BRDA:245,22,1,6
BRDA:246,23,0,0
BRDA:246,23,1,3
BRDA:250,24,0,0
BRDA:250,24,1,0
BRDA:252,25,0,0
BRDA:252,25,1,0
BRDA:264,26,0,0
BRDA:264,26,1,0
BRDA:264,27,0,0
BRDA:264,27,1,0
BRDA:273,28,0,0
BRDA:273,28,1,0
BRDA:273,29,0,0
BRDA:273,29,1,0
BRDA:299,30,0,0
BRDA:299,30,1,9
BRDA:305,31,0,0
BRDA:305,31,1,9
BRDA:311,32,0,3
BRDA:311,32,1,6
BRDA:316,33,0,9
BRDA:316,33,1,1
BRDA:328,34,0,1
BRDA:328,34,1,3
BRDA:328,34,2,1
BRDA:328,34,3,0
BRDA:328,34,4,0
BRDA:328,34,5,4
BRDA:333,35,0,2
BRDA:333,35,1,1
BRDA:340,36,0,1
BRDA:340,36,1,0
BRDA:347,37,0,0
BRDA:347,37,1,0
BRDA:352,38,0,0
BRDA:352,38,1,0
BRDA:362,39,0,0
BRDA:362,39,1,9
BRDA:362,40,0,9
BRDA:362,40,1,0
BRDA:364,41,0,0
BRDA:364,41,1,0
BRDA:371,42,0,0
BRDA:371,42,1,9
BRDA:371,43,0,9
BRDA:371,43,1,0
BRDA:386,44,0,0
BRDA:386,44,1,9
BRDA:386,45,0,9
BRDA:386,45,1,1
BRDA:390,46,0,0
BRDA:390,46,1,9
BRDA:390,47,0,9
BRDA:390,47,1,0
BRDA:394,48,0,0
BRDA:394,48,1,9
BRDA:394,49,0,9
BRDA:394,49,1,0
BRDA:399,50,0,0
BRDA:399,50,1,9
BRDA:402,51,0,0
BRDA:402,51,1,0
BRDA:405,52,0,0
BRDA:405,52,1,0
BRDA:410,53,0,0
BRDA:410,53,1,9
BRDA:423,54,0,0
BRDA:423,54,1,9
BRDA:423,55,0,9
BRDA:423,55,1,0
BRDA:428,56,0,0
BRDA:428,56,1,9
BRDA:430,57,0,0
BRDA:430,57,1,0
BRDA:436,58,0,0
BRDA:436,58,1,9
BRDA:449,59,0,0
BRDA:449,59,1,9
BRDA:449,60,0,9
BRDA:449,60,1,1
BRDA:451,61,0,0
BRDA:451,61,1,9
BRDA:451,62,0,9
BRDA:451,62,1,0
BRDA:453,63,0,3
BRDA:453,63,1,6
BRDA:455,64,0,0
BRDA:455,64,1,6
BRDA:459,65,0,3
BRDA:459,65,1,6
BRDA:495,66,0,0
BRDA:495,66,1,0
BRDA:515,67,0,0
BRDA:515,67,1,0
BRDA:520,68,0,0
BRDA:520,68,1,0
BRDA:536,69,0,0
BRDA:536,69,1,1
BRDA:545,70,0,1
BRDA:545,70,1,0
BRDA:552,71,0,3
BRDA:552,71,1,3
BRDA:554,72,0,1
BRDA:554,72,1,0
BRDA:560,73,0,0
BRDA:560,73,1,1
BRDA:560,74,0,1
BRDA:560,74,1,0
BRDA:566,75,0,0
BRDA:566,75,1,1
BRDA:566,76,0,1
BRDA:566,76,1,0
BRF:159
BRH:80
end_of_record
TN:
SF:src\utils\fileValidator.js
FN:12,(anonymous_0)
FN:43,(anonymous_1)
FN:47,(anonymous_2)
FN:57,(anonymous_3)
FN:66,(anonymous_4)
FN:72,(anonymous_5)
FN:88,(anonymous_6)
FN:109,(anonymous_7)
FN:124,(anonymous_8)
FN:137,(anonymous_9)
FN:144,(anonymous_10)
FN:161,(anonymous_11)
FN:178,(anonymous_12)
FN:179,(anonymous_13)
FN:180,(anonymous_14)
FN:200,(anonymous_15)
FN:203,(anonymous_16)
FN:219,(anonymous_17)
FN:265,(anonymous_18)
FN:277,(anonymous_19)
FN:280,(anonymous_20)
FNF:21
FNH:21
FNDA:5,(anonymous_0)
FNDA:7,(anonymous_1)
FNDA:16,(anonymous_2)
FNDA:17,(anonymous_3)
FNDA:17,(anonymous_4)
FNDA:59,(anonymous_5)
FNDA:23,(anonymous_6)
FNDA:10,(anonymous_7)
FNDA:2,(anonymous_8)
FNDA:4,(anonymous_9)
FNDA:12,(anonymous_10)
FNDA:1,(anonymous_11)
FNDA:2,(anonymous_12)
FNDA:4,(anonymous_13)
FNDA:6,(anonymous_14)
FNDA:6,(anonymous_15)
FNDA:15,(anonymous_16)
FNDA:77,(anonymous_17)
FNDA:5,(anonymous_18)
FNDA:27,(anonymous_19)
FNDA:27,(anonymous_20)
DA:13,5
DA:16,5
DA:17,1
DA:18,1
DA:22,5
DA:23,5
DA:24,1
DA:25,1
DA:29,5
DA:30,5
DA:31,1
DA:32,1
DA:35,5
DA:44,7
DA:46,7
DA:47,16
DA:50,7
DA:51,2
DA:52,2
DA:53,2
DA:57,17
DA:59,5
DA:60,0
DA:61,0
DA:62,0
DA:66,5
DA:67,17
DA:68,1
DA:72,59
DA:73,17
DA:74,2
DA:79,5
DA:80,1
DA:84,5
DA:85,4
DA:87,4
DA:88,23
DA:90,7
DA:91,2
DA:97,0
DA:98,0
DA:101,5
DA:111,10
DA:125,2
DA:126,2
DA:127,2
DA:128,2
DA:129,2
DA:138,4
DA:139,4
DA:141,4
DA:142,4
DA:144,4
DA:145,12
DA:146,12
DA:147,3
DA:148,3
DA:152,4
DA:163,1
DA:164,1
DA:165,1
DA:179,4
DA:180,6
DA:182,2
DA:191,2
DA:201,6
DA:203,6
DA:204,15
DA:212,15
DA:213,15
DA:214,15
DA:215,15
DA:216,15
DA:218,15
DA:219,77
DA:220,31
DA:222,31
DA:223,1
DA:224,1
DA:227,30
DA:230,30
DA:231,13
DA:235,30
DA:236,30
DA:237,2
DA:242,15
DA:243,15
DA:244,7
DA:245,8
DA:246,1
DA:249,15
DA:250,15
DA:251,15
DA:253,15
DA:256,6
DA:266,5
DA:273,5
DA:274,5
DA:276,5
DA:277,27
DA:280,11
DA:281,27
DA:282,2
DA:287,11
DA:288,11
DA:289,1
DA:291,10
DA:295,5
LF:108
LH:103
BRDA:16,0,0,1
BRDA:16,0,1,4
BRDA:23,1,0,1
BRDA:23,1,1,4
BRDA:30,2,0,1
BRDA:30,2,1,4
BRDA:50,3,0,2
BRDA:50,3,1,5
BRDA:59,4,0,0
BRDA:59,4,1,5
BRDA:59,5,0,5
BRDA:59,5,1,5
BRDA:59,5,2,0
BRDA:67,6,0,1
BRDA:67,6,1,16
BRDA:73,7,0,2
BRDA:73,7,1,15
BRDA:79,8,0,1
BRDA:79,8,1,4
BRDA:84,9,0,4
BRDA:84,9,1,1
BRDA:90,10,0,2
BRDA:90,10,1,5
BRDA:125,11,0,0
BRDA:125,11,1,2
BRDA:145,12,0,12
BRDA:145,12,1,9
BRDA:146,13,0,3
BRDA:146,13,1,9
BRDA:222,14,0,1
BRDA:222,14,1,30
BRDA:222,15,0,31
BRDA:222,15,1,30
BRDA:230,16,0,13
BRDA:230,16,1,17
BRDA:230,17,0,30
BRDA:230,17,1,13
BRDA:236,18,0,2
BRDA:236,18,1,28
BRDA:243,19,0,7
BRDA:243,19,1,8
BRDA:245,20,0,1
BRDA:245,20,1,7
BRDA:281,21,0,2
BRDA:281,21,1,25
BRDA:281,22,0,27
BRDA:281,22,1,25
BRDA:288,23,0,1
BRDA:288,23,1,10
BRF:49
BRH:46
end_of_record
